0 junit.framework.JUnit4TestCaseFacade:toString
1 junit.framework.JUnit4TestCaseFacade:getDescription
2 org.junit.experimental.theories.suppliers.TestedOnSupplier:getValueSources
3 org.junit.experimental.theories.ParameterSignature:getAnnotation
4 junit.textui.ResultPrinter:printFooter
5 junit.framework.TestResult:errorCount
6 org.junit.internal.runners.statements.ExpectException:evaluate
7 org.junit.runners.model.Statement:evaluate
8 org.junit.experimental.max.MaxCore:getMalformedTestClass
9 org.junit.runner.Description:toString
10 junit.framework.TestCase:runBare
11 junit.framework.TestCase:tearDown
12 org.junit.runner.JUnitCore:run
13 org.junit.runner.Runner:run
14 org.junit.runners.Parameterized:getParametersMethod
15 org.junit.runners.model.TestClass:getAnnotatedMethods
16 junit.textui.TestRunner:start
17 junit.textui.TestRunner:extractClassName
18 org.junit.experimental.theories.internal.AllMembersSupplier:addMultiPointMethods
19 org.junit.experimental.theories.Theories:validateDataPointFields
20 org.junit.experimental.theories.Theories:getTestClass
21 org.junit.runners.model.RunnerBuilder:safeRunnerForClass
22 org.junit.runners.model.RunnerBuilder:runnerForClass
23 junit.framework.JUnit4TestAdapterCache:asTest
24 org.junit.runner.Description:isSuite
25 org.junit.runners.BlockJUnit4ClassRunner:validateConstructor
26 org.junit.runners.BlockJUnit4ClassRunner:validateOnlyOneConstructor
27 junit.framework.TestResult:runProtected
28 junit.framework.TestResult:addError
29 org.junit.internal.runners.JUnit4ClassRunner:filter
30 org.junit.internal.runners.JUnit4ClassRunner:methodDescription
31 org.junit.runners.Suite:runChild
32 org.junit.internal.TextListener:testRunFinished
33 org.junit.runner.Result:getRunTime
34 junit.framework.TestSuite:toString
35 junit.framework.TestSuite:getName
36 junit.textui.ResultPrinter:printHeader
37 junit.textui.ResultPrinter:elapsedTimeAsString
38 org.junit.internal.runners.MethodRoadie:run
39 org.junit.internal.runners.TestMethod:isIgnored
40 org.junit.internal.runners.JUnit38ClassRunner:makeDescription
41 junit.framework.TestCase:getName
42 org.junit.Assert:assertArrayEquals
43 org.junit.internal.InexactComparisonCriteria:arrayEquals
44 org.junit.experimental.max.MaxHistory:getTestDuration
45 org.junit.internal.runners.JUnit4ClassRunner:invokeTestMethod
46 org.junit.runner.JUnitCore:removeListener
47 org.junit.runner.notification.RunNotifier:removeListener
48 org.junit.internal.runners.ErrorReportingRunner:runCause
49 org.junit.runner.notification.RunNotifier:fireTestFailure
50 junit.textui.ResultPrinter:printDefectHeader
51 junit.textui.ResultPrinter:getWriter
52 org.junit.runners.ParentRunner:classBlock
53 org.junit.runners.ParentRunner:childrenInvoker
54 junit.framework.JUnit4TestAdapterCache:createTest
55 org.junit.internal.TextListener:printFailures
56 org.junit.runner.Result:getFailures
57 junit.textui.ResultPrinter:print
58 org.junit.experimental.max.MaxCore:buildRunner
59 org.junit.runner.Description:getTestClass
60 org.junit.experimental.max.MaxHistory:putTestFailureTimestamp
61 junit.runner.BaseTestRunner:startTest
62 junit.runner.BaseTestRunner:testStarted
63 org.junit.runners.BlockJUnit4ClassRunner:runNotIgnored
64 org.junit.internal.runners.model.EachTestNotifier:addFailedAssumption
65 org.junit.runners.BlockJUnit4ClassRunner:methodBlock
66 org.junit.runners.BlockJUnit4ClassRunner:collectInitializationErrors
67 org.junit.runners.BlockJUnit4ClassRunner:validateInstanceMethods
68 org.junit.internal.runners.JUnit4ClassRunner:run
69 org.junit.internal.runners.ClassRoadie:runProtected
70 org.junit.runners.BlockJUnit4ClassRunner:withAfters
71 org.junit.runners.BlockJUnit4ClassRunner:getTestClass
72 org.junit.rules.ErrorCollector:checkSucceeds
73 org.junit.rules.ErrorCollector:addError
74 org.junit.internal.runners.JUnit4ClassRunner:validate
75 org.junit.internal.runners.MethodValidator:assertValid
76 org.junit.internal.runners.statements.RunAfters:evaluate
77 org.junit.experimental.theories.internal.Assignments:potentialsForNextUnassigned
78 org.junit.experimental.theories.internal.Assignments:nextUnassigned
79 org.junit.internal.runners.MethodValidator:validateInstanceMethods
80 org.junit.internal.runners.TestClass:getAnnotatedMethods
81 org.junit.runner.Runner:getDescription
82 org.junit.runner.notification.Failure:getTrace
83 org.junit.runner.notification.Failure:getException
84 org.junit.runners.BlockJUnit4ClassRunner:possiblyExpectingExceptions
85 org.junit.runners.model.FrameworkMethod:getAnnotation
86 org.junit.experimental.max.MaxCore:sortedLeavesForTest
87 org.junit.experimental.max.MaxCore:sortRequest
88 junit.extensions.TestDecorator:run
89 junit.extensions.TestDecorator:basicRun
90 org.junit.internal.runners.JUnit4ClassRunner:classAnnotations
91 org.junit.internal.runners.TestClass:getJavaClass
92 org.junit.internal.builders.AllDefaultPossibilitiesBuilder:runnerForClass
93 org.junit.internal.builders.AllDefaultPossibilitiesBuilder:ignoredBuilder
94 org.junit.runner.Description:getMethodName
95 org.junit.internal.TextListener:printFailure
96 junit.framework.TestSuite:addTest
97 org.junit.runner.Result:wasSuccessful
98 org.junit.runner.Result:getFailureCount
99 org.junit.experimental.theories.internal.AllMembersSupplier:addFields
100 org.junit.experimental.theories.ParameterSignature:canAcceptArrayType
101 junit.framework.JUnit4TestAdapter:sort
102 org.junit.runner.manipulation.Sorter:apply
103 junit.runner.BaseTestRunner:addFailure
104 junit.runner.BaseTestRunner:testFailed
105 org.junit.runner.Description:getDisplayName
106 org.junit.runner.Description:testCount
107 org.junit.runner.Description:getChildren
108 org.junit.internal.runners.JUnit4ClassRunner:getDescription
109 junit.textui.ResultPrinter:startTest
110 org.junit.runners.BlockJUnit4ClassRunner:createTest
111 org.junit.internal.runners.ClassRoadie:runAfters
112 org.junit.internal.runners.TestClass:getAfters
113 junit.framework.JUnit4TestAdapter:run
114 org.junit.internal.runners.MethodValidator:validateMethodsForDefaultRunner
115 org.junit.runner.Description:methodStringMatcher
116 org.junit.experimental.theories.internal.Assignments:getConstructorArguments
117 org.junit.experimental.theories.internal.Assignments:getActualValues
118 org.junit.runners.model.TestClass:getAnnotatedFieldValues
119 org.junit.runners.model.FrameworkField:get
120 org.junit.internal.runners.TestMethod:isUnexpected
121 org.junit.internal.runners.TestMethod:getExpectedException
122 junit.textui.TestRunner:runAndWait
123 junit.textui.TestRunner:doRun
124 org.junit.runner.Description:isEmpty
125 org.junit.runner.Description:equals
126 junit.framework.TestFailure:isFailure
127 junit.framework.TestFailure:thrownException
128 org.junit.internal.runners.JUnit38ClassRunner:filter
129 org.junit.runners.model.TestClass:addToAnnotationLists
130 org.junit.runners.model.FrameworkMember:isShadowedBy
131 org.junit.internal.runners.MethodValidator:validateNoArgConstructor
132 org.junit.internal.runners.TestClass:getConstructor
133 org.junit.rules.TestName:starting
134 org.junit.runners.model.FrameworkMethod:getName
135 junit.textui.ResultPrinter:printDefectTrace
136 junit.extensions.ActiveTestSuite:run
137 junit.extensions.ActiveTestSuite:waitUntilFinished
138 junit.framework.JUnit4TestAdapter:removeIgnored
139 org.junit.experimental.theories.Theories:validateTestMethods
140 org.junit.internal.runners.MethodRoadie:runTestMethod
141 org.junit.rules.ExpectedException:expect
142 org.junit.internal.matchers.CombinableMatcher:and
143 org.junit.runners.ParentRunner:sortChild
144 org.junit.internal.runners.MethodRoadie:runWithTimeout
145 org.junit.internal.runners.MethodRoadie:runBeforesThenTestThenAfters
146 org.junit.experimental.theories.PotentialAssignment:getValue
147 junit.framework.TestSuite:run
148 junit.framework.TestSuite:runTest
149 org.junit.internal.requests.FilterRequest:getRunner
150 org.junit.runner.Request:getRunner
151 junit.textui.ResultPrinter:printErrors
152 org.junit.internal.requests.SortingRequest:getRunner
153 org.junit.experimental.max.MaxHistory:isNewTest
154 org.junit.experimental.max.MaxCore:run
155 junit.framework.TestResult:errors
156 org.junit.runners.BlockJUnit4ClassRunner:testName
157 org.junit.internal.runners.model.EachTestNotifier:addFailure
158 org.junit.runner.Description:getClassName
159 org.junit.runners.model.TestClass:getJavaClass
160 junit.framework.JUnit4TestAdapterCache:containsKey
161 org.junit.internal.runners.JUnit4ClassRunner:getTestMethods
162 org.junit.internal.runners.TestClass:getTestMethods
163 org.junit.internal.runners.MethodRoadie:runBefores
164 org.junit.internal.runners.TestMethod:getBefores
165 org.junit.experimental.results.PrintableResult:failureCount
166 junit.textui.TestRunner:pause
167 org.junit.experimental.max.MaxHistory:testComparator
168 org.junit.runner.notification.RunNotifier:fireTestFinished
169 junit.framework.TestCase:run
170 junit.framework.TestCase:createResult
171 junit.textui.ResultPrinter:printDefects
172 org.junit.internal.runners.MethodValidator:validateStaticMethods
173 junit.runner.BaseTestRunner:getTest
174 junit.runner.BaseTestRunner:clearStatus
175 org.junit.runner.JUnitCore:addListener
176 org.junit.runner.manipulation.Filter:shouldRun
177 org.junit.internal.TextListener:printFooter
178 org.junit.experimental.theories.Theories:validateConstructor
179 org.junit.experimental.theories.Theories:validateOnlyOneConstructor
180 org.junit.rules.ErrorCollector:checkThat
181 junit.textui.TestRunner:runSingleMethod
182 junit.textui.TestRunner:loadSuiteClass
183 junit.framework.TestResult:runCount
184 org.junit.runners.ParentRunner:shouldRun
185 org.junit.runners.ParentRunner:describeChild
186 org.junit.rules.ExpectedException:expectMessage
187 org.junit.runner.Description:addChild
188 org.junit.internal.runners.model.EachTestNotifier:addMultipleFailureException
189 org.junit.internal.builders.SuiteMethodBuilder:runnerForClass
190 org.junit.internal.builders.SuiteMethodBuilder:hasSuiteMethod
191 org.junit.runner.notification.RunNotifier:fireTestRunFinished
192 org.junit.experimental.theories.internal.Assignments:getArgumentStrings
193 org.junit.experimental.theories.PotentialAssignment:getDescription
194 org.junit.runners.BlockJUnit4ClassRunner:describeChild
195 org.junit.runners.model.FrameworkMethod:getAnnotations
196 org.junit.internal.runners.MethodRoadie:addFailure
197 org.junit.experimental.results.PrintableResult:toString
198 org.junit.runners.ParentRunner:withBeforeClasses
199 junit.textui.ResultPrinter:printWaitPrompt
200 org.junit.runners.ParentRunner:getFilteredChildren
201 org.junit.runners.ParentRunner:getChildren
202 org.junit.experimental.theories.internal.AllMembersSupplier:addSinglePointMethods
203 org.junit.experimental.theories.ParameterSignature:getType
204 org.junit.internal.matchers.SubstringMatcher:matchesSafely
205 org.junit.internal.matchers.SubstringMatcher:evalSubstringOf
206 org.junit.internal.runners.statements.RunBefores:evaluate
207 org.junit.runners.model.FrameworkMethod:invokeExplosively
208 org.junit.runners.ParentRunner:run
209 org.junit.internal.runners.model.EachTestNotifier:fireTestIgnored
210 org.junit.internal.runners.JUnit4ClassRunner:getName
211 junit.framework.TestResult:run
212 org.junit.internal.ComparisonCriteria:arrayEquals
213 org.junit.internal.ComparisonCriteria:assertElementsEqual
214 org.junit.internal.runners.model.EachTestNotifier:fireTestStarted
215 org.junit.runners.BlockJUnit4ClassRunner:computeTestMethods
216 org.junit.runner.JUnitCore:runMain
217 junit.textui.ResultPrinter:printFailures
218 junit.framework.TestResult:failureCount
219 junit.framework.TestFailure:trace
220 junit.framework.JUnit4TestAdapter:filter
221 org.junit.runner.manipulation.Filter:apply
222 junit.framework.TestSuite:testAt
223 junit.textui.ResultPrinter:addFailure
224 org.junit.runners.model.RunnerBuilder:runners
225 junit.framework.JUnit4TestAdapterCache:asTestList
226 junit.framework.TestResult:endTest
227 org.junit.internal.runners.MethodRoadie:runAfters
228 org.junit.internal.runners.TestMethod:getAfters
229 org.junit.experimental.theories.internal.Assignments:getAllArguments
230 junit.textui.TestRunner:createTestResult
231 junit.textui.ResultPrinter:printDefect
232 org.junit.experimental.theories.internal.Assignments:getAnnotatedSupplier
233 org.junit.experimental.theories.ParameterSignature:findDeepAnnotation
234 org.junit.internal.runners.MethodValidator:validateTestMethods
235 org.junit.internal.runners.JUnit38ClassRunner:createSuiteDescription
236 junit.framework.TestSuite:countTestCases
237 org.junit.experimental.theories.internal.Assignments:getSupplier
238 org.junit.internal.builders.IgnoredClassRunner:run
239 org.junit.runner.notification.RunNotifier:fireTestIgnored
240 junit.textui.TestRunner:main
241 junit.framework.TestResult:wasSuccessful
242 org.junit.runners.ParentRunner:withAfterClasses
243 junit.extensions.ActiveTestSuite:testCount
244 org.junit.runners.BlockJUnit4ClassRunner:withBefores
245 org.junit.runners.model.TestClass:getOnlyConstructor
246 junit.framework.TestCase:setUp
247 org.junit.experimental.theories.ParameterSupplier:getValueSources
248 org.junit.internal.runners.JUnit38ClassRunner:run
249 org.junit.internal.runners.JUnit38ClassRunner:createAdaptingListener
250 org.junit.runner.Description:childlessCopy
251 org.junit.internal.runners.ClassRoadie:addFailure
252 org.junit.internal.matchers.SubstringMatcher:describeTo
253 org.junit.internal.matchers.SubstringMatcher:relationship
254 org.junit.internal.runners.model.EachTestNotifier:fireTestFinished
255 org.junit.runner.notification.RunNotifier:fireTestStarted
256 junit.framework.TestSuite:addTestSuite
257 org.junit.experimental.theories.ParameterSignature:getAnnotations
258 org.junit.internal.TextListener:printHeader
259 junit.runner.BaseTestRunner:loadSuiteClass
260 junit.framework.TestFailure:exceptionMessage
261 junit.textui.ResultPrinter:addError
262 org.junit.internal.runners.TestMethod:expectsException
263 org.junit.internal.runners.MethodRoadie:runTest
264 junit.framework.JUnit4TestAdapter:countTestCases
265 org.junit.runner.Runner:testCount
266 org.junit.runners.model.FrameworkMethod:validatePublicVoidNoArg
267 org.junit.runners.BlockJUnit4ClassRunner:validateFields
268 org.junit.runners.model.TestClass:getAnnotatedFields
269 org.junit.experimental.max.MaxHistory:listener
270 org.junit.runner.Description:hashCode
271 org.junit.runners.model.FrameworkMember:getAnnotations
272 org.junit.internal.runners.JUnit4ClassRunner:testAnnotations
273 org.junit.internal.runners.ClassRoadie:runUnprotected
274 org.junit.runners.BlockJUnit4ClassRunner:validatePublicVoidNoArgMethods
275 org.junit.runners.model.FrameworkMethod:getMethod
276 org.junit.runners.ParentRunner:getDescription
277 org.junit.runners.model.TestClass:getAnnotations
278 org.junit.experimental.theories.internal.Assignments:getMethodArguments
279 org.junit.experimental.theories.ParameterSignature:canAcceptType
280 org.junit.runner.notification.RunNotifier:fireTestAssumptionFailed
281 org.junit.internal.runners.TestClass:getName
282 org.junit.internal.runners.JUnit4ClassRunner:testAborted
283 junit.framework.TestResult:addListener
284 org.junit.internal.runners.TestMethod:getTimeout
285 org.junit.runners.BlockJUnit4ClassRunner:validateTestMethods
286 org.junit.runners.BlockJUnit4ClassRunner:runChild
287 org.junit.runners.BlockJUnit4ClassRunner:makeNotifier
288 junit.framework.TestFailure:failedTest
289 org.junit.experimental.max.MaxCore:findLeaves
290 org.junit.internal.runners.TestClass:getBefores
291 org.junit.internal.builders.AnnotatedBuilder:runnerForClass
292 org.junit.internal.builders.AnnotatedBuilder:buildRunner
293 org.junit.internal.runners.JUnit4ClassRunner:createTest
294 org.junit.internal.runners.JUnit4ClassRunner:getTestClass
295 junit.framework.TestResult:failures
296 org.junit.experimental.theories.Theories:methodBlock
297 org.junit.experimental.theories.Theories:computeTestMethods
298 org.junit.runners.BlockJUnit4ClassRunner:getChildren
299 org.junit.runners.BlockJUnit4ClassRunner:methodInvoker
300 junit.framework.TestSuite:addTestsFromTestCase
301 org.junit.runner.notification.Failure:toString
302 org.junit.runner.notification.Failure:getTestHeader
303 org.junit.runners.ParentRunner:collectInitializationErrors
304 org.junit.runners.ParentRunner:validatePublicVoidNoArgMethods
305 org.junit.runner.notification.RunNotifier:addFirstListener
306 junit.extensions.RepeatedTest:run
307 junit.framework.TestResult:shouldStop
308 junit.framework.TestResult:addFailure
309 org.junit.runner.Description:isTest
310 org.junit.experimental.theories.internal.Assignments:allUnassigned
311 org.junit.runners.BlockJUnit4ClassRunner:validateZeroArgConstructor
312 org.junit.internal.runners.ErrorReportingRunner:getCauses
313 org.junit.runners.model.InitializationError:getCauses
314 org.junit.experimental.results.FailureList:result
315 org.junit.runner.notification.RunListener:testFailure
316 org.junit.internal.runners.InitializationError:getCauses
317 org.junit.internal.builders.AllDefaultPossibilitiesBuilder:annotatedBuilder
318 junit.textui.TestRunner:run
319 org.junit.Assert:internalArrayEquals
320 org.junit.internal.ExactComparisonCriteria:arrayEquals
321 org.junit.runner.notification.Failure:getMessage
322 org.junit.runners.ParentRunner:getName
323 org.junit.runners.model.TestClass:getName
324 junit.framework.JUnit4TestAdapterCache:put
325 org.junit.runners.model.FrameworkMethod:producesType
326 org.junit.internal.runners.ClassRoadie:runBefores
327 junit.framework.TestSuite:addTestMethod
328 org.junit.experimental.max.MaxHistory:getFailureTimestamp
329 junit.extensions.TestSetup:run
330 org.junit.internal.runners.JUnit4ClassRunner:wrapMethod
331 org.junit.runners.model.FrameworkMethod:isShadowedBy
332 org.junit.runners.ParentRunner:filter
333 org.junit.internal.ArrayComparisonFailure:addDimension
334 junit.runner.BaseTestRunner:endTest
335 junit.runner.BaseTestRunner:testEnded
336 junit.framework.JUnit4TestAdapterCache:get
337 junit.framework.JUnit4TestAdapterCache:getNotifier
338 junit.framework.TestCase:runTest
339 junit.runner.BaseTestRunner:processArguments
340 junit.runner.BaseTestRunner:extractClassName
341 junit.framework.TestCase:toString
342 org.junit.runners.BlockJUnit4ClassRunner:hasOneConstructor
343 org.junit.internal.runners.ErrorReportingRunner:getDescription
344 org.junit.runner.Result:createListener
345 org.junit.internal.TextListener:elapsedTimeAsString
346 org.junit.runners.ParentRunner:filterChild
347 org.junit.runners.Suite:describeChild
348 org.junit.runners.BlockJUnit4ClassRunner:withPotentialTimeout
349 org.junit.runners.model.RunnerBuilder:removeParent
350 org.junit.runner.notification.RunNotifier:addListener
351 org.junit.internal.builders.JUnit3Builder:runnerForClass
352 org.junit.internal.builders.JUnit3Builder:isPre4Test
353 junit.framework.TestSuite:testCount
354 org.junit.runners.Parameterized:getParametersList
355 org.junit.runners.model.RunnerBuilder:addParent
356 junit.runner.BaseTestRunner:setLoading
357 org.junit.runners.model.FrameworkMethod:validatePublicVoid
358 junit.framework.JUnit4TestAdapter:isIgnored
359 org.junit.runner.Description:getAnnotation
360 org.junit.internal.runners.statements.InvokeMethod:evaluate
361 org.junit.experimental.theories.ParameterSignature:hasAnnotation
362 org.junit.runner.Request:classes
363 org.junit.runner.Computer:getSuite
364 org.junit.internal.runners.model.MultipleFailureException:getFailures
365 org.junit.internal.matchers.TypeSafeMatcher:matches
366 org.junit.internal.matchers.TypeSafeMatcher:matchesSafely
367 org.junit.internal.runners.TestMethod:invoke
368 junit.runner.BaseTestRunner:addError
369 org.junit.runner.Result:getRunCount
370 org.junit.runners.BlockJUnit4ClassRunner:runIgnored
371 junit.framework.ComparisonFailure:getMessage
372 junit.framework.ComparisonCompactor:compact
373 org.junit.runners.ParentRunner:getTestClass
374 org.junit.experimental.max.MaxHistory:putTestDuration
375 org.junit.internal.ArrayComparisonFailure:toString
376 org.junit.internal.ArrayComparisonFailure:getMessage
377 junit.framework.TestResult:startTest
378 org.junit.experimental.max.MaxHistory:forFolder
379 org.junit.experimental.max.CouldNotReadCoreException:printStackTrace
380 org.junit.runner.Request:method
381 org.junit.runner.Request:filterWith
382 org.junit.runners.BlockJUnit4ClassRunner:withRules
383 org.junit.internal.runners.JUnit4ClassRunner:testName
384 junit.extensions.TestDecorator:getTest
385 org.junit.internal.requests.ClassRequest:getRunner
386 org.junit.internal.builders.AllDefaultPossibilitiesBuilder:safeRunnerForClass
387 org.junit.runner.manipulation.Filter:describe
388 org.junit.experimental.theories.internal.ParameterizedAssertionError:equals
389 org.junit.experimental.theories.internal.ParameterizedAssertionError:toString
390 org.junit.internal.builders.AllDefaultPossibilitiesBuilder:suiteMethodBuilder
391 org.junit.runners.ParentRunner:validate
392 org.junit.internal.builders.AllDefaultPossibilitiesBuilder:junit3Builder
393 junit.runner.BaseTestRunner:runFailed
394 junit.textui.TestRunner:getTest
395 org.junit.internal.runners.JUnit4ClassRunner:runMethods
396 junit.framework.JUnit4TestAdapter:getTests
397 org.junit.runner.JUnitCore:runClasses
398 org.junit.runner.Computer:getRunner
399 junit.framework.JUnit4TestAdapter:getDescription
400 org.junit.runner.notification.RunNotifier:fireTestRunStarted
401 org.junit.internal.runners.model.ReflectiveCallable:run
402 org.junit.internal.runners.model.ReflectiveCallable:runReflectiveCall
403 org.junit.experimental.ParallelComputer:parallelize
404 org.junit.runners.ParentRunner:setScheduler
405 org.junit.rules.TemporaryFolder:before
406 org.junit.rules.TemporaryFolder:create
407 org.junit.internal.builders.AllDefaultPossibilitiesBuilder:junit4Builder
408 org.junit.experimental.theories.internal.Assignments:getConstructorParameterCount
409 junit.framework.TestSuite:createTest
410 junit.framework.TestCase:setName
411 org.junit.internal.builders.IgnoredClassRunner:getDescription
412 org.junit.runners.model.FrameworkField:isShadowedBy
413 org.junit.runners.model.FrameworkField:getField
414 org.junit.rules.TemporaryFolder:after
415 org.junit.rules.TemporaryFolder:delete
416 org.junit.runner.JUnitCore:runMainAndExit
