0 org.junit.runners.ParentRunner:withClassRules
1 org.junit.runners.ParentRunner:classRules
2 junit.framework.JUnit4TestCaseFacade:toString
3 junit.framework.JUnit4TestCaseFacade:getDescription
4 org.junit.experimental.theories.suppliers.TestedOnSupplier:getValueSources
5 org.junit.experimental.theories.ParameterSignature:getAnnotation
6 org.junit.rules.ExpectedException:isAnyExceptionExpected
7 org.junit.rules.ExpectedExceptionMatcherBuilder:expectsThrowable
8 junit.textui.ResultPrinter:printFooter
9 junit.framework.TestResult:errorCount
10 org.junit.internal.runners.statements.ExpectException:evaluate
11 org.junit.runners.model.Statement:evaluate
12 org.junit.experimental.max.MaxCore:getMalformedTestClass
13 org.junit.runner.Description:toString
14 org.junit.runners.model.TestClass:getAnnotatedMethodValues
15 org.junit.runners.model.FrameworkMethod:invokeExplosively
16 org.junit.runner.JUnitCore:run
17 org.junit.runner.Runner:run
18 junit.framework.TestCase:runBare
19 junit.framework.TestCase:tearDown
20 org.junit.runners.Parameterized:getParametersMethod
21 org.junit.runners.model.TestClass:getAnnotatedMethods
22 junit.textui.TestRunner:start
23 junit.textui.TestRunner:extractClassName
24 org.junit.runners.model.RunnerBuilder:safeRunnerForClass
25 org.junit.runners.model.RunnerBuilder:runnerForClass
26 org.junit.experimental.theories.Theories:validateDataPointFields
27 org.junit.experimental.theories.Theories:getTestClass
28 junit.framework.JUnit4TestAdapterCache:asTest
29 org.junit.runner.Description:isSuite
30 org.junit.internal.MethodSorter:getSorter
31 org.junit.runners.MethodSorters:getComparator
32 org.junit.runners.BlockJUnit4ClassRunner:validateConstructor
33 org.junit.runners.BlockJUnit4ClassRunner:validateOnlyOneConstructor
34 org.junit.experimental.categories.CategoryValidator:validateAnnotatedMethod
35 org.junit.runners.model.FrameworkMethod:getAnnotations
36 org.junit.runners.Suite:runChild
37 org.junit.internal.runners.JUnit4ClassRunner:filter
38 org.junit.internal.runners.JUnit4ClassRunner:methodDescription
39 junit.framework.TestResult:runProtected
40 junit.framework.TestResult:addError
41 org.junit.runners.model.TestClass:getAnnotatedFieldValues
42 org.junit.internal.TextListener:testRunFinished
43 org.junit.runner.Result:getRunTime
44 junit.framework.TestSuite:toString
45 junit.framework.TestSuite:getName
46 junit.textui.ResultPrinter:printHeader
47 junit.textui.ResultPrinter:elapsedTimeAsString
48 org.junit.internal.runners.MethodRoadie:run
49 org.junit.internal.runners.TestMethod:isIgnored
50 org.junit.internal.runners.JUnit38ClassRunner:makeDescription
51 junit.framework.TestCase:getName
52 org.junit.Assert:assertArrayEquals
53 org.junit.internal.InexactComparisonCriteria:arrayEquals
54 org.junit.experimental.max.MaxHistory:getTestDuration
55 org.junit.internal.runners.JUnit4ClassRunner:invokeTestMethod
56 org.junit.runner.JUnitCore:removeListener
57 org.junit.runner.notification.RunNotifier:removeListener
58 org.junit.internal.runners.ErrorReportingRunner:runCause
59 org.junit.runner.notification.RunNotifier:fireTestFailure
60 junit.textui.ResultPrinter:printDefectHeader
61 junit.textui.ResultPrinter:getWriter
62 org.junit.runners.ParentRunner:classBlock
63 org.junit.runners.ParentRunner:childrenInvoker
64 org.junit.runners.BlockJUnit4ClassRunner:withRules
65 org.junit.runners.BlockJUnit4ClassRunner:getTestRules
66 org.junit.runners.MethodSorters:values
67 org.junit.runners.MethodSorters[]:clone
68 org.junit.internal.TextListener:printFailures
69 org.junit.runner.Result:getFailures
70 junit.framework.JUnit4TestAdapterCache:createTest
71 org.junit.experimental.max.MaxCore:buildRunner
72 org.junit.runner.Description:getTestClass
73 junit.textui.ResultPrinter:print
74 org.junit.experimental.max.MaxHistory:putTestFailureTimestamp
75 org.junit.runners.parameterized.BlockJUnit4ClassRunnerWithParameters:createTestUsingConstructorInjection
76 org.junit.runners.parameterized.BlockJUnit4ClassRunnerWithParameters:getTestClass
77 org.junit.runners.BlockJUnit4ClassRunner:getMethodRules
78 org.junit.runners.BlockJUnit4ClassRunner:rules
79 junit.runner.BaseTestRunner:startTest
80 junit.runner.BaseTestRunner:testStarted
81 org.junit.runners.BlockJUnit4ClassRunner:collectInitializationErrors
82 org.junit.runners.BlockJUnit4ClassRunner:validateInstanceMethods
83 org.junit.runners.ParentRunner:getRunnerAnnotations
84 org.junit.runners.model.TestClass:getAnnotations
85 org.junit.internal.runners.JUnit4ClassRunner:run
86 org.junit.internal.runners.ClassRoadie:runProtected
87 org.junit.rules.TestWatcher:failedQuietly
88 org.junit.rules.TestWatcher:failed
89 org.junit.runners.BlockJUnit4ClassRunner:withAfters
90 org.junit.runners.BlockJUnit4ClassRunner:getTestClass
91 org.junit.runners.model.FrameworkMethod:isPublic
92 org.junit.rules.ErrorCollector:checkSucceeds
93 org.junit.rules.ErrorCollector:addError
94 org.junit.internal.runners.JUnit4ClassRunner:validate
95 org.junit.internal.runners.MethodValidator:assertValid
96 org.junit.internal.runners.statements.RunAfters:evaluate
97 org.junit.internal.runners.MethodValidator:validateInstanceMethods
98 org.junit.internal.runners.TestClass:getAnnotatedMethods
99 org.junit.experimental.theories.internal.Assignments:potentialsForNextUnassigned
100 org.junit.experimental.theories.internal.Assignments:nextUnassigned
101 org.junit.runner.Runner:getDescription
102 org.junit.runner.notification.Failure:getTrace
103 org.junit.runner.notification.Failure:getException
104 org.junit.rules.RuleChain:outerRule
105 org.junit.rules.RuleChain:around
106 org.junit.runners.BlockJUnit4ClassRunner:possiblyExpectingExceptions
107 org.junit.runners.model.FrameworkMethod:getAnnotation
108 org.junit.experimental.max.MaxCore:sortedLeavesForTest
109 org.junit.experimental.max.MaxCore:sortRequest
110 junit.extensions.TestDecorator:run
111 junit.extensions.TestDecorator:basicRun
112 org.junit.internal.runners.JUnit4ClassRunner:classAnnotations
113 org.junit.internal.runners.TestClass:getJavaClass
114 org.junit.runners.BlockJUnit4ClassRunner:validateNoNonStaticInnerClass
115 org.junit.internal.builders.AllDefaultPossibilitiesBuilder:runnerForClass
116 org.junit.internal.builders.AllDefaultPossibilitiesBuilder:ignoredBuilder
117 org.junit.runners.model.FrameworkField:isShadowedBy
118 org.junit.runners.model.FrameworkField:getName
119 org.junit.runner.Description:getMethodName
120 org.junit.experimental.theories.internal.Assignments:generateAssignmentsFromTypeAlone
121 org.junit.experimental.theories.internal.EnumSupplier:getValueSources
122 org.junit.runners.BlockJUnit4ClassRunner:runChild
123 org.junit.runners.BlockJUnit4ClassRunner:describeChild
124 org.junit.internal.TextListener:printFailure
125 org.junit.runners.ParentRunner:runLeaf
126 org.junit.internal.runners.model.EachTestNotifier:fireTestStarted
127 org.junit.runner.Result:wasSuccessful
128 org.junit.runner.Result:getFailureCount
129 junit.framework.TestSuite:addTest
130 org.junit.runners.Parameterized:allParameters
131 junit.framework.JUnit4TestAdapter:sort
132 org.junit.runner.manipulation.Sorter:apply
133 junit.runner.BaseTestRunner:addFailure
134 junit.runner.BaseTestRunner:testFailed
135 org.junit.runner.Description:getDisplayName
136 org.junit.runners.parameterized.BlockJUnit4ClassRunnerWithParameters:createTestUsingFieldInjection
137 org.junit.runners.model.FrameworkField:getField
138 org.junit.internal.runners.JUnit4ClassRunner:getDescription
139 junit.textui.ResultPrinter:startTest
140 org.junit.rules.ExpectedException:expect
141 org.junit.rules.ExpectedExceptionMatcherBuilder:add
142 org.junit.experimental.theories.internal.AllMembersSupplier:getSingleDataPointMethods
143 org.junit.experimental.categories.Categories:assertNoDescendantsHaveCategoryAnnotations
144 org.junit.runner.Description:getAnnotation
145 org.junit.runners.BlockJUnit4ClassRunner:createTest
146 org.junit.runner.notification.RunNotifier:addFirstListener
147 org.junit.runner.notification.RunNotifier:wrapIfNotThreadSafe
148 org.junit.internal.runners.ClassRoadie:runAfters
149 org.junit.internal.runners.TestClass:getAfters
150 org.junit.runner.Description:getChildren
151 org.junit.internal.runners.MethodValidator:validateMethodsForDefaultRunner
152 junit.framework.JUnit4TestAdapter:run
153 org.junit.runner.JUnitCommandLineParseResult:parseArgs
154 org.junit.runner.JUnitCommandLineParseResult:parseParameters
155 org.junit.runner.FilterFactories:createFilterFromFilterSpec
156 org.junit.internal.runners.rules.RuleMemberValidator:validate
157 org.junit.runners.Parameterized:parametersMethodReturnedWrongType
158 org.junit.runners.Parameterized:getTestClass
159 org.junit.experimental.theories.internal.Assignments:getConstructorArguments
160 org.junit.experimental.theories.internal.Assignments:getActualValues
161 org.junit.runners.model.FrameworkField:get
162 org.junit.internal.runners.TestMethod:isUnexpected
163 org.junit.internal.runners.TestMethod:getExpectedException
164 org.junit.runners.model.TestClass:isANonStaticInnerClass
165 junit.textui.TestRunner:runAndWait
166 junit.textui.TestRunner:doRun
167 org.junit.runner.Description:isEmpty
168 org.junit.runner.Description:equals
169 junit.framework.TestFailure:isFailure
170 junit.framework.TestFailure:thrownException
171 org.junit.experimental.theories.internal.SpecificDataPointsSupplier:getDataPointsFields
172 org.junit.runners.BlockJUnit4ClassRunner:validateZeroArgConstructor
173 org.junit.runners.model.TestClass:addToAnnotationLists
174 org.junit.runners.model.FrameworkMember:isShadowedBy
175 org.junit.internal.runners.JUnit38ClassRunner:filter
176 org.junit.internal.runners.MethodValidator:validateNoArgConstructor
177 org.junit.internal.runners.TestClass:getConstructor
178 junit.textui.ResultPrinter:printDefectTrace
179 junit.extensions.ActiveTestSuite:run
180 junit.extensions.ActiveTestSuite:waitUntilFinished
181 junit.framework.JUnit4TestAdapter:removeIgnored
182 org.junit.runners.parameterized.BlockJUnit4ClassRunnerWithParameters:getAnnotatedFieldsByParameter
183 org.junit.runners.model.TestClass:getAnnotatedFields
184 org.junit.experimental.theories.Theories:validateTestMethods
185 org.junit.experimental.theories.ParameterSignature:getType
186 org.junit.internal.runners.MethodRoadie:runTestMethod
187 org.junit.runners.ParentRunner:getDescription
188 org.junit.internal.runners.MethodRoadie:runWithTimeout
189 org.junit.internal.runners.MethodRoadie:runBeforesThenTestThenAfters
190 org.junit.runners.BlockJUnit4ClassRunner:withTestRules
191 org.junit.experimental.theories.PotentialAssignment:getValue
192 junit.framework.TestSuite:run
193 junit.framework.TestSuite:runTest
194 org.junit.internal.requests.FilterRequest:getRunner
195 org.junit.runner.Request:getRunner
196 org.junit.internal.requests.SortingRequest:getRunner
197 org.junit.experimental.theories.internal.SpecificDataPointsSupplier:getSingleDataPointMethods
198 junit.textui.ResultPrinter:printErrors
199 org.junit.experimental.max.MaxHistory:isNewTest
200 org.junit.experimental.max.MaxCore:run
201 junit.framework.TestResult:errors
202 org.junit.runners.BlockJUnit4ClassRunner:testName
203 org.junit.runners.model.FrameworkMethod:getName
204 org.junit.runners.parameterized.BlockJUnit4ClassRunnerWithParameters:validateConstructor
205 org.junit.runners.parameterized.BlockJUnit4ClassRunnerWithParameters:validateZeroArgConstructor
206 org.junit.runner.Description:getClassName
207 org.junit.runners.model.FrameworkMethod:validateNoTypeParametersOnArgs
208 junit.framework.JUnit4TestAdapterCache:containsKey
209 org.junit.runner.notification.RunNotifier:addListener
210 org.junit.runners.model.TestClass:getJavaClass
211 org.junit.runners.ParentRunner:run
212 org.junit.internal.runners.model.EachTestNotifier:addFailedAssumption
213 org.junit.internal.runners.JUnit4ClassRunner:getTestMethods
214 org.junit.internal.runners.TestClass:getTestMethods
215 org.junit.runners.parameterized.BlockJUnit4ClassRunnerWithParameters:classBlock
216 org.junit.runners.parameterized.BlockJUnit4ClassRunnerWithParameters:childrenInvoker
217 org.junit.internal.runners.MethodRoadie:runBefores
218 org.junit.internal.runners.TestMethod:getBefores
219 org.junit.experimental.results.PrintableResult:failureCount
220 junit.textui.TestRunner:pause
221 org.junit.experimental.max.MaxHistory:testComparator
222 org.junit.runners.ParentRunner:filter
223 org.junit.runner.manipulation.Filter:apply
224 org.junit.runner.notification.RunNotifier:fireTestFinished
225 junit.framework.TestCase:run
226 junit.framework.TestCase:createResult
227 org.junit.runners.BlockJUnit4ClassRunner:validateFields
228 org.junit.rules.RunRules:evaluate
229 junit.textui.ResultPrinter:printDefects
230 org.junit.internal.runners.MethodValidator:validateStaticMethods
231 org.junit.runner.JUnitCore:addListener
232 junit.runner.BaseTestRunner:getTest
233 junit.runner.BaseTestRunner:clearStatus
234 org.junit.runner.manipulation.Filter:shouldRun
235 org.junit.internal.TextListener:printFooter
236 org.junit.experimental.theories.Theories:validateConstructor
237 org.junit.experimental.theories.Theories:validateOnlyOneConstructor
238 org.junit.experimental.theories.internal.AllMembersSupplier:addMultiPointMethods
239 org.junit.runners.model.FrameworkMethod:getReturnType
240 org.junit.rules.ErrorCollector:checkThat
241 org.junit.runner.notification.RunNotifier:fireTestIgnored
242 org.junit.runner.notification.SynchronizedRunListener:testRunFinished
243 org.junit.runner.notification.RunListener:testRunFinished
244 junit.textui.TestRunner:runSingleMethod
245 junit.textui.TestRunner:loadSuiteClass
246 org.junit.experimental.theories.internal.AllMembersSupplier:addArrayValues
247 org.junit.experimental.theories.ParameterSignature:canAcceptValue
248 org.junit.runners.ParentRunner:shouldRun
249 org.junit.runners.ParentRunner:describeChild
250 junit.framework.TestResult:runCount
251 org.junit.rules.ExpectedException:expectMessage
252 org.junit.runner.Description:addChild
253 org.junit.internal.runners.model.EachTestNotifier:addMultipleFailureException
254 org.junit.internal.runners.model.EachTestNotifier:addFailure
255 org.junit.runner.JUnitCommandLineParseResult:applyFilterSpecs
256 org.junit.runner.Request:filterWith
257 org.junit.runner.notification.RunNotifier:fireTestRunFinished
258 org.junit.internal.builders.SuiteMethodBuilder:runnerForClass
259 org.junit.internal.builders.SuiteMethodBuilder:hasSuiteMethod
260 org.junit.experimental.theories.internal.Assignments:getArgumentStrings
261 org.junit.experimental.theories.PotentialAssignment:getDescription
262 org.junit.rules.TestWatcher:startingQuietly
263 org.junit.rules.TestWatcher:starting
264 org.junit.internal.runners.MethodRoadie:addFailure
265 org.junit.experimental.results.PrintableResult:toString
266 org.junit.runners.ParentRunner:withBeforeClasses
267 junit.textui.ResultPrinter:printWaitPrompt
268 org.junit.runners.ParentRunner:getFilteredChildren
269 org.junit.runners.ParentRunner:getChildren
270 org.junit.experimental.categories.Categories:canHaveCategorizedChildren
271 org.junit.runners.model.TestClass:getName
272 org.junit.internal.runners.statements.RunBefores:evaluate
273 org.junit.runners.ParentRunner:areAllChildrenIgnored
274 org.junit.runners.ParentRunner:isIgnored
275 org.junit.internal.runners.JUnit4ClassRunner:getName
276 junit.framework.TestResult:run
277 org.junit.internal.ComparisonCriteria:arrayEquals
278 org.junit.internal.ComparisonCriteria:assertElementsEqual
279 org.junit.runners.BlockJUnit4ClassRunner:computeTestMethods
280 org.junit.runner.JUnitCore:runMain
281 junit.textui.ResultPrinter:printFailures
282 junit.framework.TestResult:failureCount
283 org.junit.runners.model.FrameworkMember:isPublic
284 org.junit.runners.model.FrameworkMember:getModifiers
285 org.junit.runners.model.FrameworkMethod:getMethod
286 junit.framework.TestFailure:trace
287 junit.framework.TestSuite:testAt
288 junit.framework.JUnit4TestAdapter:filter
289 org.junit.runners.model.RunnerBuilder:runners
290 junit.textui.ResultPrinter:addFailure
291 org.junit.experimental.theories.internal.SpecificDataPointsSupplier:getDataPointsMethods
292 junit.framework.TestResult:endTest
293 junit.framework.JUnit4TestAdapterCache:asTestList
294 org.junit.runner.Description:methodAndClassNamePatternGroupOrDefault
295 org.junit.runners.model.FrameworkMethod:isStatic
296 org.junit.internal.runners.MethodRoadie:runAfters
297 org.junit.internal.runners.TestMethod:getAfters
298 org.junit.runners.parameterized.BlockJUnit4ClassRunnerWithParameters:testName
299 org.junit.experimental.theories.internal.Assignments:getAllArguments
300 junit.textui.TestRunner:createTestResult
301 org.junit.internal.runners.rules.RuleMemberValidator:isTestRule
302 org.junit.runners.model.FrameworkMember:getType
303 org.junit.experimental.theories.internal.AllMembersSupplier:getSingleDataPointFields
304 junit.textui.ResultPrinter:printDefect
305 org.junit.internal.runners.MethodValidator:validateTestMethods
306 org.junit.internal.runners.JUnit38ClassRunner:createSuiteDescription
307 junit.framework.TestSuite:countTestCases
308 org.junit.internal.builders.IgnoredClassRunner:run
309 junit.textui.TestRunner:main
310 junit.framework.TestResult:wasSuccessful
311 org.junit.runners.ParentRunner:withAfterClasses
312 org.junit.runners.BlockJUnit4ClassRunner:methodBlock
313 org.junit.runners.BlockJUnit4ClassRunner:withBefores
314 junit.extensions.ActiveTestSuite:testCount
315 org.junit.runners.model.TestClass:getOnlyConstructor
316 org.junit.validator.PublicClassValidator:validateTestClass
317 org.junit.runners.model.TestClass:isPublic
318 org.junit.experimental.theories.internal.AllMembersSupplier:addSinglePointMethods
319 org.junit.runners.ParentRunner:applyValidators
320 junit.framework.TestCase:setUp
321 org.junit.rules.TestName:starting
322 org.junit.runner.JUnitCommandLineParseResult:createRequest
323 org.junit.experimental.theories.ParameterSupplier:getValueSources
324 org.junit.internal.runners.JUnit38ClassRunner:run
325 org.junit.internal.runners.JUnit38ClassRunner:createAdaptingListener
326 org.junit.experimental.theories.internal.AllMembersSupplier:getDataPointsFields
327 org.junit.runner.Description:childlessCopy
328 org.junit.internal.ArrayComparisonFailure:getMessage
329 org.junit.internal.ArrayComparisonFailure:getCause
330 org.junit.internal.runners.ClassRoadie:addFailure
331 org.junit.internal.runners.model.EachTestNotifier:fireTestFinished
332 org.junit.runner.notification.RunNotifier:fireTestStarted
333 org.junit.experimental.theories.ParameterSignature:getAnnotations
334 junit.framework.TestSuite:addTestSuite
335 org.junit.internal.TextListener:printHeader
336 junit.runner.BaseTestRunner:loadSuiteClass
337 org.junit.runners.ParentRunner:validateClassRules
338 org.junit.runners.ParentRunner:getTestClass
339 junit.framework.TestFailure:exceptionMessage
340 org.junit.rules.ExpectedException:handleException
341 org.junit.rules.ExpectedExceptionMatcherBuilder:build
342 junit.textui.ResultPrinter:addError
343 org.junit.runner.notification.SynchronizedRunListener:testFailure
344 org.junit.runner.notification.RunListener:testFailure
345 org.junit.internal.runners.TestMethod:expectsException
346 org.junit.experimental.theories.Theories:validateDataPointMethods
347 org.junit.runner.notification.SynchronizedRunListener:testFinished
348 org.junit.runner.notification.RunListener:testFinished
349 org.junit.internal.runners.MethodRoadie:runTest
350 junit.framework.JUnit4TestAdapter:countTestCases
351 org.junit.runner.Runner:testCount
352 org.junit.experimental.theories.internal.SpecificDataPointsSupplier:getSingleDataPointFields
353 org.junit.runners.model.FrameworkMethod:validatePublicVoidNoArg
354 org.junit.experimental.max.MaxHistory:listener
355 org.junit.runners.model.FrameworkMember:getAnnotations
356 org.junit.internal.runners.JUnit4ClassRunner:testAnnotations
357 org.junit.internal.runners.ClassRoadie:runUnprotected
358 org.junit.rules.ExpectedException:expectCause
359 org.junit.runners.BlockJUnit4ClassRunner:validatePublicVoidNoArgMethods
360 org.junit.experimental.theories.internal.Assignments:getMethodArguments
361 org.junit.runner.notification.RunNotifier:fireTestAssumptionFailed
362 org.junit.experimental.theories.internal.Assignments:getSupplier
363 org.junit.experimental.theories.ParameterSignature:findDeepAnnotation
364 org.junit.internal.runners.TestClass:getName
365 org.junit.internal.runners.JUnit4ClassRunner:testAborted
366 junit.framework.TestResult:addListener
367 org.junit.internal.runners.TestMethod:getTimeout
368 org.junit.runners.BlockJUnit4ClassRunner:validateTestMethods
369 junit.framework.TestFailure:failedTest
370 org.junit.experimental.max.MaxCore:findLeaves
371 org.junit.experimental.theories.ParameterSignature:canAcceptType
372 org.junit.rules.ExpectedException:missingExceptionMessage
373 org.junit.runners.parameterized.TestWithParameters:toString
374 org.junit.internal.runners.TestClass:getBefores
375 org.junit.runner.JUnitCore:main
376 org.junit.internal.builders.AnnotatedBuilder:runnerForClass
377 org.junit.internal.builders.AnnotatedBuilder:buildRunner
378 org.junit.runners.BlockJUnit4ClassRunner:validateMethods
379 org.junit.internal.runners.JUnit4ClassRunner:createTest
380 org.junit.internal.runners.JUnit4ClassRunner:getTestClass
381 org.junit.internal.runners.model.EachTestNotifier:fireTestIgnored
382 junit.framework.TestResult:failures
383 org.junit.runner.notification.SynchronizedRunListener:testRunStarted
384 org.junit.runner.notification.RunListener:testRunStarted
385 org.junit.experimental.theories.Theories:methodBlock
386 org.junit.experimental.theories.Theories:computeTestMethods
387 org.junit.runners.BlockJUnit4ClassRunner:getChildren
388 org.junit.runners.BlockJUnit4ClassRunner:methodInvoker
389 org.junit.experimental.theories.internal.BooleanSupplier:getValueSources
390 org.junit.runners.parameterized.TestWithParameters:equals
391 org.junit.runners.model.TestClass:equals
392 junit.framework.TestSuite:addTestsFromTestCase
393 org.junit.internal.runners.JUnit38ClassRunner:getAnnotations
394 org.junit.runner.notification.Failure:toString
395 org.junit.runner.notification.Failure:getTestHeader
396 org.junit.rules.TestWatcher:finishedQuietly
397 org.junit.rules.TestWatcher:finished
398 org.junit.runners.ParentRunner:collectInitializationErrors
399 org.junit.runners.ParentRunner:validatePublicVoidNoArgMethods
400 junit.extensions.RepeatedTest:run
401 junit.framework.TestResult:shouldStop
402 junit.framework.TestResult:addFailure
403 org.junit.runner.Description:isTest
404 org.junit.experimental.theories.internal.Assignments:allUnassigned
405 org.junit.internal.runners.ErrorReportingRunner:getCauses
406 org.junit.runners.model.InitializationError:getCauses
407 org.junit.experimental.results.FailureList:result
408 org.junit.runners.model.FrameworkMethod:getType
409 org.junit.internal.runners.InitializationError:getCauses
410 org.junit.internal.builders.AllDefaultPossibilitiesBuilder:annotatedBuilder
411 org.junit.Assert:internalArrayEquals
412 org.junit.internal.ExactComparisonCriteria:arrayEquals
413 org.junit.runners.model.MultipleFailureException:getFailures
414 junit.textui.TestRunner:run
415 org.junit.runners.ParentRunner:getName
416 org.junit.runner.notification.Failure:getMessage
417 org.junit.internal.runners.ClassRoadie:runBefores
418 junit.framework.JUnit4TestAdapterCache:put
419 org.junit.rules.TemporaryFolder:newFolder
420 org.junit.rules.TemporaryFolder:getRoot
421 junit.framework.TestSuite:addTestMethod
422 org.junit.experimental.max.MaxHistory:getFailureTimestamp
423 junit.extensions.TestSetup:run
424 org.junit.internal.runners.JUnit4ClassRunner:wrapMethod
425 org.junit.runners.model.FrameworkMethod:isShadowedBy
426 org.junit.experimental.theories.ParameterSignature:canPotentiallyAcceptType
427 org.junit.runners.model.FrameworkMethod:validatePublicVoid
428 org.junit.internal.ArrayComparisonFailure:addDimension
429 org.junit.experimental.theories.internal.AllMembersSupplier:addIterableValues
430 junit.runner.BaseTestRunner:endTest
431 junit.runner.BaseTestRunner:testEnded
432 org.junit.experimental.theories.internal.AllMembersSupplier:addSinglePointFields
433 junit.framework.JUnit4TestAdapterCache:get
434 junit.framework.JUnit4TestAdapterCache:getNotifier
435 org.junit.runner.Description:testCount
436 junit.framework.TestCase:runTest
437 junit.runner.BaseTestRunner:processArguments
438 junit.runner.BaseTestRunner:extractClassName
439 org.junit.runners.ParentRunner:sort
440 junit.framework.TestCase:toString
441 org.junit.runners.BlockJUnit4ClassRunner:hasOneConstructor
442 org.junit.internal.runners.ErrorReportingRunner:getDescription
443 org.junit.runner.Result:createListener
444 org.junit.internal.TextListener:elapsedTimeAsString
445 org.junit.runners.parameterized.BlockJUnit4ClassRunnerWithParameters:validateFields
446 org.junit.runners.Suite:describeChild
447 org.junit.runners.BlockJUnit4ClassRunner:withPotentialTimeout
448 org.junit.runners.model.RunnerBuilder:removeParent
449 org.junit.experimental.results.PrintableResult:testResult
450 org.junit.internal.builders.JUnit3Builder:runnerForClass
451 org.junit.internal.builders.JUnit3Builder:isPre4Test
452 junit.framework.TestSuite:testCount
453 org.junit.runner.notification.SynchronizedRunListener:testIgnored
454 org.junit.runner.notification.RunListener:testIgnored
455 org.junit.experimental.theories.internal.AllMembersSupplier:getDataPointsMethods
456 org.junit.runners.model.RunnerBuilder:addParent
457 junit.runner.BaseTestRunner:setLoading
458 junit.framework.JUnit4TestAdapter:isIgnored
459 org.junit.internal.runners.statements.InvokeMethod:evaluate
460 org.junit.experimental.theories.ParameterSignature:hasAnnotation
461 org.junit.runner.Request:classes
462 org.junit.runner.Computer:getSuite
463 org.junit.rules.TestWatcher:succeededQuietly
464 org.junit.rules.TestWatcher:succeeded
465 org.junit.internal.matchers.TypeSafeMatcher:matches
466 org.junit.internal.matchers.TypeSafeMatcher:matchesSafely
467 org.junit.runner.notification.SynchronizedRunListener:testStarted
468 org.junit.runner.notification.RunListener:testStarted
469 org.junit.runners.BlockJUnit4ClassRunner:runLeaf
470 org.junit.runners.model.NoGenericTypeParametersValidator:validate
471 org.junit.internal.runners.TestMethod:invoke
472 junit.runner.BaseTestRunner:addError
473 org.junit.runner.Result:getRunCount
474 junit.framework.ComparisonFailure:getMessage
475 junit.framework.ComparisonCompactor:compact
476 org.junit.internal.ArrayComparisonFailure:toString
477 org.junit.experimental.max.MaxHistory:putTestDuration
478 junit.framework.TestResult:startTest
479 org.junit.rules.TestWatcher:skippedQuietly
480 org.junit.rules.TestWatcher:skipped
481 org.junit.experimental.max.MaxHistory:forFolder
482 org.junit.experimental.max.CouldNotReadCoreException:printStackTrace
483 org.junit.runner.Request:method
484 org.junit.internal.runners.rules.RuleMemberValidator:isMethodRule
485 org.junit.experimental.theories.internal.ParameterizedAssertionError:hashCode
486 org.junit.experimental.theories.internal.ParameterizedAssertionError:toString
487 org.junit.internal.runners.JUnit4ClassRunner:testName
488 junit.extensions.TestDecorator:getTest
489 org.junit.internal.requests.ClassRequest:getRunner
490 org.junit.internal.builders.AllDefaultPossibilitiesBuilder:safeRunnerForClass
491 org.junit.runner.manipulation.Filter:describe
492 org.junit.runners.ParentRunner:validate
493 org.junit.internal.builders.AllDefaultPossibilitiesBuilder:suiteMethodBuilder
494 org.junit.experimental.theories.internal.ParameterizedAssertionError:equals
495 org.junit.internal.builders.AllDefaultPossibilitiesBuilder:junit3Builder
496 junit.runner.BaseTestRunner:runFailed
497 org.junit.experimental.categories.CategoryFilterFactory:createFilter
498 org.junit.runner.FilterFactoryParams:getArgs
499 junit.textui.TestRunner:getTest
500 org.junit.runners.parameterized.BlockJUnit4ClassRunnerWithParameters:validateOnlyOneConstructor
501 org.junit.internal.runners.JUnit4ClassRunner:runMethods
502 org.junit.runners.parameterized.BlockJUnit4ClassRunnerWithParameters:getName
503 junit.framework.JUnit4TestAdapter:getTests
504 org.junit.runner.JUnitCore:runClasses
505 org.junit.runner.Computer:getRunner
506 org.junit.runners.BlockJUnit4ClassRunner:isIgnored
507 junit.framework.JUnit4TestAdapter:getDescription
508 org.junit.runner.notification.RunNotifier:fireTestRunStarted
509 org.junit.rules.TemporaryFolder:newFile
510 org.junit.internal.runners.model.ReflectiveCallable:run
511 org.junit.internal.runners.model.ReflectiveCallable:runReflectiveCall
512 org.junit.runners.Parameterized:createTestWithNotNormalizedParameters
513 org.junit.experimental.ParallelComputer:parallelize
514 org.junit.runners.ParentRunner:setScheduler
515 org.junit.rules.TemporaryFolder:before
516 org.junit.rules.TemporaryFolder:create
517 org.junit.runners.parameterized.TestWithParameters:hashCode
518 org.junit.runners.model.TestClass:hashCode
519 org.junit.rules.Timeout:apply
520 org.junit.rules.Timeout:createFailOnTimeoutStatement
521 org.junit.internal.builders.AllDefaultPossibilitiesBuilder:junit4Builder
522 org.junit.experimental.theories.internal.Assignments:getConstructorParameterCount
523 org.junit.internal.builders.IgnoredClassRunner:getDescription
524 junit.framework.TestSuite:createTest
525 junit.framework.TestCase:setName
526 org.junit.experimental.categories.Categories:assertNoCategorizedDescendentsOfUncategorizeableParents
527 org.junit.runner.notification.SynchronizedRunListener:testAssumptionFailure
528 org.junit.runner.notification.RunListener:testAssumptionFailure
529 org.junit.rules.TemporaryFolder:after
530 org.junit.rules.TemporaryFolder:delete
531 org.junit.runner.JUnitCommandLineParseResult:parseOptions
532 org.junit.runners.model.FrameworkMember:isStatic
533 org.junit.experimental.theories.internal.AllMembersSupplier:addMultiPointFields
