0 junit.framework.JUnit4TestCaseFacade:toString
1 junit.framework.JUnit4TestCaseFacade:getDescription
2 org.junit.experimental.theories.suppliers.TestedOnSupplier:getValueSources
3 org.junit.experimental.theories.ParameterSignature:getAnnotation
4 junit.textui.ResultPrinter:printFooter
5 junit.framework.TestResult:errorCount
6 org.junit.internal.runners.statements.ExpectException:evaluate
7 org.junit.runners.model.Statement:evaluate
8 org.junit.experimental.max.MaxCore:getMalformedTestClass
9 org.junit.runner.Description:toString
10 junit.framework.TestCase:runBare
11 junit.framework.TestCase:tearDown
12 org.junit.runner.JUnitCore:run
13 org.junit.runner.Runner:run
14 org.junit.runners.Parameterized:getParametersMethod
15 org.junit.runners.model.TestClass:getAnnotatedMethods
16 junit.textui.TestRunner:start
17 junit.textui.TestRunner:extractClassName
18 org.junit.experimental.theories.internal.AllMembersSupplier:addMultiPointMethods
19 org.junit.experimental.theories.Theories:validateDataPointFields
20 org.junit.experimental.theories.Theories:getTestClass
21 org.junit.runners.model.RunnerBuilder:safeRunnerForClass
22 org.junit.runners.model.RunnerBuilder:runnerForClass
23 junit.framework.JUnit4TestAdapterCache:asTest
24 org.junit.runner.Description:isSuite
25 org.junit.runners.BlockJUnit4ClassRunner:validateConstructor
26 org.junit.runners.BlockJUnit4ClassRunner:validateOnlyOneConstructor
27 junit.framework.TestResult:runProtected
28 junit.framework.TestResult:addError
29 org.junit.internal.runners.JUnit4ClassRunner:filter
30 org.junit.internal.runners.JUnit4ClassRunner:methodDescription
31 org.junit.runners.Suite:runChild
32 org.junit.internal.TextListener:testRunFinished
33 org.junit.runner.Result:getRunTime
34 junit.framework.TestSuite:toString
35 junit.framework.TestSuite:getName
36 junit.textui.ResultPrinter:printHeader
37 junit.textui.ResultPrinter:elapsedTimeAsString
38 org.junit.internal.runners.MethodRoadie:run
39 org.junit.internal.runners.TestMethod:isIgnored
40 org.junit.internal.runners.JUnit38ClassRunner:makeDescription
41 junit.framework.TestCase:getName
42 org.junit.Assert:assertArrayEquals
43 org.junit.internal.InexactComparisonCriteria:arrayEquals
44 org.junit.experimental.max.MaxHistory:getTestDuration
45 org.junit.internal.runners.JUnit4ClassRunner:invokeTestMethod
46 org.junit.runner.JUnitCore:removeListener
47 org.junit.runner.notification.RunNotifier:removeListener
48 org.junit.internal.runners.ErrorReportingRunner:runCause
49 org.junit.runner.notification.RunNotifier:fireTestFailure
50 junit.textui.ResultPrinter:printDefectHeader
51 junit.textui.ResultPrinter:getWriter
52 org.junit.runners.ParentRunner:classBlock
53 org.junit.runners.ParentRunner:childrenInvoker
54 junit.framework.JUnit4TestAdapterCache:createTest
55 org.junit.internal.TextListener:printFailures
56 org.junit.runner.Result:getFailures
57 junit.textui.ResultPrinter:print
58 org.junit.experimental.max.MaxCore:buildRunner
59 org.junit.runner.Description:getTestClass
60 org.junit.runners.BlockJUnit4ClassRunner:runChild
61 org.junit.internal.runners.model.EachTestNotifier:addFailedAssumption
62 org.junit.experimental.max.MaxHistory:putTestFailureTimestamp
63 junit.runner.BaseTestRunner:startTest
64 junit.runner.BaseTestRunner:testStarted
65 org.junit.runners.BlockJUnit4ClassRunner:collectInitializationErrors
66 org.junit.runners.BlockJUnit4ClassRunner:validateInstanceMethods
67 org.junit.internal.runners.JUnit4ClassRunner:run
68 org.junit.internal.runners.ClassRoadie:runProtected
69 org.junit.runners.BlockJUnit4ClassRunner:withAfters
70 org.junit.runners.BlockJUnit4ClassRunner:getTestClass
71 org.junit.rules.ErrorCollector:checkSucceeds
72 org.junit.rules.ErrorCollector:addError
73 org.junit.internal.runners.JUnit4ClassRunner:validate
74 org.junit.internal.runners.MethodValidator:assertValid
75 org.junit.internal.runners.statements.RunAfters:evaluate
76 org.junit.experimental.theories.internal.Assignments:potentialsForNextUnassigned
77 org.junit.experimental.theories.internal.Assignments:nextUnassigned
78 org.junit.internal.runners.MethodValidator:validateInstanceMethods
79 org.junit.internal.runners.TestClass:getAnnotatedMethods
80 org.junit.runner.Runner:getDescription
81 org.junit.runner.notification.Failure:getTrace
82 org.junit.runner.notification.Failure:getException
83 org.junit.runners.BlockJUnit4ClassRunner:possiblyExpectingExceptions
84 org.junit.runners.model.FrameworkMethod:getAnnotation
85 org.junit.experimental.max.MaxCore:sortedLeavesForTest
86 org.junit.experimental.max.MaxCore:sortRequest
87 junit.extensions.TestDecorator:run
88 junit.extensions.TestDecorator:basicRun
89 org.junit.internal.runners.JUnit4ClassRunner:classAnnotations
90 org.junit.internal.runners.TestClass:getJavaClass
91 org.junit.internal.builders.AllDefaultPossibilitiesBuilder:runnerForClass
92 org.junit.internal.builders.AllDefaultPossibilitiesBuilder:ignoredBuilder
93 org.junit.runner.Description:getMethodName
94 org.junit.internal.TextListener:printFailure
95 junit.framework.TestSuite:addTest
96 org.junit.runner.Result:wasSuccessful
97 org.junit.runner.Result:getFailureCount
98 org.junit.experimental.theories.internal.AllMembersSupplier:addFields
99 org.junit.experimental.theories.ParameterSignature:canAcceptArrayType
100 junit.framework.JUnit4TestAdapter:sort
101 org.junit.runner.manipulation.Sorter:apply
102 junit.runner.BaseTestRunner:addFailure
103 junit.runner.BaseTestRunner:testFailed
104 org.junit.runner.Description:getDisplayName
105 org.junit.runner.Description:testCount
106 org.junit.runner.Description:getChildren
107 org.junit.internal.runners.JUnit4ClassRunner:getDescription
108 junit.textui.ResultPrinter:startTest
109 org.junit.runners.BlockJUnit4ClassRunner:createTest
110 org.junit.internal.runners.ClassRoadie:runAfters
111 org.junit.internal.runners.TestClass:getAfters
112 junit.framework.JUnit4TestAdapter:run
113 org.junit.internal.runners.MethodValidator:validateMethodsForDefaultRunner
114 org.junit.runner.Description:methodStringMatcher
115 org.junit.experimental.theories.internal.Assignments:getConstructorArguments
116 org.junit.experimental.theories.internal.Assignments:getActualValues
117 org.junit.internal.runners.TestMethod:isUnexpected
118 org.junit.internal.runners.TestMethod:getExpectedException
119 junit.textui.TestRunner:runAndWait
120 junit.textui.TestRunner:doRun
121 org.junit.runner.Description:isEmpty
122 org.junit.runner.Description:equals
123 junit.framework.TestFailure:isFailure
124 junit.framework.TestFailure:thrownException
125 org.junit.internal.runners.JUnit38ClassRunner:filter
126 org.junit.runners.model.TestClass:addToAnnotationLists
127 org.junit.runners.model.FrameworkMember:isShadowedBy
128 org.junit.internal.runners.MethodValidator:validateNoArgConstructor
129 org.junit.internal.runners.TestClass:getConstructor
130 org.junit.rules.TestName:starting
131 org.junit.runners.model.FrameworkMethod:getName
132 junit.textui.ResultPrinter:printDefectTrace
133 junit.extensions.ActiveTestSuite:run
134 junit.extensions.ActiveTestSuite:waitUntilFinished
135 junit.framework.JUnit4TestAdapter:removeIgnored
136 org.junit.experimental.theories.Theories:validateTestMethods
137 org.junit.internal.runners.model.EachTestNotifier:addFailure
138 org.junit.internal.runners.MethodRoadie:runTestMethod
139 org.junit.rules.ExpectedException:expect
140 org.junit.internal.matchers.CombinableMatcher:and
141 org.junit.runners.ParentRunner:sortChild
142 org.junit.internal.runners.MethodRoadie:runWithTimeout
143 org.junit.internal.runners.MethodRoadie:runBeforesThenTestThenAfters
144 org.junit.experimental.theories.PotentialAssignment:getValue
145 junit.framework.TestSuite:run
146 junit.framework.TestSuite:runTest
147 org.junit.internal.requests.FilterRequest:getRunner
148 org.junit.runner.Request:getRunner
149 junit.textui.ResultPrinter:printErrors
150 org.junit.internal.requests.SortingRequest:getRunner
151 org.junit.experimental.max.MaxHistory:isNewTest
152 org.junit.experimental.max.MaxCore:run
153 junit.framework.TestResult:errors
154 org.junit.runners.BlockJUnit4ClassRunner:testName
155 org.junit.runner.Description:getClassName
156 org.junit.runners.model.TestClass:getJavaClass
157 junit.framework.JUnit4TestAdapterCache:containsKey
158 org.junit.internal.runners.JUnit4ClassRunner:getTestMethods
159 org.junit.internal.runners.TestClass:getTestMethods
160 org.junit.internal.runners.MethodRoadie:runBefores
161 org.junit.internal.runners.TestMethod:getBefores
162 org.junit.experimental.results.PrintableResult:failureCount
163 junit.textui.TestRunner:pause
164 org.junit.experimental.max.MaxHistory:testComparator
165 org.junit.runner.notification.RunNotifier:fireTestFinished
166 junit.framework.TestCase:run
167 junit.framework.TestCase:createResult
168 junit.textui.ResultPrinter:printDefects
169 org.junit.internal.runners.MethodValidator:validateStaticMethods
170 junit.runner.BaseTestRunner:getTest
171 junit.runner.BaseTestRunner:clearStatus
172 org.junit.runner.JUnitCore:addListener
173 org.junit.runner.manipulation.Filter:shouldRun
174 org.junit.internal.TextListener:printFooter
175 org.junit.experimental.theories.Theories:validateConstructor
176 org.junit.experimental.theories.Theories:validateOnlyOneConstructor
177 org.junit.rules.ErrorCollector:checkThat
178 junit.textui.TestRunner:runSingleMethod
179 junit.textui.TestRunner:loadSuiteClass
180 junit.framework.TestResult:runCount
181 org.junit.runners.ParentRunner:shouldRun
182 org.junit.runners.ParentRunner:describeChild
183 org.junit.rules.ExpectedException:expectMessage
184 org.junit.runner.Description:addChild
185 org.junit.internal.builders.SuiteMethodBuilder:runnerForClass
186 org.junit.internal.builders.SuiteMethodBuilder:hasSuiteMethod
187 org.junit.runner.notification.RunNotifier:fireTestRunFinished
188 org.junit.experimental.theories.internal.Assignments:getArgumentStrings
189 org.junit.experimental.theories.PotentialAssignment:getDescription
190 org.junit.runners.BlockJUnit4ClassRunner:describeChild
191 org.junit.runners.model.FrameworkMethod:getAnnotations
192 org.junit.internal.runners.MethodRoadie:addFailure
193 org.junit.experimental.results.PrintableResult:toString
194 org.junit.runners.ParentRunner:withBeforeClasses
195 junit.textui.ResultPrinter:printWaitPrompt
196 org.junit.runners.ParentRunner:getFilteredChildren
197 org.junit.runners.ParentRunner:getChildren
198 org.junit.experimental.theories.internal.AllMembersSupplier:addSinglePointMethods
199 org.junit.experimental.theories.ParameterSignature:getType
200 org.junit.internal.matchers.SubstringMatcher:matchesSafely
201 org.junit.internal.matchers.SubstringMatcher:evalSubstringOf
202 org.junit.internal.runners.statements.RunBefores:evaluate
203 org.junit.runners.model.FrameworkMethod:invokeExplosively
204 org.junit.runners.ParentRunner:run
205 org.junit.internal.runners.model.EachTestNotifier:fireTestIgnored
206 org.junit.internal.runners.JUnit4ClassRunner:getName
207 junit.framework.TestResult:run
208 org.junit.internal.ComparisonCriteria:arrayEquals
209 org.junit.internal.ComparisonCriteria:assertElementsEqual
210 org.junit.runners.BlockJUnit4ClassRunner:computeTestMethods
211 org.junit.runner.JUnitCore:runMain
212 junit.textui.ResultPrinter:printFailures
213 junit.framework.TestResult:failureCount
214 junit.framework.TestFailure:trace
215 junit.framework.JUnit4TestAdapter:filter
216 org.junit.runner.manipulation.Filter:apply
217 junit.framework.TestSuite:testAt
218 junit.textui.ResultPrinter:addFailure
219 org.junit.runners.model.RunnerBuilder:runners
220 junit.framework.JUnit4TestAdapterCache:asTestList
221 junit.framework.TestResult:endTest
222 org.junit.internal.runners.MethodRoadie:runAfters
223 org.junit.internal.runners.TestMethod:getAfters
224 org.junit.experimental.theories.internal.Assignments:getAllArguments
225 junit.textui.TestRunner:createTestResult
226 junit.textui.ResultPrinter:printDefect
227 org.junit.experimental.theories.internal.Assignments:getAnnotatedSupplier
228 org.junit.experimental.theories.ParameterSignature:findDeepAnnotation
229 org.junit.internal.runners.MethodValidator:validateTestMethods
230 org.junit.internal.runners.JUnit38ClassRunner:createSuiteDescription
231 junit.framework.TestSuite:countTestCases
232 org.junit.experimental.theories.internal.Assignments:getSupplier
233 org.junit.internal.builders.IgnoredClassRunner:run
234 org.junit.runner.notification.RunNotifier:fireTestIgnored
235 junit.textui.TestRunner:main
236 junit.framework.TestResult:wasSuccessful
237 org.junit.runners.ParentRunner:withAfterClasses
238 junit.extensions.ActiveTestSuite:testCount
239 org.junit.runners.BlockJUnit4ClassRunner:methodBlock
240 org.junit.runners.BlockJUnit4ClassRunner:withBefores
241 org.junit.runners.model.TestClass:getOnlyConstructor
242 org.junit.runners.BlockJUnit4ClassRunner:createRule
243 org.junit.runners.model.FrameworkField:get
244 junit.framework.TestCase:setUp
245 org.junit.experimental.theories.ParameterSupplier:getValueSources
246 org.junit.internal.runners.JUnit38ClassRunner:run
247 org.junit.internal.runners.JUnit38ClassRunner:createAdaptingListener
248 org.junit.runner.Description:childlessCopy
249 org.junit.internal.runners.ClassRoadie:addFailure
250 org.junit.internal.matchers.SubstringMatcher:describeTo
251 org.junit.internal.matchers.SubstringMatcher:relationship
252 org.junit.internal.runners.model.EachTestNotifier:fireTestFinished
253 org.junit.runner.notification.RunNotifier:fireTestStarted
254 junit.framework.TestSuite:addTestSuite
255 org.junit.experimental.theories.ParameterSignature:getAnnotations
256 org.junit.internal.TextListener:printHeader
257 junit.runner.BaseTestRunner:loadSuiteClass
258 junit.framework.TestFailure:exceptionMessage
259 junit.textui.ResultPrinter:addError
260 org.junit.internal.runners.TestMethod:expectsException
261 org.junit.internal.runners.MethodRoadie:runTest
262 junit.framework.JUnit4TestAdapter:countTestCases
263 org.junit.runner.Runner:testCount
264 org.junit.runners.model.FrameworkMethod:validatePublicVoidNoArg
265 org.junit.experimental.max.MaxHistory:listener
266 org.junit.runner.Description:hashCode
267 org.junit.runners.model.FrameworkMember:getAnnotations
268 org.junit.internal.runners.JUnit4ClassRunner:testAnnotations
269 org.junit.internal.runners.ClassRoadie:runUnprotected
270 org.junit.runners.BlockJUnit4ClassRunner:validatePublicVoidNoArgMethods
271 org.junit.runners.model.FrameworkMethod:getMethod
272 org.junit.runners.ParentRunner:getDescription
273 org.junit.runners.model.TestClass:getAnnotations
274 org.junit.experimental.theories.internal.Assignments:getMethodArguments
275 org.junit.experimental.theories.ParameterSignature:canAcceptType
276 org.junit.runner.notification.RunNotifier:fireTestAssumptionFailed
277 org.junit.internal.runners.TestClass:getName
278 org.junit.internal.runners.JUnit4ClassRunner:testAborted
279 junit.framework.TestResult:addListener
280 org.junit.internal.runners.TestMethod:getTimeout
281 org.junit.runners.BlockJUnit4ClassRunner:ruleFields
282 org.junit.runners.BlockJUnit4ClassRunner:validateTestMethods
283 org.junit.runners.BlockJUnit4ClassRunner:makeNotifier
284 junit.framework.TestFailure:failedTest
285 org.junit.experimental.max.MaxCore:findLeaves
286 org.junit.internal.runners.TestClass:getBefores
287 org.junit.internal.builders.AnnotatedBuilder:runnerForClass
288 org.junit.internal.builders.AnnotatedBuilder:buildRunner
289 org.junit.internal.runners.JUnit4ClassRunner:createTest
290 org.junit.internal.runners.JUnit4ClassRunner:getTestClass
291 junit.framework.TestResult:failures
292 org.junit.experimental.theories.Theories:computeTestMethods
293 org.junit.runners.BlockJUnit4ClassRunner:getChildren
294 org.junit.runners.BlockJUnit4ClassRunner:methodInvoker
295 org.junit.runners.model.TestClass:getAnnotatedFields
296 org.junit.internal.runners.model.EachTestNotifier:fireTestStarted
297 org.junit.runner.notification.Failure:toString
298 org.junit.runner.notification.Failure:getTestHeader
299 org.junit.runners.ParentRunner:collectInitializationErrors
300 org.junit.runners.ParentRunner:validatePublicVoidNoArgMethods
301 org.junit.runner.notification.RunNotifier:addFirstListener
302 junit.extensions.RepeatedTest:run
303 junit.framework.TestResult:shouldStop
304 junit.framework.TestResult:addFailure
305 org.junit.runner.Description:isTest
306 org.junit.experimental.theories.internal.Assignments:allUnassigned
307 org.junit.runners.BlockJUnit4ClassRunner:validateZeroArgConstructor
308 org.junit.internal.runners.ErrorReportingRunner:getCauses
309 org.junit.runners.model.InitializationError:getCauses
310 org.junit.experimental.results.FailureList:result
311 org.junit.runner.notification.RunListener:testFailure
312 org.junit.internal.runners.InitializationError:getCauses
313 org.junit.internal.builders.AllDefaultPossibilitiesBuilder:annotatedBuilder
314 junit.textui.TestRunner:run
315 org.junit.Assert:internalArrayEquals
316 org.junit.internal.ExactComparisonCriteria:arrayEquals
317 org.junit.runner.notification.Failure:getMessage
318 org.junit.runners.ParentRunner:getName
319 org.junit.runners.model.TestClass:getName
320 junit.framework.JUnit4TestAdapterCache:put
321 org.junit.runners.model.FrameworkMethod:producesType
322 org.junit.internal.runners.ClassRoadie:runBefores
323 junit.framework.TestSuite:addTestMethod
324 org.junit.experimental.max.MaxHistory:getFailureTimestamp
325 junit.extensions.TestSetup:run
326 org.junit.internal.runners.JUnit4ClassRunner:wrapMethod
327 org.junit.runners.model.FrameworkMethod:isShadowedBy
328 org.junit.runners.ParentRunner:filter
329 org.junit.internal.ArrayComparisonFailure:addDimension
330 junit.runner.BaseTestRunner:endTest
331 junit.runner.BaseTestRunner:testEnded
332 junit.framework.JUnit4TestAdapterCache:get
333 junit.framework.JUnit4TestAdapterCache:getNotifier
334 junit.framework.TestCase:runTest
335 junit.runner.BaseTestRunner:processArguments
336 junit.runner.BaseTestRunner:extractClassName
337 junit.framework.TestCase:toString
338 org.junit.runners.BlockJUnit4ClassRunner:hasOneConstructor
339 org.junit.internal.runners.ErrorReportingRunner:getDescription
340 org.junit.runner.Result:createListener
341 org.junit.internal.TextListener:elapsedTimeAsString
342 org.junit.runners.ParentRunner:filterChild
343 org.junit.runners.Suite:describeChild
344 org.junit.runners.BlockJUnit4ClassRunner:withPotentialTimeout
345 org.junit.runners.model.RunnerBuilder:removeParent
346 org.junit.runner.notification.RunNotifier:addListener
347 org.junit.internal.builders.JUnit3Builder:runnerForClass
348 org.junit.internal.builders.JUnit3Builder:isPre4Test
349 junit.framework.TestSuite:testCount
350 org.junit.runners.Parameterized:getParametersList
351 org.junit.runners.model.RunnerBuilder:addParent
352 junit.runner.BaseTestRunner:setLoading
353 org.junit.runners.model.FrameworkMethod:validatePublicVoid
354 junit.framework.JUnit4TestAdapter:isIgnored
355 org.junit.runner.Description:getAnnotation
356 org.junit.internal.runners.statements.InvokeMethod:evaluate
357 org.junit.experimental.theories.ParameterSignature:hasAnnotation
358 org.junit.runner.Request:classes
359 org.junit.runner.Computer:getSuite
360 org.junit.internal.matchers.TypeSafeMatcher:matches
361 org.junit.internal.matchers.TypeSafeMatcher:matchesSafely
362 org.junit.internal.runners.TestMethod:invoke
363 junit.runner.BaseTestRunner:addError
364 org.junit.runner.Result:getRunCount
365 junit.framework.ComparisonFailure:getMessage
366 junit.framework.ComparisonCompactor:compact
367 org.junit.runners.ParentRunner:getTestClass
368 org.junit.experimental.max.MaxHistory:putTestDuration
369 org.junit.internal.ArrayComparisonFailure:toString
370 org.junit.internal.ArrayComparisonFailure:getMessage
371 junit.framework.TestResult:startTest
372 org.junit.experimental.max.MaxHistory:forFolder
373 org.junit.experimental.max.CouldNotReadCoreException:printStackTrace
374 org.junit.runner.Request:method
375 org.junit.runner.Request:filterWith
376 org.junit.internal.runners.JUnit4ClassRunner:testName
377 junit.extensions.TestDecorator:getTest
378 org.junit.internal.requests.ClassRequest:getRunner
379 org.junit.internal.builders.AllDefaultPossibilitiesBuilder:safeRunnerForClass
380 org.junit.runner.manipulation.Filter:describe
381 org.junit.experimental.theories.internal.ParameterizedAssertionError:equals
382 org.junit.experimental.theories.internal.ParameterizedAssertionError:toString
383 org.junit.internal.builders.AllDefaultPossibilitiesBuilder:suiteMethodBuilder
384 org.junit.runners.ParentRunner:validate
385 org.junit.internal.builders.AllDefaultPossibilitiesBuilder:junit3Builder
386 junit.runner.BaseTestRunner:runFailed
387 junit.textui.TestRunner:getTest
388 org.junit.internal.runners.JUnit4ClassRunner:runMethods
389 junit.framework.JUnit4TestAdapter:getTests
390 org.junit.runner.JUnitCore:runClasses
391 org.junit.runner.Computer:getRunner
392 junit.framework.JUnit4TestAdapter:getDescription
393 org.junit.runner.notification.RunNotifier:fireTestRunStarted
394 org.junit.runners.BlockJUnit4ClassRunner:withRules
395 org.junit.runners.BlockJUnit4ClassRunner:rules
396 org.junit.internal.runners.model.ReflectiveCallable:run
397 org.junit.internal.runners.model.ReflectiveCallable:runReflectiveCall
398 org.junit.experimental.ParallelComputer:parallelize
399 org.junit.runners.ParentRunner:setScheduler
400 org.junit.rules.TemporaryFolder:before
401 org.junit.rules.TemporaryFolder:create
402 org.junit.internal.builders.AllDefaultPossibilitiesBuilder:junit4Builder
403 org.junit.experimental.theories.internal.Assignments:getConstructorParameterCount
404 junit.framework.TestSuite:createTest
405 junit.framework.TestCase:setName
406 org.junit.internal.builders.IgnoredClassRunner:getDescription
407 org.junit.runners.model.FrameworkField:isShadowedBy
408 org.junit.runners.model.FrameworkField:getField
409 org.junit.rules.TemporaryFolder:after
410 org.junit.rules.TemporaryFolder:delete
411 org.junit.internal.runners.model.MultipleFailureException:getFailures
412 org.junit.runner.JUnitCore:runMainAndExit
413 org.junit.runners.BlockJUnit4ClassRunner:validateFields
