0 junit.framework.JUnit4TestCaseFacade:toString
1 junit.framework.JUnit4TestCaseFacade:getDescription
2 org.junit.experimental.theories.suppliers.TestedOnSupplier:getValueSources
3 org.junit.experimental.theories.ParameterSignature:getAnnotation
4 junit.textui.ResultPrinter:printFooter
5 junit.framework.TestResult:errorCount
6 org.junit.internal.runners.statements.ExpectException:evaluate
7 org.junit.runners.model.Statement:evaluate
8 junit.framework.TestCase:runBare
9 junit.framework.TestCase:tearDown
10 org.junit.runner.JUnitCore:run
11 org.junit.runner.Runner:run
12 org.junit.runners.Parameterized:getParametersMethod
13 org.junit.runners.model.TestClass:getAnnotatedMethods
14 junit.textui.TestRunner:start
15 junit.textui.TestRunner:extractClassName
16 org.junit.experimental.theories.internal.AllMembersSupplier:addMultiPointMethods
17 org.junit.experimental.theories.Theories:validateDataPointFields
18 org.junit.experimental.theories.Theories:getTestClass
19 org.junit.runners.model.RunnerBuilder:safeRunnerForClass
20 org.junit.runners.model.RunnerBuilder:runnerForClass
21 junit.framework.JUnit4TestAdapterCache:asTest
22 org.junit.runner.Description:isSuite
23 junit.framework.TestResult:runProtected
24 junit.framework.TestResult:addError
25 org.junit.internal.runners.JUnit4ClassRunner:filter
26 org.junit.internal.runners.JUnit4ClassRunner:methodDescription
27 org.junit.runners.Suite:runChild
28 org.junit.internal.TextListener:testRunFinished
29 org.junit.runner.Result:getRunTime
30 junit.framework.TestSuite:toString
31 junit.framework.TestSuite:getName
32 junit.textui.ResultPrinter:printHeader
33 junit.textui.ResultPrinter:elapsedTimeAsString
34 org.junit.internal.runners.MethodRoadie:run
35 org.junit.internal.runners.TestMethod:isIgnored
36 org.junit.internal.runners.JUnit38ClassRunner:makeDescription
37 junit.framework.TestCase:getName
38 org.junit.internal.runners.JUnit4ClassRunner:invokeTestMethod
39 org.junit.runner.JUnitCore:removeListener
40 org.junit.runner.notification.RunNotifier:removeListener
41 org.junit.internal.runners.ErrorReportingRunner:runCause
42 org.junit.runner.notification.RunNotifier:fireTestFailure
43 junit.textui.ResultPrinter:printDefectHeader
44 junit.textui.ResultPrinter:getWriter
45 org.junit.runners.ParentRunner:classBlock
46 org.junit.runners.ParentRunner:childrenInvoker
47 junit.framework.JUnit4TestAdapterCache:createTest
48 org.junit.internal.TextListener:printFailures
49 org.junit.runner.Result:getFailures
50 junit.textui.ResultPrinter:print
51 org.junit.runners.BlockJUnit4ClassRunner:runChild
52 org.junit.internal.runners.model.EachTestNotifier:addFailedAssumption
53 junit.runner.BaseTestRunner:startTest
54 junit.runner.BaseTestRunner:testStarted
55 org.junit.runners.BlockJUnit4ClassRunner:collectInitializationErrors
56 org.junit.runners.BlockJUnit4ClassRunner:validateInstanceMethods
57 org.junit.internal.runners.JUnit4ClassRunner:run
58 org.junit.internal.runners.ClassRoadie:runProtected
59 org.junit.runners.BlockJUnit4ClassRunner:withAfters
60 org.junit.runners.BlockJUnit4ClassRunner:getTestClass
61 org.junit.internal.runners.JUnit4ClassRunner:validate
62 org.junit.internal.runners.MethodValidator:assertValid
63 org.junit.internal.runners.statements.RunAfters:evaluate
64 org.junit.experimental.theories.internal.Assignments:potentialsForNextUnassigned
65 org.junit.experimental.theories.internal.Assignments:nextUnassigned
66 org.junit.internal.runners.MethodValidator:validateInstanceMethods
67 org.junit.internal.runners.TestClass:getAnnotatedMethods
68 org.junit.runner.Runner:getDescription
69 org.junit.runner.notification.Failure:getTrace
70 org.junit.runner.notification.Failure:getException
71 org.junit.runners.BlockJUnit4ClassRunner:possiblyExpectingExceptions
72 org.junit.runners.model.FrameworkMethod:getAnnotation
73 junit.extensions.TestDecorator:run
74 junit.extensions.TestDecorator:basicRun
75 org.junit.internal.runners.JUnit4ClassRunner:classAnnotations
76 org.junit.internal.runners.TestClass:getJavaClass
77 org.junit.runners.model.TestClass:addToAnnotationList
78 org.junit.internal.builders.AllDefaultPossibilitiesBuilder:runnerForClass
79 org.junit.internal.builders.AllDefaultPossibilitiesBuilder:ignoredBuilder
80 org.junit.internal.TextListener:printFailure
81 junit.framework.TestSuite:addTest
82 org.junit.runner.Result:wasSuccessful
83 org.junit.runner.Result:getFailureCount
84 org.junit.experimental.theories.internal.AllMembersSupplier:addFields
85 org.junit.experimental.theories.ParameterSignature:canAcceptArrayType
86 junit.framework.JUnit4TestAdapter:sort
87 org.junit.runner.manipulation.Sorter:apply
88 junit.runner.BaseTestRunner:addFailure
89 junit.runner.BaseTestRunner:testFailed
90 org.junit.runner.Description:getDisplayName
91 org.junit.runner.Description:testCount
92 org.junit.runner.Description:getChildren
93 org.junit.internal.runners.JUnit4ClassRunner:getDescription
94 junit.textui.ResultPrinter:startTest
95 org.junit.runners.BlockJUnit4ClassRunner:createTest
96 org.junit.internal.runners.ClassRoadie:runAfters
97 org.junit.internal.runners.TestClass:getAfters
98 junit.framework.JUnit4TestAdapter:run
99 org.junit.internal.runners.MethodValidator:validateMethodsForDefaultRunner
100 org.junit.experimental.theories.internal.Assignments:getConstructorArguments
101 org.junit.experimental.theories.internal.Assignments:getActualValues
102 org.junit.internal.runners.TestMethod:isUnexpected
103 org.junit.internal.runners.TestMethod:getExpectedException
104 junit.textui.TestRunner:runAndWait
105 junit.textui.TestRunner:doRun
106 org.junit.runner.Description:isEmpty
107 org.junit.runner.Description:equals
108 junit.framework.TestFailure:isFailure
109 junit.framework.TestFailure:thrownException
110 org.junit.internal.runners.MethodValidator:validateNoArgConstructor
111 org.junit.internal.runners.TestClass:getConstructor
112 junit.textui.ResultPrinter:printDefectTrace
113 junit.extensions.ActiveTestSuite:run
114 junit.extensions.ActiveTestSuite:waitUntilFinished
115 org.junit.runner.Description:toString
116 junit.framework.JUnit4TestAdapter:removeIgnored
117 org.junit.internal.runners.model.EachTestNotifier:addFailure
118 org.junit.internal.runners.MethodRoadie:runTestMethod
119 org.junit.runners.ParentRunner:sortChild
120 org.junit.internal.runners.MethodRoadie:runWithTimeout
121 org.junit.internal.runners.MethodRoadie:runBeforesThenTestThenAfters
122 org.junit.experimental.theories.PotentialAssignment:getValue
123 junit.framework.TestSuite:run
124 junit.framework.TestSuite:runTest
125 org.junit.internal.requests.FilterRequest:getRunner
126 org.junit.runner.Request:getRunner
127 junit.textui.ResultPrinter:printErrors
128 org.junit.internal.requests.SortingRequest:getRunner
129 junit.framework.TestResult:errors
130 org.junit.runners.BlockJUnit4ClassRunner:testName
131 org.junit.runners.model.FrameworkMethod:getName
132 org.junit.runners.model.TestClass:getJavaClass
133 junit.framework.JUnit4TestAdapterCache:containsKey
134 org.junit.internal.runners.JUnit4ClassRunner:getTestMethods
135 org.junit.internal.runners.TestClass:getTestMethods
136 org.junit.internal.runners.MethodRoadie:runBefores
137 org.junit.internal.runners.TestMethod:getBefores
138 junit.textui.TestRunner:pause
139 org.junit.runner.notification.RunNotifier:fireTestFinished
140 junit.framework.TestCase:run
141 junit.framework.TestCase:createResult
142 junit.textui.ResultPrinter:printDefects
143 org.junit.internal.runners.MethodValidator:validateStaticMethods
144 junit.runner.BaseTestRunner:getTest
145 junit.runner.BaseTestRunner:clearStatus
146 org.junit.runner.manipulation.Filter:shouldRun
147 org.junit.internal.TextListener:printFooter
148 junit.textui.TestRunner:runSingleMethod
149 junit.textui.TestRunner:loadSuiteClass
150 junit.framework.TestResult:runCount
151 org.junit.runners.ParentRunner:shouldRun
152 org.junit.runners.ParentRunner:describeChild
153 org.junit.runner.Description:addChild
154 org.junit.internal.builders.SuiteMethodBuilder:runnerForClass
155 org.junit.internal.builders.SuiteMethodBuilder:hasSuiteMethod
156 org.junit.runner.notification.RunNotifier:fireTestRunFinished
157 org.junit.experimental.theories.internal.Assignments:getArgumentStrings
158 org.junit.experimental.theories.PotentialAssignment:getDescription
159 org.junit.runners.BlockJUnit4ClassRunner:describeChild
160 org.junit.runners.model.FrameworkMethod:getAnnotations
161 org.junit.internal.runners.MethodRoadie:addFailure
162 org.junit.experimental.results.PrintableResult:toString
163 org.junit.runners.ParentRunner:withBeforeClasses
164 junit.textui.ResultPrinter:printWaitPrompt
165 org.junit.runners.ParentRunner:getFilteredChildren
166 org.junit.runners.ParentRunner:getChildren
167 org.junit.experimental.theories.internal.AllMembersSupplier:addSinglePointMethods
168 org.junit.experimental.theories.ParameterSignature:getType
169 org.junit.internal.matchers.SubstringMatcher:matchesSafely
170 org.junit.internal.matchers.SubstringMatcher:evalSubstringOf
171 org.junit.internal.runners.statements.RunBefores:evaluate
172 org.junit.runners.model.FrameworkMethod:invokeExplosively
173 org.junit.runners.ParentRunner:run
174 org.junit.internal.runners.model.EachTestNotifier:fireTestIgnored
175 org.junit.internal.runners.JUnit4ClassRunner:getName
176 junit.framework.TestResult:run
177 org.junit.runners.BlockJUnit4ClassRunner:computeTestMethods
178 org.junit.runners.model.TestClass:addToAnnotationLists
179 org.junit.runners.model.TestClass:computeAnnotations
180 org.junit.runner.JUnitCore:runMain
181 junit.textui.ResultPrinter:printFailures
182 junit.framework.TestResult:failureCount
183 org.junit.experimental.results.PrintableResult:getFailures
184 junit.framework.TestFailure:trace
185 junit.framework.JUnit4TestAdapter:filter
186 org.junit.runner.manipulation.Filter:apply
187 junit.textui.ResultPrinter:addFailure
188 org.junit.runners.model.RunnerBuilder:runners
189 junit.framework.TestSuite:testAt
190 junit.framework.JUnit4TestAdapterCache:asTestList
191 junit.framework.TestResult:endTest
192 org.junit.internal.runners.MethodRoadie:runAfters
193 org.junit.internal.runners.TestMethod:getAfters
194 org.junit.experimental.theories.internal.Assignments:getAllArguments
195 junit.textui.TestRunner:createTestResult
196 junit.textui.ResultPrinter:printDefect
197 org.junit.experimental.theories.internal.Assignments:getAnnotatedSupplier
198 org.junit.experimental.theories.ParameterSignature:findDeepAnnotation
199 org.junit.internal.runners.MethodValidator:validateTestMethods
200 org.junit.experimental.theories.internal.Assignments:getSupplier
201 org.junit.internal.builders.IgnoredClassRunner:run
202 org.junit.runner.notification.RunNotifier:fireTestIgnored
203 junit.textui.TestRunner:main
204 junit.framework.TestResult:wasSuccessful
205 org.junit.runners.ParentRunner:withAfterClasses
206 junit.extensions.ActiveTestSuite:testCount
207 org.junit.runners.BlockJUnit4ClassRunner:methodBlock
208 org.junit.runners.BlockJUnit4ClassRunner:withBefores
209 org.junit.runners.model.TestClass:getOnlyConstructor
210 junit.framework.TestCase:setUp
211 org.junit.experimental.theories.ParameterSupplier:getValueSources
212 org.junit.runner.Description:childlessCopy
213 org.junit.internal.runners.ClassRoadie:addFailure
214 org.junit.internal.matchers.SubstringMatcher:describeTo
215 org.junit.internal.matchers.SubstringMatcher:relationship
216 org.junit.internal.runners.model.EachTestNotifier:fireTestFinished
217 org.junit.runner.notification.RunNotifier:fireTestStarted
218 junit.framework.TestSuite:addTestSuite
219 org.junit.experimental.theories.ParameterSignature:getAnnotations
220 org.junit.internal.TextListener:printHeader
221 junit.runner.BaseTestRunner:loadSuiteClass
222 junit.framework.TestFailure:exceptionMessage
223 junit.textui.ResultPrinter:addError
224 org.junit.internal.runners.TestMethod:expectsException
225 org.junit.internal.runners.MethodRoadie:runTest
226 junit.framework.JUnit4TestAdapter:countTestCases
227 org.junit.runner.Runner:testCount
228 org.junit.runner.Description:hashCode
229 org.junit.internal.runners.JUnit4ClassRunner:testAnnotations
230 org.junit.internal.runners.ClassRoadie:runUnprotected
231 org.junit.runners.BlockJUnit4ClassRunner:validatePublicVoidNoArgMethods
232 org.junit.runners.model.FrameworkMethod:getMethod
233 org.junit.runners.ParentRunner:getDescription
234 org.junit.runners.model.TestClass:getAnnotations
235 org.junit.experimental.theories.internal.Assignments:getMethodArguments
236 org.junit.experimental.theories.ParameterSignature:canAcceptType
237 org.junit.runner.notification.RunNotifier:fireTestAssumptionFailed
238 org.junit.internal.runners.TestClass:getName
239 org.junit.internal.runners.JUnit4ClassRunner:testAborted
240 org.junit.internal.runners.JUnit38ClassRunner:run
241 junit.framework.TestResult:addListener
242 org.junit.internal.runners.TestMethod:getTimeout
243 org.junit.runner.JUnitCore:addListener
244 org.junit.runners.BlockJUnit4ClassRunner:validateTestMethods
245 org.junit.runners.BlockJUnit4ClassRunner:makeNotifier
246 junit.framework.TestFailure:failedTest
247 org.junit.internal.runners.TestClass:getBefores
248 org.junit.internal.builders.AnnotatedBuilder:runnerForClass
249 org.junit.internal.builders.AnnotatedBuilder:buildRunner
250 org.junit.internal.runners.JUnit4ClassRunner:createTest
251 org.junit.internal.runners.JUnit4ClassRunner:getTestClass
252 junit.framework.TestResult:failures
253 org.junit.experimental.theories.Theories:computeTestMethods
254 org.junit.runners.BlockJUnit4ClassRunner:getChildren
255 org.junit.runners.BlockJUnit4ClassRunner:methodInvoker
256 org.junit.internal.runners.model.EachTestNotifier:fireTestStarted
257 org.junit.runner.notification.Failure:toString
258 org.junit.runner.notification.Failure:getTestHeader
259 org.junit.runners.ParentRunner:collectInitializationErrors
260 org.junit.runners.ParentRunner:validatePublicVoidNoArgMethods
261 junit.extensions.RepeatedTest:run
262 junit.framework.TestResult:shouldStop
263 junit.framework.TestResult:addFailure
264 org.junit.runner.Description:isTest
265 org.junit.experimental.theories.internal.Assignments:allUnassigned
266 org.junit.runners.BlockJUnit4ClassRunner:validateZeroArgConstructor
267 org.junit.internal.runners.ErrorReportingRunner:getCauses
268 org.junit.runners.model.InitializationError:getCauses
269 org.junit.experimental.results.FailureList:result
270 org.junit.runner.notification.RunListener:testFailure
271 org.junit.runners.BlockJUnit4ClassRunner:validateConstructor
272 org.junit.internal.runners.InitializationError:getCauses
273 org.junit.internal.builders.AllDefaultPossibilitiesBuilder:annotatedBuilder
274 junit.textui.TestRunner:run
275 org.junit.runner.notification.Failure:getMessage
276 org.junit.runners.ParentRunner:getName
277 org.junit.runners.model.TestClass:getName
278 junit.framework.JUnit4TestAdapterCache:put
279 org.junit.runners.model.FrameworkMethod:producesType
280 org.junit.internal.runners.ClassRoadie:runBefores
281 junit.framework.TestSuite:addTestMethod
282 junit.extensions.TestSetup:run
283 org.junit.internal.runners.JUnit4ClassRunner:wrapMethod
284 org.junit.runners.model.FrameworkMethod:isShadowedBy
285 org.junit.runners.ParentRunner:filter
286 junit.runner.BaseTestRunner:endTest
287 junit.runner.BaseTestRunner:testEnded
288 junit.framework.JUnit4TestAdapterCache:get
289 junit.framework.JUnit4TestAdapterCache:getNotifier
290 junit.framework.TestCase:runTest
291 junit.runner.BaseTestRunner:processArguments
292 junit.runner.BaseTestRunner:extractClassName
293 junit.framework.TestCase:toString
294 org.junit.runners.BlockJUnit4ClassRunner:hasOneConstructor
295 org.junit.internal.runners.ErrorReportingRunner:getDescription
296 org.junit.runner.Result:createListener
297 org.junit.internal.TextListener:elapsedTimeAsString
298 org.junit.runners.ParentRunner:filterChild
299 org.junit.runners.Suite:describeChild
300 org.junit.runners.BlockJUnit4ClassRunner:withPotentialTimeout
301 org.junit.runners.model.RunnerBuilder:removeParent
302 org.junit.runner.notification.RunNotifier:addListener
303 org.junit.internal.builders.JUnit3Builder:runnerForClass
304 org.junit.internal.builders.JUnit3Builder:isPre4Test
305 org.junit.runner.JUnitCore:addFirstListener
306 org.junit.runner.notification.RunNotifier:addFirstListener
307 org.junit.runners.Parameterized:getParametersList
308 org.junit.runners.model.FrameworkMethod:validatePublicVoidNoArg
309 org.junit.experimental.theories.Theories:validateTestMethods
310 org.junit.runners.model.RunnerBuilder:addParent
311 junit.runner.BaseTestRunner:setLoading
312 org.junit.runners.model.FrameworkMethod:validatePublicVoid
313 junit.framework.JUnit4TestAdapter:isIgnored
314 org.junit.runner.Description:getAnnotation
315 org.junit.internal.runners.statements.InvokeMethod:evaluate
316 org.junit.experimental.theories.ParameterSignature:hasAnnotation
317 org.junit.internal.matchers.TypeSafeMatcher:matches
318 org.junit.internal.matchers.TypeSafeMatcher:matchesSafely
319 org.junit.internal.runners.TestMethod:invoke
320 junit.runner.BaseTestRunner:addError
321 org.junit.runner.Result:getRunCount
322 junit.framework.ComparisonFailure:getMessage
323 junit.framework.ComparisonCompactor:compact
324 org.junit.runners.ParentRunner:getTestClass
325 org.junit.internal.ArrayComparisonFailure:toString
326 org.junit.internal.ArrayComparisonFailure:getMessage
327 junit.framework.TestResult:startTest
328 org.junit.runner.Request:method
329 org.junit.runner.Request:filterWith
330 org.junit.internal.runners.JUnit4ClassRunner:testName
331 junit.extensions.TestDecorator:getTest
332 org.junit.internal.requests.ClassRequest:getRunner
333 org.junit.internal.builders.AllDefaultPossibilitiesBuilder:safeRunnerForClass
334 org.junit.runner.manipulation.Filter:describe
335 org.junit.experimental.theories.internal.ParameterizedAssertionError:equals
336 org.junit.experimental.theories.internal.ParameterizedAssertionError:toString
337 org.junit.internal.builders.AllDefaultPossibilitiesBuilder:suiteMethodBuilder
338 org.junit.runners.ParentRunner:validate
339 org.junit.internal.builders.AllDefaultPossibilitiesBuilder:junit3Builder
340 junit.runner.BaseTestRunner:runFailed
341 junit.textui.TestRunner:getTest
342 org.junit.internal.runners.JUnit4ClassRunner:runMethods
343 junit.framework.JUnit4TestAdapter:getTests
344 org.junit.runner.JUnitCore:runClasses
345 junit.framework.JUnit4TestAdapter:getDescription
346 org.junit.runner.notification.RunNotifier:fireTestRunStarted
347 org.junit.internal.runners.model.ReflectiveCallable:run
348 org.junit.internal.runners.model.ReflectiveCallable:runReflectiveCall
349 org.junit.runners.ParentRunner:runChildren
350 org.junit.runners.ParentRunner:runChild
351 org.junit.internal.builders.AllDefaultPossibilitiesBuilder:junit4Builder
352 org.junit.experimental.theories.internal.Assignments:getConstructorParameterCount
353 junit.framework.TestSuite:testCount
354 junit.framework.TestSuite:createTest
355 junit.framework.TestCase:setName
356 org.junit.internal.builders.IgnoredClassRunner:getDescription
357 org.junit.internal.runners.model.MultipleFailureException:getFailures
358 org.junit.runner.JUnitCore:runMainAndExit
359 org.junit.Assert:internalArrayEquals
360 org.junit.internal.ArrayComparisonFailure:addDimension
