0 junit.framework.JUnit4TestCaseFacade:toString
1 junit.framework.JUnit4TestCaseFacade:getDescription
2 org.junit.experimental.theories.suppliers.TestedOnSupplier:getValueSources
3 org.junit.experimental.theories.ParameterSignature:getAnnotation
4 junit.textui.ResultPrinter:printFooter
5 junit.framework.TestResult:errorCount
6 org.junit.internal.runners.statements.ExpectException:evaluate
7 org.junit.runners.model.Statement:evaluate
8 junit.framework.TestCase:runBare
9 junit.framework.TestCase:tearDown
10 org.junit.runner.JUnitCore:run
11 org.junit.runner.Runner:run
12 org.junit.runners.Parameterized:getParametersMethod
13 org.junit.runners.model.TestClass:getAnnotatedMethods
14 junit.textui.TestRunner:start
15 junit.textui.TestRunner:extractClassName
16 org.junit.experimental.theories.internal.AllMembersSupplier:addMultiPointMethods
17 org.junit.experimental.theories.Theories:validateDataPointFields
18 org.junit.experimental.theories.Theories:getTestClass
19 org.junit.runners.model.RunnerBuilder:safeRunnerForClass
20 org.junit.runners.model.RunnerBuilder:runnerForClass
21 junit.framework.JUnit4TestAdapterCache:asTest
22 org.junit.runner.Description:isSuite
23 org.junit.internal.runners.JUnit38ClassRunner:sort
24 org.junit.internal.runners.JUnit38ClassRunner:getTest
25 org.junit.runners.ParentRunner:getDescription
26 org.junit.runners.ParentRunner:getFilteredChildren
27 junit.framework.TestResult:runProtected
28 junit.framework.TestResult:addError
29 org.junit.internal.runners.JUnit4ClassRunner:filter
30 org.junit.internal.runners.JUnit4ClassRunner:methodDescription
31 org.junit.runners.Suite:runChild
32 org.junit.internal.TextListener:testRunFinished
33 org.junit.runner.Result:getRunTime
34 junit.framework.TestSuite:toString
35 junit.framework.TestSuite:getName
36 junit.textui.ResultPrinter:printHeader
37 junit.textui.ResultPrinter:elapsedTimeAsString
38 org.junit.internal.runners.MethodRoadie:run
39 org.junit.internal.runners.TestMethod:isIgnored
40 org.junit.internal.runners.JUnit38ClassRunner:makeDescription
41 junit.framework.TestCase:getName
42 org.junit.experimental.max.MaxHistory:getTestDuration
43 org.junit.runner.Description:toString
44 org.junit.internal.runners.JUnit4ClassRunner:invokeTestMethod
45 org.junit.runner.JUnitCore:removeListener
46 org.junit.runner.notification.RunNotifier:removeListener
47 org.junit.internal.runners.ErrorReportingRunner:runCause
48 org.junit.runner.notification.RunNotifier:fireTestFailure
49 junit.textui.ResultPrinter:printDefectHeader
50 junit.textui.ResultPrinter:getWriter
51 org.junit.runners.ParentRunner:classBlock
52 org.junit.runners.ParentRunner:childrenInvoker
53 junit.framework.JUnit4TestAdapterCache:createTest
54 org.junit.internal.TextListener:printFailures
55 org.junit.runner.Result:getFailures
56 junit.textui.ResultPrinter:print
57 org.junit.experimental.max.MaxCore:buildRunner
58 org.junit.runner.Description:getTestClass
59 org.junit.runners.BlockJUnit4ClassRunner:runChild
60 org.junit.internal.runners.model.EachTestNotifier:addFailedAssumption
61 org.junit.experimental.max.MaxHistory:putTestFailureTimestamp
62 junit.runner.BaseTestRunner:startTest
63 junit.runner.BaseTestRunner:testStarted
64 org.junit.runners.BlockJUnit4ClassRunner:collectInitializationErrors
65 org.junit.runners.BlockJUnit4ClassRunner:validateInstanceMethods
66 org.junit.internal.runners.JUnit4ClassRunner:run
67 org.junit.internal.runners.ClassRoadie:runProtected
68 org.junit.runners.BlockJUnit4ClassRunner:withAfters
69 org.junit.runners.BlockJUnit4ClassRunner:getTestClass
70 org.junit.internal.runners.JUnit4ClassRunner:validate
71 org.junit.internal.runners.MethodValidator:assertValid
72 org.junit.internal.runners.statements.RunAfters:evaluate
73 org.junit.experimental.theories.internal.Assignments:potentialsForNextUnassigned
74 org.junit.experimental.theories.internal.Assignments:nextUnassigned
75 org.junit.internal.runners.MethodValidator:validateInstanceMethods
76 org.junit.internal.runners.TestClass:getAnnotatedMethods
77 org.junit.runner.Runner:getDescription
78 org.junit.runner.notification.Failure:getTrace
79 org.junit.runner.notification.Failure:getException
80 org.junit.runners.BlockJUnit4ClassRunner:possiblyExpectingExceptions
81 org.junit.runners.model.FrameworkMethod:getAnnotation
82 org.junit.experimental.max.MaxCore:sortedLeavesForTest
83 org.junit.experimental.max.MaxCore:sortRequest
84 junit.extensions.TestDecorator:run
85 junit.extensions.TestDecorator:basicRun
86 org.junit.internal.runners.JUnit4ClassRunner:classAnnotations
87 org.junit.internal.runners.TestClass:getJavaClass
88 org.junit.runners.model.TestClass:addToAnnotationList
89 org.junit.internal.builders.AllDefaultPossibilitiesBuilder:runnerForClass
90 org.junit.internal.builders.AllDefaultPossibilitiesBuilder:ignoredBuilder
91 org.junit.runner.Description:getMethodName
92 org.junit.internal.TextListener:printFailure
93 junit.framework.TestSuite:addTest
94 org.junit.runner.Result:wasSuccessful
95 org.junit.runner.Result:getFailureCount
96 org.junit.experimental.theories.internal.AllMembersSupplier:addFields
97 org.junit.experimental.theories.ParameterSignature:canAcceptArrayType
98 junit.framework.JUnit4TestAdapter:sort
99 org.junit.runner.manipulation.Sorter:apply
100 junit.runner.BaseTestRunner:addFailure
101 junit.runner.BaseTestRunner:testFailed
102 org.junit.runner.Description:getDisplayName
103 org.junit.runner.Description:testCount
104 org.junit.runner.Description:getChildren
105 org.junit.internal.runners.JUnit4ClassRunner:getDescription
106 junit.textui.ResultPrinter:startTest
107 org.junit.runners.BlockJUnit4ClassRunner:createTest
108 org.junit.internal.runners.ClassRoadie:runAfters
109 org.junit.internal.runners.TestClass:getAfters
110 junit.framework.JUnit4TestAdapter:run
111 org.junit.internal.runners.MethodValidator:validateMethodsForDefaultRunner
112 org.junit.experimental.theories.internal.Assignments:getConstructorArguments
113 org.junit.experimental.theories.internal.Assignments:getActualValues
114 org.junit.internal.runners.TestMethod:isUnexpected
115 org.junit.internal.runners.TestMethod:getExpectedException
116 junit.textui.TestRunner:runAndWait
117 junit.textui.TestRunner:doRun
118 org.junit.runner.Description:isEmpty
119 org.junit.runner.Description:equals
120 junit.framework.TestFailure:isFailure
121 junit.framework.TestFailure:thrownException
122 org.junit.internal.runners.JUnit38ClassRunner:filter
123 org.junit.internal.runners.MethodValidator:validateNoArgConstructor
124 org.junit.internal.runners.TestClass:getConstructor
125 junit.textui.ResultPrinter:printDefectTrace
126 junit.extensions.ActiveTestSuite:run
127 junit.extensions.ActiveTestSuite:waitUntilFinished
128 junit.framework.JUnit4TestAdapter:removeIgnored
129 org.junit.experimental.theories.Theories:validateTestMethods
130 org.junit.internal.runners.model.EachTestNotifier:addFailure
131 org.junit.internal.runners.MethodRoadie:runTestMethod
132 org.junit.runners.ParentRunner:sortChild
133 org.junit.internal.runners.MethodRoadie:runWithTimeout
134 org.junit.internal.runners.MethodRoadie:runBeforesThenTestThenAfters
135 org.junit.experimental.theories.PotentialAssignment:getValue
136 junit.framework.TestSuite:run
137 junit.framework.TestSuite:runTest
138 org.junit.internal.requests.FilterRequest:getRunner
139 org.junit.runner.Request:getRunner
140 junit.textui.ResultPrinter:printErrors
141 org.junit.internal.requests.SortingRequest:getRunner
142 org.junit.experimental.max.MaxHistory:isNewTest
143 org.junit.experimental.max.MaxCore:run
144 junit.framework.TestResult:errors
145 org.junit.experimental.max.MaxCore:constructLeafRequest
146 org.junit.runners.BlockJUnit4ClassRunner:testName
147 org.junit.runners.model.FrameworkMethod:getName
148 org.junit.runner.Description:getClassName
149 org.junit.runners.BlockJUnit4ClassRunner:makeNotifier
150 org.junit.runners.model.TestClass:getJavaClass
151 junit.framework.JUnit4TestAdapterCache:containsKey
152 org.junit.internal.runners.JUnit4ClassRunner:getTestMethods
153 org.junit.internal.runners.TestClass:getTestMethods
154 org.junit.internal.runners.MethodRoadie:runBefores
155 org.junit.internal.runners.TestMethod:getBefores
156 junit.textui.TestRunner:pause
157 org.junit.experimental.max.MaxHistory:testComparator
158 org.junit.runner.notification.RunNotifier:fireTestFinished
159 junit.framework.TestCase:run
160 junit.framework.TestCase:createResult
161 junit.textui.ResultPrinter:printDefects
162 org.junit.internal.runners.MethodValidator:validateStaticMethods
163 junit.runner.BaseTestRunner:getTest
164 junit.runner.BaseTestRunner:clearStatus
165 org.junit.runner.JUnitCore:addListener
166 org.junit.internal.runners.JUnit38ClassRunner:getDescription
167 org.junit.runner.manipulation.Filter:shouldRun
168 org.junit.internal.TextListener:printFooter
169 junit.textui.TestRunner:runSingleMethod
170 junit.textui.TestRunner:loadSuiteClass
171 junit.framework.TestResult:runCount
172 org.junit.runners.ParentRunner:shouldRun
173 org.junit.runners.ParentRunner:describeChild
174 org.junit.runner.Description:addChild
175 org.junit.internal.builders.SuiteMethodBuilder:runnerForClass
176 org.junit.internal.builders.SuiteMethodBuilder:hasSuiteMethod
177 org.junit.runner.notification.RunNotifier:fireTestRunFinished
178 org.junit.experimental.theories.internal.Assignments:getArgumentStrings
179 org.junit.experimental.theories.PotentialAssignment:getDescription
180 org.junit.runners.BlockJUnit4ClassRunner:describeChild
181 org.junit.runners.model.FrameworkMethod:getAnnotations
182 org.junit.internal.runners.MethodRoadie:addFailure
183 org.junit.experimental.results.PrintableResult:toString
184 org.junit.runners.ParentRunner:withBeforeClasses
185 junit.textui.ResultPrinter:printWaitPrompt
186 org.junit.runners.ParentRunner:getChildren
187 org.junit.experimental.theories.internal.AllMembersSupplier:addSinglePointMethods
188 org.junit.experimental.theories.ParameterSignature:getType
189 org.junit.internal.matchers.SubstringMatcher:matchesSafely
190 org.junit.internal.matchers.SubstringMatcher:evalSubstringOf
191 org.junit.internal.runners.statements.RunBefores:evaluate
192 org.junit.runners.model.FrameworkMethod:invokeExplosively
193 org.junit.runners.ParentRunner:run
194 org.junit.internal.runners.model.EachTestNotifier:fireTestIgnored
195 org.junit.internal.runners.JUnit4ClassRunner:getName
196 junit.framework.TestResult:run
197 org.junit.runners.BlockJUnit4ClassRunner:computeTestMethods
198 org.junit.runners.model.TestClass:addToAnnotationLists
199 org.junit.runners.model.TestClass:computeAnnotations
200 org.junit.runner.Description:parseMethod
201 org.junit.runner.JUnitCore:runMain
202 junit.textui.ResultPrinter:printFailures
203 junit.framework.TestResult:failureCount
204 org.junit.experimental.results.PrintableResult:getFailures
205 junit.framework.TestFailure:trace
206 junit.framework.JUnit4TestAdapter:filter
207 org.junit.runner.manipulation.Filter:apply
208 junit.framework.TestSuite:testAt
209 junit.textui.ResultPrinter:addFailure
210 org.junit.runners.model.RunnerBuilder:runners
211 org.junit.runners.ParentRunner:runChildren
212 junit.framework.JUnit4TestAdapterCache:asTestList
213 junit.framework.TestResult:endTest
214 org.junit.internal.runners.MethodRoadie:runAfters
215 org.junit.internal.runners.TestMethod:getAfters
216 org.junit.experimental.theories.internal.Assignments:getAllArguments
217 junit.textui.TestRunner:createTestResult
218 junit.textui.ResultPrinter:printDefect
219 org.junit.experimental.theories.internal.Assignments:getAnnotatedSupplier
220 org.junit.experimental.theories.ParameterSignature:findDeepAnnotation
221 org.junit.internal.runners.MethodValidator:validateTestMethods
222 org.junit.internal.runners.JUnit38ClassRunner:createSuiteDescription
223 junit.framework.TestSuite:countTestCases
224 org.junit.experimental.theories.internal.Assignments:getSupplier
225 org.junit.internal.builders.IgnoredClassRunner:run
226 org.junit.runner.notification.RunNotifier:fireTestIgnored
227 junit.textui.TestRunner:main
228 junit.framework.TestResult:wasSuccessful
229 org.junit.runners.ParentRunner:withAfterClasses
230 junit.extensions.ActiveTestSuite:testCount
231 org.junit.runners.BlockJUnit4ClassRunner:methodBlock
232 org.junit.runners.BlockJUnit4ClassRunner:withBefores
233 org.junit.runners.model.TestClass:getOnlyConstructor
234 junit.framework.TestCase:setUp
235 org.junit.internal.InexactComparisonCriteria:internalArrayEquals
236 org.junit.internal.ArrayComparisonFailure:addDimension
237 org.junit.experimental.theories.ParameterSupplier:getValueSources
238 org.junit.internal.runners.JUnit38ClassRunner:run
239 org.junit.internal.runners.JUnit38ClassRunner:createAdaptingListener
240 org.junit.runner.Description:childlessCopy
241 org.junit.internal.runners.ClassRoadie:addFailure
242 org.junit.internal.matchers.SubstringMatcher:describeTo
243 org.junit.internal.matchers.SubstringMatcher:relationship
244 org.junit.internal.runners.model.EachTestNotifier:fireTestFinished
245 org.junit.runner.notification.RunNotifier:fireTestStarted
246 junit.framework.TestSuite:addTestSuite
247 org.junit.experimental.theories.ParameterSignature:getAnnotations
248 org.junit.internal.TextListener:printHeader
249 junit.runner.BaseTestRunner:loadSuiteClass
250 junit.framework.TestFailure:exceptionMessage
251 junit.textui.ResultPrinter:addError
252 org.junit.internal.runners.TestMethod:expectsException
253 org.junit.internal.runners.MethodRoadie:runTest
254 junit.framework.JUnit4TestAdapter:countTestCases
255 org.junit.runner.Runner:testCount
256 org.junit.runners.model.FrameworkMethod:validatePublicVoidNoArg
257 org.junit.experimental.max.MaxHistory:listener
258 org.junit.runner.Description:hashCode
259 org.junit.internal.runners.JUnit4ClassRunner:testAnnotations
260 org.junit.internal.runners.ClassRoadie:runUnprotected
261 org.junit.runners.BlockJUnit4ClassRunner:validatePublicVoidNoArgMethods
262 org.junit.runners.model.FrameworkMethod:getMethod
263 org.junit.runners.model.TestClass:getAnnotations
264 org.junit.experimental.theories.internal.Assignments:getMethodArguments
265 org.junit.experimental.theories.ParameterSignature:canAcceptType
266 org.junit.runner.notification.RunNotifier:fireTestAssumptionFailed
267 org.junit.internal.runners.TestClass:getName
268 org.junit.internal.runners.JUnit4ClassRunner:testAborted
269 junit.framework.TestResult:addListener
270 org.junit.internal.runners.TestMethod:getTimeout
271 org.junit.runners.BlockJUnit4ClassRunner:validateTestMethods
272 junit.framework.TestFailure:failedTest
273 org.junit.experimental.max.MaxCore:findLeaves
274 org.junit.internal.runners.TestClass:getBefores
275 org.junit.internal.builders.AnnotatedBuilder:runnerForClass
276 org.junit.internal.builders.AnnotatedBuilder:buildRunner
277 org.junit.internal.runners.JUnit4ClassRunner:createTest
278 org.junit.internal.runners.JUnit4ClassRunner:getTestClass
279 junit.framework.TestResult:failures
280 org.junit.experimental.theories.Theories:computeTestMethods
281 org.junit.runners.BlockJUnit4ClassRunner:getChildren
282 org.junit.runners.BlockJUnit4ClassRunner:methodInvoker
283 org.junit.internal.runners.model.EachTestNotifier:fireTestStarted
284 org.junit.runner.notification.Failure:toString
285 org.junit.runner.notification.Failure:getTestHeader
286 org.junit.runners.ParentRunner:collectInitializationErrors
287 org.junit.runners.ParentRunner:validatePublicVoidNoArgMethods
288 org.junit.runner.notification.RunNotifier:addFirstListener
289 junit.extensions.RepeatedTest:run
290 junit.framework.TestResult:shouldStop
291 junit.framework.TestResult:addFailure
292 org.junit.runner.Description:isTest
293 org.junit.experimental.theories.internal.Assignments:allUnassigned
294 org.junit.runners.BlockJUnit4ClassRunner:validateZeroArgConstructor
295 org.junit.internal.runners.ErrorReportingRunner:getCauses
296 org.junit.runners.model.InitializationError:getCauses
297 org.junit.experimental.results.FailureList:result
298 org.junit.runner.notification.RunListener:testFailure
299 org.junit.runners.BlockJUnit4ClassRunner:validateConstructor
300 org.junit.internal.runners.InitializationError:getCauses
301 org.junit.internal.builders.AllDefaultPossibilitiesBuilder:annotatedBuilder
302 junit.textui.TestRunner:run
303 org.junit.runner.notification.Failure:getMessage
304 org.junit.runners.ParentRunner:getName
305 org.junit.runners.model.TestClass:getName
306 junit.framework.JUnit4TestAdapterCache:put
307 org.junit.runners.model.FrameworkMethod:producesType
308 org.junit.internal.runners.ClassRoadie:runBefores
309 junit.framework.TestSuite:addTestMethod
310 org.junit.experimental.max.MaxHistory:getFailureTimestamp
311 junit.extensions.TestSetup:run
312 org.junit.internal.runners.JUnit4ClassRunner:wrapMethod
313 org.junit.runners.model.FrameworkMethod:isShadowedBy
314 org.junit.runners.ParentRunner:filter
315 org.junit.Assert:assertArrayEquals
316 junit.runner.BaseTestRunner:endTest
317 junit.runner.BaseTestRunner:testEnded
318 junit.framework.JUnit4TestAdapterCache:get
319 junit.framework.JUnit4TestAdapterCache:getNotifier
320 junit.framework.TestCase:runTest
321 junit.runner.BaseTestRunner:processArguments
322 junit.runner.BaseTestRunner:extractClassName
323 junit.framework.TestCase:toString
324 org.junit.runners.BlockJUnit4ClassRunner:hasOneConstructor
325 org.junit.internal.runners.ErrorReportingRunner:getDescription
326 org.junit.runner.Result:createListener
327 org.junit.internal.TextListener:elapsedTimeAsString
328 org.junit.runners.ParentRunner:filterChild
329 org.junit.runners.Suite:describeChild
330 org.junit.runners.BlockJUnit4ClassRunner:withPotentialTimeout
331 org.junit.runners.model.RunnerBuilder:removeParent
332 org.junit.runner.notification.RunNotifier:addListener
333 org.junit.internal.builders.JUnit3Builder:runnerForClass
334 org.junit.internal.builders.JUnit3Builder:isPre4Test
335 junit.framework.TestSuite:testCount
336 org.junit.runners.Parameterized:getParametersList
337 org.junit.runners.model.InitializationError:printStackTrace
338 org.junit.runners.model.RunnerBuilder:addParent
339 junit.runner.BaseTestRunner:setLoading
340 org.junit.runners.model.FrameworkMethod:validatePublicVoid
341 junit.framework.JUnit4TestAdapter:isIgnored
342 org.junit.runner.Description:getAnnotation
343 org.junit.internal.runners.statements.InvokeMethod:evaluate
344 org.junit.experimental.theories.ParameterSignature:hasAnnotation
345 org.junit.runner.Request:classes
346 org.junit.runner.Computer:getSuite
347 org.junit.internal.matchers.TypeSafeMatcher:matches
348 org.junit.internal.matchers.TypeSafeMatcher:matchesSafely
349 org.junit.internal.runners.TestMethod:invoke
350 junit.runner.BaseTestRunner:addError
351 org.junit.runner.Result:getRunCount
352 org.junit.experimental.max.MaxHistory:save
353 junit.framework.ComparisonFailure:getMessage
354 junit.framework.ComparisonCompactor:compact
355 org.junit.runners.ParentRunner:getTestClass
356 org.junit.experimental.max.MaxHistory:putTestDuration
357 org.junit.internal.ArrayComparisonFailure:toString
358 org.junit.internal.ArrayComparisonFailure:getMessage
359 junit.framework.TestResult:startTest
360 org.junit.experimental.max.MaxHistory:forFolder
361 org.junit.experimental.max.CouldNotReadCoreException:printStackTrace
362 org.junit.runner.Request:method
363 org.junit.runner.Request:filterWith
364 org.junit.internal.runners.JUnit4ClassRunner:testName
365 junit.extensions.TestDecorator:getTest
366 org.junit.internal.requests.ClassRequest:getRunner
367 org.junit.internal.builders.AllDefaultPossibilitiesBuilder:safeRunnerForClass
368 org.junit.runner.manipulation.Filter:describe
369 org.junit.experimental.theories.internal.ParameterizedAssertionError:equals
370 org.junit.experimental.theories.internal.ParameterizedAssertionError:toString
371 org.junit.internal.builders.AllDefaultPossibilitiesBuilder:suiteMethodBuilder
372 org.junit.runners.ParentRunner:validate
373 org.junit.internal.builders.AllDefaultPossibilitiesBuilder:junit3Builder
374 junit.runner.BaseTestRunner:runFailed
375 junit.textui.TestRunner:getTest
376 org.junit.internal.runners.JUnit4ClassRunner:runMethods
377 junit.framework.JUnit4TestAdapter:getTests
378 org.junit.runner.JUnitCore:runClasses
379 org.junit.runner.Computer:getRunner
380 junit.framework.JUnit4TestAdapter:getDescription
381 org.junit.runner.notification.RunNotifier:fireTestRunStarted
382 org.junit.internal.runners.model.ReflectiveCallable:run
383 org.junit.internal.runners.model.ReflectiveCallable:runReflectiveCall
384 org.junit.runners.ParentRunner:runChild
385 org.junit.internal.builders.AllDefaultPossibilitiesBuilder:junit4Builder
386 org.junit.experimental.theories.internal.Assignments:getConstructorParameterCount
387 junit.framework.TestSuite:createTest
388 junit.framework.TestCase:setName
389 org.junit.internal.builders.IgnoredClassRunner:getDescription
390 org.junit.internal.runners.model.MultipleFailureException:getFailures
391 org.junit.runner.JUnitCore:runMainAndExit
392 org.junit.Assert:internalArrayEquals
