0 org.junit.internal.runners.CompositeRunner:getDescription
1 org.junit.runner.Description:addChild
2 junit.framework.JUnit4TestCaseFacade:toString
3 junit.framework.JUnit4TestCaseFacade:getDescription
4 org.junit.internal.runners.JUnit4ClassRunner:methodDescription
5 org.junit.internal.runners.JUnit4ClassRunner:testAnnotations
6 org.junit.internal.runners.ClassRoadie:runProtected
7 org.junit.internal.runners.ClassRoadie:runUnprotected
8 org.junit.internal.runners.CompositeRunner:filter
9 org.junit.runner.manipulation.Filter:apply
10 junit.textui.ResultPrinter:printFooter
11 junit.framework.TestResult:errorCount
12 org.junit.experimental.theories.internal.TheoryMethod:runWithDiscoveredParameterValues
13 org.junit.experimental.theories.ParameterSignature:getPotentialValues
14 org.junit.internal.runners.MethodValidator:validateMethodsForDefaultRunner
15 org.junit.internal.runners.MethodValidator:validateNoArgConstructor
16 org.junit.runner.Runner:testCount
17 org.junit.runner.Runner:getDescription
18 org.junit.runners.Suite:validate
19 org.junit.internal.runners.MethodValidator:validateStaticMethods
20 junit.framework.TestCase:runBare
21 junit.framework.TestCase:tearDown
22 org.junit.runner.JUnitCore:run
23 org.junit.runner.Runner:run
24 junit.textui.TestRunner:start
25 junit.textui.TestRunner:extractClassName
26 junit.framework.JUnit4TestAdapterCache:asTest
27 org.junit.runner.Description:isSuite
28 org.junit.experimental.theories.Theories:wrapMethod
29 org.junit.experimental.theories.Theories:getTestClass
30 org.junit.internal.runners.JUnit4ClassRunner:getName
31 org.junit.internal.runners.TestClass:getName
32 org.junit.internal.runners.JUnit38ClassRunner:run
33 junit.framework.TestResult:addListener
34 org.junit.internal.runners.MethodRoadie:run
35 org.junit.internal.runners.TestMethod:getTimeout
36 org.junit.internal.runners.TestClass:getAfters
37 org.junit.internal.runners.TestClass:getAnnotatedMethods
38 org.junit.runners.Suite:run
39 junit.framework.TestResult:runProtected
40 junit.framework.TestResult:addError
41 org.junit.internal.runners.JUnit4ClassRunner:filter
42 org.junit.internal.requests.IgnoredClassRunner:run
43 org.junit.runner.notification.RunNotifier:fireTestIgnored
44 org.junit.internal.TextListener:testRunFinished
45 org.junit.runner.Result:getRunTime
46 org.junit.runner.JUnitCore:runMain
47 org.junit.runner.JUnitCore:addListener
48 junit.framework.TestSuite:toString
49 junit.framework.TestSuite:getName
50 junit.textui.ResultPrinter:printHeader
51 junit.textui.ResultPrinter:elapsedTimeAsString
52 org.junit.internal.TextListener:printFailureTrace
53 org.junit.runner.notification.Failure:getTrace
54 org.junit.internal.runners.TestMethod:isIgnored
55 org.junit.experimental.theories.ParameterSignature:getAnnotatedSupplier
56 org.junit.experimental.theories.ParameterSignature:getSupplier
57 org.junit.internal.runners.JUnit38ClassRunner:makeDescription
58 junit.framework.TestCase:getName
59 junit.textui.ResultPrinter:printDefectHeader
60 junit.framework.TestFailure:failedTest
61 junit.textui.ResultPrinter:printDefectTrace
62 junit.framework.TestFailure:trace
63 org.junit.internal.runners.JUnit4ClassRunner:invokeTestMethod
64 org.junit.runner.JUnitCore:removeListener
65 org.junit.runner.notification.RunNotifier:removeListener
66 junit.textui.ResultPrinter:getWriter
67 org.junit.runner.Result:getFailures
68 junit.textui.ResultPrinter:printWaitPrompt
69 org.junit.internal.requests.ClassRequest:getRunner
70 org.junit.internal.requests.ClassRequest:getRunnerClass
71 org.junit.internal.requests.FilterRequest:getRunner
72 org.junit.internal.runners.TestClass:getBefores
73 junit.framework.JUnit4TestAdapterCache:createTest
74 org.junit.internal.TextListener:printFailures
75 junit.textui.ResultPrinter:print
76 org.junit.runner.JUnitCore:main
77 org.junit.internal.runners.JUnit4ClassRunner:createTest
78 org.junit.internal.runners.JUnit4ClassRunner:getTestClass
79 junit.runner.BaseTestRunner:startTest
80 junit.runner.BaseTestRunner:testStarted
81 junit.textui.ResultPrinter:printFailures
82 junit.framework.TestResult:failures
83 org.junit.internal.runners.JUnit4ClassRunner:run
84 org.junit.runner.notification.RunNotifier:testAborted
85 org.junit.runner.notification.RunNotifier:fireTestStarted
86 junit.textui.ResultPrinter:printDefects
87 junit.textui.ResultPrinter:printDefect
88 junit.textui.TestRunner:doRun
89 org.junit.internal.runners.JUnit4ClassRunner:validate
90 org.junit.internal.runners.MethodValidator:assertValid
91 org.junit.runner.JUnitCore:killAllThreads
92 org.junit.runner.Result:wasSuccessful
93 org.junit.internal.runners.MethodValidator:validateInstanceMethods
94 junit.framework.TestResult:wasSuccessful
95 org.junit.runner.notification.Failure:getException
96 org.junit.runner.notification.Failure:toString
97 org.junit.runner.notification.Failure:getTestHeader
98 junit.extensions.TestDecorator:run
99 junit.extensions.TestDecorator:basicRun
100 junit.framework.JUnit4TestAdapter:removeIgnored
101 org.junit.runner.Description:isEmpty
102 org.junit.internal.runners.JUnit4ClassRunner:classAnnotations
103 org.junit.internal.runners.TestClass:getJavaClass
104 org.junit.runner.Request:getRunner
105 org.junit.experimental.results.PrintableResult:toString
106 org.junit.runner.Result:getFailureCount
107 org.junit.internal.TextListener:printFailureHeader
108 org.junit.internal.runners.CompositeRunner:runChildren
109 junit.framework.TestResult:run
110 org.junit.experimental.theories.suppliers.TestedOnSupplier:getValueSources
111 org.junit.experimental.theories.ParameterSignature:getSupplierAnnotation
112 org.junit.internal.runners.TestMethod:getAfters
113 junit.framework.TestSuite:addTest
114 junit.framework.JUnit4TestAdapterCache:asTestList
115 org.junit.runner.Description:getChildren
116 junit.extensions.RepeatedTest:run
117 junit.framework.TestResult:shouldStop
118 junit.framework.JUnit4TestAdapter:sort
119 org.junit.runner.manipulation.Sorter:apply
120 org.junit.internal.requests.ClassRequest:buildRunner
121 junit.framework.TestResult:addFailure
122 org.junit.runner.Description:isTest
123 junit.runner.BaseTestRunner:addFailure
124 junit.runner.BaseTestRunner:testFailed
125 org.junit.runner.Description:getDisplayName
126 org.junit.runner.Description:testCount
127 org.junit.experimental.results.FailureList:result
128 org.junit.runner.notification.RunListener:testFailure
129 org.junit.internal.runners.JUnit4ClassRunner:getDescription
130 junit.textui.ResultPrinter:startTest
131 org.junit.internal.requests.ClassRequest:hasSuiteMethod
132 junit.textui.TestRunner:run
133 org.junit.runner.notification.Failure:getMessage
134 junit.framework.JUnit4TestAdapterCache:put
135 org.junit.internal.runners.ClassRoadie:runBefores
136 org.junit.internal.runners.ClassRoadie:addFailure
137 org.junit.internal.runners.ClassRoadie:runAfters
138 junit.framework.TestSuite:addTestMethod
139 junit.framework.JUnit4TestAdapter:run
140 org.junit.internal.runners.MethodRoadie:runTest
141 org.junit.internal.runners.MethodRoadie:runBeforesThenTestThenAfters
142 org.junit.matchers.SubstringMatcher:matchesSafely
143 org.junit.matchers.SubstringMatcher:evalSubstringOf
144 org.junit.matchers.TypeSafeMatcher:matches
145 org.junit.matchers.TypeSafeMatcher:matchesSafely
146 junit.extensions.TestSetup:run
147 org.junit.internal.runners.JUnit4ClassRunner:wrapMethod
148 org.junit.internal.runners.TestMethod:isUnexpected
149 org.junit.internal.runners.TestMethod:getExpectedException
150 junit.textui.TestRunner:runAndWait
151 org.junit.runner.Description:equals
152 junit.framework.TestFailure:isFailure
153 junit.framework.TestFailure:thrownException
154 org.junit.experimental.theories.Theories:getTestMethods
155 junit.runner.BaseTestRunner:endTest
156 junit.runner.BaseTestRunner:testEnded
157 org.junit.internal.runners.TestClass:getConstructor
158 junit.framework.JUnit4TestAdapterCache:get
159 junit.framework.JUnit4TestAdapterCache:getNotifier
160 junit.framework.TestResult:failureCount
161 junit.extensions.ActiveTestSuite:run
162 junit.extensions.ActiveTestSuite:waitUntilFinished
163 org.junit.internal.runners.MethodRoadie:runTestMethod
164 org.junit.runner.Description:toString
165 junit.framework.TestCase:runTest
166 junit.runner.BaseTestRunner:processArguments
167 junit.runner.BaseTestRunner:extractClassName
168 org.junit.internal.runners.JUnit38ClassRunner:sort
169 org.junit.internal.runners.MethodRoadie:runWithTimeout
170 org.junit.experimental.theories.ParameterSupplier:getValueSources
171 org.junit.experimental.theories.internal.TheoryMethod:invoke
172 junit.framework.TestCase:toString
173 junit.framework.TestSuite:run
174 junit.framework.TestSuite:runTest
175 org.junit.runner.Result:createListener
176 junit.textui.ResultPrinter:printErrors
177 org.junit.internal.requests.SortingRequest:getRunner
178 org.junit.runners.Parameterized:run
179 org.junit.internal.TextListener:printHeader
180 org.junit.internal.TextListener:elapsedTimeAsString
181 junit.framework.TestResult:errors
182 org.junit.runner.manipulation.Filter:shouldRun
183 org.junit.experimental.theories.internal.TheoryMethod:invokeWithActualParameters
184 org.junit.runner.notification.RunNotifier:addListener
185 org.junit.runners.Parameterized:getParametersMethod
186 org.junit.runners.Parameterized:getName
187 org.junit.experimental.theories.internal.TheoryMethod:nullsOk
188 junit.framework.JUnit4TestAdapterCache:containsKey
189 org.junit.internal.runners.JUnit4ClassRunner:getTestMethods
190 org.junit.internal.runners.TestClass:getTestMethods
191 org.junit.runner.JUnitCore:addFirstListener
192 org.junit.runner.notification.RunNotifier:addFirstListener
193 org.junit.internal.runners.MethodRoadie:runBefores
194 org.junit.internal.runners.TestMethod:getBefores
195 junit.textui.TestRunner:pause
196 junit.framework.TestCase:run
197 junit.framework.TestCase:createResult
198 org.junit.runner.notification.RunNotifier:fireTestFailure
199 junit.runner.BaseTestRunner:getTest
200 junit.runner.BaseTestRunner:clearStatus
201 junit.runner.BaseTestRunner:setLoading
202 org.junit.internal.TextListener:printFooter
203 org.junit.internal.runners.CompositeRunner:sort
204 junit.framework.JUnit4TestAdapter:isIgnored
205 org.junit.runner.Description:getAnnotation
206 org.junit.internal.runners.ErrorReportingRunner:run
207 junit.textui.TestRunner:runSingleMethod
208 junit.textui.TestRunner:loadSuiteClass
209 junit.framework.TestResult:runCount
210 org.junit.internal.requests.ClassRequest:isPre4Test
211 org.junit.internal.requests.ErrorReportingRequest:getCauses
212 org.junit.internal.runners.InitializationError:getCauses
213 org.junit.runners.Parameterized:getDescription
214 org.junit.runner.notification.RunNotifier:fireTestRunFinished
215 junit.framework.JUnit4TestAdapter:getDescription
216 org.junit.internal.runners.TestMethod:invoke
217 org.junit.internal.runners.MethodRoadie:addFailure
218 junit.runner.BaseTestRunner:addError
219 org.junit.runner.Result:getRunCount
220 junit.textui.TestRunner:main
221 junit.framework.ComparisonFailure:getMessage
222 junit.framework.ComparisonCompactor:compact
223 org.junit.internal.ArrayComparisonFailure:toString
224 org.junit.internal.ArrayComparisonFailure:getMessage
225 junit.framework.TestResult:startTest
226 org.junit.runner.Request:method
227 org.junit.runner.Request:filterWith
228 org.junit.internal.TextListener:printFailure
229 org.junit.experimental.results.PrintableResult:getFailures
230 junit.framework.JUnit4TestAdapter:filter
231 junit.textui.ResultPrinter:addFailure
232 org.junit.internal.runners.JUnit4ClassRunner:testName
233 junit.framework.TestSuite:testAt
234 junit.extensions.TestDecorator:getTest
235 org.junit.runner.manipulation.Filter:describe
236 junit.framework.TestResult:endTest
237 org.junit.experimental.theories.internal.ParameterizedAssertionError:equals
238 org.junit.experimental.theories.internal.ParameterizedAssertionError:toString
239 org.junit.internal.runners.MethodRoadie:runAfters
240 junit.runner.BaseTestRunner:runFailed
241 junit.textui.TestRunner:createTestResult
242 org.junit.runners.Suite:getDescription
243 junit.textui.TestRunner:getTest
244 org.junit.internal.runners.JUnit4ClassRunner:runMethods
245 junit.framework.JUnit4TestAdapter:getTests
246 org.junit.runner.JUnitCore:runClasses
247 org.junit.internal.runners.MethodValidator:validateTestMethods
248 org.junit.runner.notification.RunNotifier:fireTestRunStarted
249 junit.extensions.ActiveTestSuite:testCount
250 org.junit.matchers.SubstringMatcher:describeTo
251 org.junit.matchers.SubstringMatcher:relationship
252 junit.framework.TestCase:setUp
253 org.junit.internal.runners.CompositeRunner:run
254 org.junit.runner.Description:childlessCopy
255 org.junit.internal.requests.ClassesRequest:getRunner
256 junit.framework.TestSuite:testCount
257 org.junit.internal.runners.TestMethod:expectsException
258 org.junit.runner.notification.RunNotifier:fireTestFinished
259 junit.framework.TestSuite:createTest
260 junit.framework.TestCase:setName
261 junit.framework.TestSuite:addTestSuite
262 org.junit.internal.requests.ErrorReportingRequest:getRunner
263 org.junit.internal.runners.CompositeRunner:add
264 junit.runner.BaseTestRunner:loadSuiteClass
265 junit.framework.TestFailure:exceptionMessage
266 junit.textui.ResultPrinter:addError
267 org.junit.internal.requests.IgnoredClassRunner:getDescription
268 org.junit.internal.runners.JUnit38ClassRunner:filter
269 junit.framework.JUnit4TestAdapter:countTestCases
270 org.junit.Assert:internalArrayEquals
271 org.junit.internal.ArrayComparisonFailure:addDimension
272 org.junit.runner.Description:hashCode
