0 org.junit.runners.ParentRunner:withClassRules
1 org.junit.runners.ParentRunner:classRules
2 junit.framework.JUnit4TestCaseFacade:toString
3 junit.framework.JUnit4TestCaseFacade:getDescription
4 org.junit.experimental.theories.suppliers.TestedOnSupplier:getValueSources
5 org.junit.experimental.theories.ParameterSignature:getAnnotation
6 junit.textui.ResultPrinter:printFooter
7 junit.framework.TestResult:errorCount
8 org.junit.internal.runners.statements.ExpectException:evaluate
9 org.junit.runners.model.Statement:evaluate
10 org.junit.experimental.max.MaxCore:getMalformedTestClass
11 org.junit.runner.Description:toString
12 org.junit.runners.model.TestClass:getAnnotatedMethodValues
13 org.junit.runners.model.FrameworkMethod:invokeExplosively
14 junit.framework.TestCase:runBare
15 junit.framework.TestCase:tearDown
16 org.junit.runner.JUnitCore:run
17 org.junit.runner.Runner:run
18 org.junit.runners.Parameterized:getParametersMethod
19 org.junit.runners.model.TestClass:getAnnotatedMethods
20 junit.textui.TestRunner:start
21 junit.textui.TestRunner:extractClassName
22 org.junit.experimental.theories.internal.AllMembersSupplier:addMultiPointMethods
23 org.junit.experimental.theories.Theories:validateDataPointFields
24 org.junit.experimental.theories.Theories:getTestClass
25 org.junit.runners.model.RunnerBuilder:safeRunnerForClass
26 org.junit.runners.model.RunnerBuilder:runnerForClass
27 junit.framework.JUnit4TestAdapterCache:asTest
28 org.junit.runner.Description:isSuite
29 org.junit.internal.MethodSorter:getSorter
30 org.junit.runners.MethodSorters:getComparator
31 org.junit.runners.BlockJUnit4ClassRunner:validateConstructor
32 org.junit.runners.BlockJUnit4ClassRunner:validateOnlyOneConstructor
33 junit.framework.TestResult:runProtected
34 junit.framework.TestResult:addError
35 org.junit.internal.runners.JUnit4ClassRunner:filter
36 org.junit.internal.runners.JUnit4ClassRunner:methodDescription
37 org.junit.runners.Suite:runChild
38 org.junit.internal.TextListener:testRunFinished
39 org.junit.runner.Result:getRunTime
40 org.junit.runners.model.TestClass:getAnnotatedFieldValues
41 junit.framework.TestSuite:toString
42 junit.framework.TestSuite:getName
43 junit.textui.ResultPrinter:printHeader
44 junit.textui.ResultPrinter:elapsedTimeAsString
45 org.junit.internal.runners.MethodRoadie:run
46 org.junit.internal.runners.TestMethod:isIgnored
47 org.junit.internal.runners.JUnit38ClassRunner:makeDescription
48 junit.framework.TestCase:getName
49 org.junit.internal.runners.rules.RuleFieldValidator:isTestRule
50 org.junit.runners.model.FrameworkMember:getType
51 org.junit.Assert:assertArrayEquals
52 org.junit.internal.InexactComparisonCriteria:arrayEquals
53 org.junit.experimental.max.MaxHistory:getTestDuration
54 org.junit.internal.runners.JUnit4ClassRunner:invokeTestMethod
55 org.junit.runner.JUnitCore:removeListener
56 org.junit.runner.notification.RunNotifier:removeListener
57 org.junit.internal.runners.ErrorReportingRunner:runCause
58 org.junit.runner.notification.RunNotifier:fireTestFailure
59 junit.textui.ResultPrinter:printDefectHeader
60 junit.textui.ResultPrinter:getWriter
61 org.junit.runners.ParentRunner:classBlock
62 org.junit.runners.ParentRunner:childrenInvoker
63 org.junit.runners.BlockJUnit4ClassRunner:withRules
64 org.junit.runners.BlockJUnit4ClassRunner:getTestRules
65 junit.framework.JUnit4TestAdapterCache:createTest
66 org.junit.internal.TextListener:printFailures
67 org.junit.runner.Result:getFailures
68 org.junit.runners.MethodSorters:values
69 org.junit.runners.MethodSorters[]:clone
70 junit.textui.ResultPrinter:print
71 org.junit.experimental.max.MaxCore:buildRunner
72 org.junit.runner.Description:getTestClass
73 org.junit.runners.BlockJUnit4ClassRunner:validateMethods
74 org.junit.internal.runners.rules.RuleFieldValidator:validate
75 org.junit.experimental.max.MaxHistory:putTestFailureTimestamp
76 org.junit.runners.BlockJUnit4ClassRunner:getMethodRules
77 org.junit.runners.BlockJUnit4ClassRunner:rules
78 junit.runner.BaseTestRunner:startTest
79 junit.runner.BaseTestRunner:testStarted
80 org.junit.runners.BlockJUnit4ClassRunner:collectInitializationErrors
81 org.junit.runners.BlockJUnit4ClassRunner:validateInstanceMethods
82 org.junit.runners.ParentRunner:getRunnerAnnotations
83 org.junit.runners.model.TestClass:getAnnotations
84 org.junit.internal.runners.JUnit4ClassRunner:run
85 org.junit.internal.runners.ClassRoadie:runProtected
86 org.junit.rules.TestWatcher:failedQuietly
87 org.junit.rules.TestWatcher:failed
88 org.junit.runners.BlockJUnit4ClassRunner:withAfters
89 org.junit.runners.BlockJUnit4ClassRunner:getTestClass
90 org.junit.runners.model.FrameworkMethod:isPublic
91 org.junit.rules.ErrorCollector:checkSucceeds
92 org.junit.rules.ErrorCollector:addError
93 org.junit.internal.runners.JUnit4ClassRunner:validate
94 org.junit.internal.runners.MethodValidator:assertValid
95 org.junit.internal.runners.statements.RunAfters:evaluate
96 org.junit.experimental.theories.internal.Assignments:potentialsForNextUnassigned
97 org.junit.experimental.theories.internal.Assignments:nextUnassigned
98 org.junit.internal.runners.MethodValidator:validateInstanceMethods
99 org.junit.internal.runners.TestClass:getAnnotatedMethods
100 org.junit.runner.Runner:getDescription
101 org.junit.runner.notification.Failure:getTrace
102 org.junit.runner.notification.Failure:getException
103 org.junit.rules.RuleChain:outerRule
104 org.junit.rules.RuleChain:around
105 org.junit.runners.BlockJUnit4ClassRunner:possiblyExpectingExceptions
106 org.junit.runners.model.FrameworkMethod:getAnnotation
107 org.junit.experimental.max.MaxCore:sortedLeavesForTest
108 org.junit.experimental.max.MaxCore:sortRequest
109 junit.extensions.TestDecorator:run
110 junit.extensions.TestDecorator:basicRun
111 org.junit.internal.runners.JUnit4ClassRunner:classAnnotations
112 org.junit.internal.runners.TestClass:getJavaClass
113 org.junit.runners.BlockJUnit4ClassRunner:validateNoNonStaticInnerClass
114 org.junit.internal.builders.AllDefaultPossibilitiesBuilder:runnerForClass
115 org.junit.internal.builders.AllDefaultPossibilitiesBuilder:ignoredBuilder
116 org.junit.runner.Description:getMethodName
117 org.junit.runners.model.FrameworkField:isShadowedBy
118 org.junit.runners.model.FrameworkField:getName
119 org.junit.internal.TextListener:printFailure
120 org.junit.runners.BlockJUnit4ClassRunner:runChild
121 org.junit.runners.BlockJUnit4ClassRunner:describeChild
122 junit.framework.TestSuite:addTest
123 org.junit.runner.Result:wasSuccessful
124 org.junit.runner.Result:getFailureCount
125 org.junit.runners.ParentRunner:runLeaf
126 org.junit.internal.runners.model.EachTestNotifier:fireTestStarted
127 org.junit.runners.Parameterized:allParameters
128 org.junit.experimental.theories.internal.AllMembersSupplier:addFields
129 org.junit.experimental.theories.ParameterSignature:canAcceptArrayType
130 junit.framework.JUnit4TestAdapter:sort
131 org.junit.runner.manipulation.Sorter:apply
132 junit.runner.BaseTestRunner:addFailure
133 junit.runner.BaseTestRunner:testFailed
134 org.junit.runner.Description:getDisplayName
135 org.junit.runner.Description:testCount
136 org.junit.runner.Description:getChildren
137 org.junit.internal.runners.JUnit4ClassRunner:getDescription
138 junit.textui.ResultPrinter:startTest
139 org.junit.rules.ExpectedException:expect
140 org.junit.rules.ExpectedExceptionMatcherBuilder:add
141 org.junit.experimental.categories.Categories:assertNoDescendantsHaveCategoryAnnotations
142 org.junit.runner.Description:getAnnotation
143 org.junit.runners.BlockJUnit4ClassRunner:createTest
144 org.junit.internal.runners.ClassRoadie:runAfters
145 org.junit.internal.runners.TestClass:getAfters
146 junit.framework.JUnit4TestAdapter:run
147 org.junit.internal.runners.MethodValidator:validateMethodsForDefaultRunner
148 org.junit.experimental.theories.internal.Assignments:getConstructorArguments
149 org.junit.experimental.theories.internal.Assignments:getActualValues
150 org.junit.runners.Parameterized:parametersMethodReturnedWrongType
151 org.junit.runners.Parameterized:getTestClass
152 org.junit.runners.model.FrameworkField:get
153 org.junit.internal.runners.TestMethod:isUnexpected
154 org.junit.internal.runners.TestMethod:getExpectedException
155 org.junit.runners.model.TestClass:isANonStaticInnerClass
156 junit.textui.TestRunner:runAndWait
157 junit.textui.TestRunner:doRun
158 org.junit.runner.Description:isEmpty
159 org.junit.runner.Description:equals
160 junit.framework.TestFailure:isFailure
161 junit.framework.TestFailure:thrownException
162 org.junit.runners.BlockJUnit4ClassRunner:validateZeroArgConstructor
163 org.junit.internal.runners.JUnit38ClassRunner:filter
164 org.junit.runners.model.TestClass:addToAnnotationLists
165 org.junit.runners.model.FrameworkMember:isShadowedBy
166 org.junit.internal.runners.MethodValidator:validateNoArgConstructor
167 org.junit.internal.runners.TestClass:getConstructor
168 junit.textui.ResultPrinter:printDefectTrace
169 junit.extensions.ActiveTestSuite:run
170 junit.extensions.ActiveTestSuite:waitUntilFinished
171 junit.framework.JUnit4TestAdapter:removeIgnored
172 org.junit.experimental.theories.Theories:validateTestMethods
173 org.junit.internal.runners.MethodRoadie:runTestMethod
174 org.junit.runners.ParentRunner:sortChild
175 org.junit.runners.ParentRunner:getDescription
176 org.junit.internal.runners.MethodRoadie:runWithTimeout
177 org.junit.internal.runners.MethodRoadie:runBeforesThenTestThenAfters
178 org.junit.experimental.theories.PotentialAssignment:getValue
179 org.junit.runners.BlockJUnit4ClassRunner:withTestRules
180 junit.framework.TestSuite:run
181 junit.framework.TestSuite:runTest
182 org.junit.internal.requests.FilterRequest:getRunner
183 org.junit.runner.Request:getRunner
184 junit.textui.ResultPrinter:printErrors
185 org.junit.internal.requests.SortingRequest:getRunner
186 org.junit.experimental.max.MaxHistory:isNewTest
187 org.junit.experimental.max.MaxCore:run
188 junit.framework.TestResult:errors
189 org.junit.runners.BlockJUnit4ClassRunner:testName
190 org.junit.runners.model.FrameworkMethod:getName
191 org.junit.runner.Description:getClassName
192 org.junit.runners.model.TestClass:getJavaClass
193 junit.framework.JUnit4TestAdapterCache:containsKey
194 org.junit.internal.runners.JUnit4ClassRunner:getTestMethods
195 org.junit.internal.runners.TestClass:getTestMethods
196 org.junit.internal.runners.MethodRoadie:runBefores
197 org.junit.internal.runners.TestMethod:getBefores
198 org.junit.experimental.results.PrintableResult:failureCount
199 junit.textui.TestRunner:pause
200 org.junit.experimental.max.MaxHistory:testComparator
201 org.junit.runners.ParentRunner:filter
202 org.junit.runner.manipulation.Filter:apply
203 org.junit.runner.notification.RunNotifier:fireTestFinished
204 junit.framework.TestCase:run
205 junit.framework.TestCase:createResult
206 org.junit.rules.RunRules:evaluate
207 junit.textui.ResultPrinter:printDefects
208 org.junit.internal.runners.MethodValidator:validateStaticMethods
209 junit.runner.BaseTestRunner:getTest
210 junit.runner.BaseTestRunner:clearStatus
211 org.junit.runner.JUnitCore:addListener
212 org.junit.runner.manipulation.Filter:shouldRun
213 org.junit.internal.TextListener:printFooter
214 org.junit.experimental.theories.Theories:validateConstructor
215 org.junit.experimental.theories.Theories:validateOnlyOneConstructor
216 org.junit.rules.ErrorCollector:checkThat
217 org.junit.runner.notification.RunNotifier:fireTestIgnored
218 junit.textui.TestRunner:runSingleMethod
219 junit.textui.TestRunner:loadSuiteClass
220 org.junit.experimental.theories.internal.AllMembersSupplier:isCorrectlyTyped
221 org.junit.experimental.theories.ParameterSignature:canAcceptType
222 junit.framework.TestResult:runCount
223 org.junit.runners.ParentRunner:shouldRun
224 org.junit.runners.ParentRunner:describeChild
225 org.junit.rules.ExpectedException:expectMessage
226 org.junit.runner.Description:addChild
227 org.junit.internal.runners.model.EachTestNotifier:addMultipleFailureException
228 org.junit.internal.runners.model.EachTestNotifier:addFailure
229 org.junit.internal.builders.SuiteMethodBuilder:runnerForClass
230 org.junit.internal.builders.SuiteMethodBuilder:hasSuiteMethod
231 org.junit.runner.notification.RunNotifier:fireTestRunFinished
232 org.junit.experimental.theories.internal.Assignments:getArgumentStrings
233 org.junit.experimental.theories.PotentialAssignment:getDescription
234 org.junit.rules.TestWatcher:startingQuietly
235 org.junit.rules.TestWatcher:starting
236 org.junit.runners.model.FrameworkMethod:getAnnotations
237 org.junit.internal.runners.MethodRoadie:addFailure
238 org.junit.experimental.results.PrintableResult:toString
239 org.junit.runners.ParentRunner:withBeforeClasses
240 junit.textui.ResultPrinter:printWaitPrompt
241 org.junit.runners.ParentRunner:getFilteredChildren
242 org.junit.runners.ParentRunner:getChildren
243 org.junit.experimental.categories.Categories:canHaveCategorizedChildren
244 org.junit.internal.runners.statements.RunBefores:evaluate
245 org.junit.runners.model.TestClass:getAnnotatedFields
246 org.junit.runners.ParentRunner:run
247 org.junit.internal.runners.model.EachTestNotifier:fireTestIgnored
248 org.junit.internal.runners.JUnit4ClassRunner:getName
249 org.junit.runners.Parameterized:getAnnotatedFieldsByParameter
250 junit.framework.TestResult:run
251 org.junit.internal.ComparisonCriteria:arrayEquals
252 org.junit.internal.ComparisonCriteria:assertElementsEqual
253 org.junit.runners.BlockJUnit4ClassRunner:computeTestMethods
254 org.junit.runner.JUnitCore:runMain
255 junit.textui.ResultPrinter:printFailures
256 junit.framework.TestResult:failureCount
257 junit.framework.TestFailure:trace
258 org.junit.runners.model.TestClass:getName
259 junit.framework.JUnit4TestAdapter:filter
260 junit.framework.TestSuite:testAt
261 junit.textui.ResultPrinter:addFailure
262 org.junit.runners.model.RunnerBuilder:runners
263 org.junit.runners.model.FrameworkField:getField
264 junit.framework.JUnit4TestAdapterCache:asTestList
265 junit.framework.TestResult:endTest
266 org.junit.runner.Description:methodAndClassNamePatternGroupOrDefault
267 org.junit.internal.runners.model.EachTestNotifier:addFailedAssumption
268 org.junit.internal.runners.MethodRoadie:runAfters
269 org.junit.internal.runners.TestMethod:getAfters
270 org.junit.runners.model.FrameworkMethod:isStatic
271 org.junit.experimental.theories.internal.Assignments:getAllArguments
272 junit.textui.TestRunner:createTestResult
273 org.junit.runners.BlockJUnit4ClassRunner:validateFields
274 junit.textui.ResultPrinter:printDefect
275 org.junit.experimental.theories.internal.Assignments:getAnnotatedSupplier
276 org.junit.experimental.theories.ParameterSignature:findDeepAnnotation
277 org.junit.internal.runners.MethodValidator:validateTestMethods
278 org.junit.internal.runners.JUnit38ClassRunner:createSuiteDescription
279 junit.framework.TestSuite:countTestCases
280 org.junit.experimental.theories.internal.Assignments:getSupplier
281 org.junit.internal.builders.IgnoredClassRunner:run
282 junit.textui.TestRunner:main
283 junit.framework.TestResult:wasSuccessful
284 org.junit.runners.ParentRunner:withAfterClasses
285 junit.extensions.ActiveTestSuite:testCount
286 org.junit.runners.BlockJUnit4ClassRunner:methodBlock
287 org.junit.runners.BlockJUnit4ClassRunner:withBefores
288 org.junit.runners.model.TestClass:getOnlyConstructor
289 junit.framework.TestCase:setUp
290 org.junit.rules.TestName:starting
291 org.junit.experimental.theories.ParameterSupplier:getValueSources
292 org.junit.internal.runners.JUnit38ClassRunner:run
293 org.junit.internal.runners.JUnit38ClassRunner:createAdaptingListener
294 org.junit.runner.Description:childlessCopy
295 org.junit.internal.runners.rules.RuleFieldValidator:isMethodRule
296 org.junit.internal.runners.ClassRoadie:addFailure
297 org.junit.internal.runners.rules.RuleFieldValidator:addError
298 org.junit.runners.model.FrameworkMember:getName
299 org.junit.internal.runners.model.EachTestNotifier:fireTestFinished
300 org.junit.runner.notification.RunNotifier:fireTestStarted
301 junit.framework.TestSuite:addTestSuite
302 org.junit.experimental.theories.ParameterSignature:getAnnotations
303 org.junit.internal.TextListener:printHeader
304 org.junit.internal.runners.rules.RuleFieldValidator:validatePublic
305 org.junit.runners.model.FrameworkMember:isPublic
306 junit.runner.BaseTestRunner:loadSuiteClass
307 org.junit.runners.ParentRunner:validateClassRules
308 org.junit.runners.ParentRunner:getTestClass
309 junit.framework.TestFailure:exceptionMessage
310 org.junit.rules.ExpectedException:handleException
311 org.junit.rules.ExpectedExceptionMatcherBuilder:build
312 junit.textui.ResultPrinter:addError
313 org.junit.internal.runners.TestMethod:expectsException
314 org.junit.internal.runners.MethodRoadie:runTest
315 junit.framework.JUnit4TestAdapter:countTestCases
316 org.junit.runner.Runner:testCount
317 org.junit.runners.model.FrameworkMethod:validatePublicVoidNoArg
318 org.junit.experimental.max.MaxHistory:listener
319 org.junit.runners.model.FrameworkMember:getAnnotations
320 org.junit.internal.runners.JUnit4ClassRunner:testAnnotations
321 org.junit.internal.runners.ClassRoadie:runUnprotected
322 org.junit.rules.ExpectedException:expectCause
323 org.junit.runners.BlockJUnit4ClassRunner:validatePublicVoidNoArgMethods
324 org.junit.experimental.theories.internal.Assignments:getMethodArguments
325 org.junit.runner.notification.RunNotifier:fireTestAssumptionFailed
326 org.junit.internal.runners.TestClass:getName
327 org.junit.internal.runners.JUnit4ClassRunner:testAborted
328 junit.framework.TestResult:addListener
329 org.junit.internal.runners.TestMethod:getTimeout
330 org.junit.runners.BlockJUnit4ClassRunner:validateTestMethods
331 junit.framework.TestFailure:failedTest
332 org.junit.experimental.max.MaxCore:findLeaves
333 org.junit.internal.runners.TestClass:getBefores
334 org.junit.internal.builders.AnnotatedBuilder:runnerForClass
335 org.junit.internal.builders.AnnotatedBuilder:buildRunner
336 org.junit.rules.ExpectedException:failDueToMissingException
337 org.junit.internal.runners.JUnit4ClassRunner:createTest
338 org.junit.internal.runners.JUnit4ClassRunner:getTestClass
339 junit.framework.TestResult:failures
340 org.junit.experimental.theories.Theories:methodBlock
341 org.junit.experimental.theories.Theories:computeTestMethods
342 org.junit.runners.BlockJUnit4ClassRunner:getChildren
343 org.junit.runners.BlockJUnit4ClassRunner:methodInvoker
344 junit.framework.TestSuite:addTestsFromTestCase
345 org.junit.runner.notification.Failure:toString
346 org.junit.runner.notification.Failure:getTestHeader
347 org.junit.rules.TestWatcher:finishedQuietly
348 org.junit.rules.TestWatcher:finished
349 org.junit.runners.ParentRunner:collectInitializationErrors
350 org.junit.runners.ParentRunner:validatePublicVoidNoArgMethods
351 org.junit.runner.notification.RunNotifier:addFirstListener
352 junit.extensions.RepeatedTest:run
353 junit.framework.TestResult:shouldStop
354 junit.framework.TestResult:addFailure
355 org.junit.runner.Description:isTest
356 org.junit.experimental.theories.internal.Assignments:allUnassigned
357 org.junit.internal.runners.ErrorReportingRunner:getCauses
358 org.junit.runners.model.InitializationError:getCauses
359 org.junit.experimental.results.FailureList:result
360 org.junit.runner.notification.RunListener:testFailure
361 org.junit.experimental.theories.internal.AllMembersSupplier:addSinglePointMethods
362 org.junit.runners.model.FrameworkMethod:getType
363 org.junit.internal.runners.InitializationError:getCauses
364 org.junit.internal.runners.rules.RuleFieldValidator:validateStatic
365 org.junit.runners.model.FrameworkMember:isStatic
366 org.junit.internal.builders.AllDefaultPossibilitiesBuilder:annotatedBuilder
367 junit.textui.TestRunner:run
368 org.junit.Assert:internalArrayEquals
369 org.junit.internal.ExactComparisonCriteria:arrayEquals
370 org.junit.runners.model.MultipleFailureException:getFailures
371 org.junit.runner.notification.Failure:getMessage
372 org.junit.runners.ParentRunner:getName
373 junit.framework.JUnit4TestAdapterCache:put
374 org.junit.internal.runners.ClassRoadie:runBefores
375 org.junit.rules.TemporaryFolder:newFolder
376 org.junit.rules.TemporaryFolder:getRoot
377 junit.framework.TestSuite:addTestMethod
378 org.junit.experimental.max.MaxHistory:getFailureTimestamp
379 junit.extensions.TestSetup:run
380 org.junit.internal.runners.JUnit4ClassRunner:wrapMethod
381 org.junit.runners.model.FrameworkMethod:isShadowedBy
382 org.junit.internal.ArrayComparisonFailure:addDimension
383 org.junit.internal.runners.rules.RuleFieldValidator:values
384 org.junit.internal.runners.rules.RuleFieldValidator[]:clone
385 junit.runner.BaseTestRunner:endTest
386 junit.runner.BaseTestRunner:testEnded
387 junit.framework.JUnit4TestAdapterCache:get
388 junit.framework.JUnit4TestAdapterCache:getNotifier
389 junit.framework.TestCase:runTest
390 junit.runner.BaseTestRunner:processArguments
391 junit.runner.BaseTestRunner:extractClassName
392 org.junit.runners.model.FrameworkMethod:getReturnType
393 junit.framework.TestCase:toString
394 org.junit.runners.BlockJUnit4ClassRunner:hasOneConstructor
395 org.junit.internal.runners.ErrorReportingRunner:getDescription
396 org.junit.runner.Result:createListener
397 org.junit.internal.TextListener:elapsedTimeAsString
398 org.junit.runners.Suite:describeChild
399 org.junit.runners.BlockJUnit4ClassRunner:withPotentialTimeout
400 org.junit.runners.model.RunnerBuilder:removeParent
401 org.junit.runner.notification.RunNotifier:addListener
402 org.junit.experimental.results.PrintableResult:testResult
403 org.junit.internal.builders.JUnit3Builder:runnerForClass
404 org.junit.internal.builders.JUnit3Builder:isPre4Test
405 junit.framework.TestSuite:testCount
406 org.junit.runners.model.RunnerBuilder:addParent
407 junit.runner.BaseTestRunner:setLoading
408 org.junit.runners.model.FrameworkMethod:validatePublicVoid
409 org.junit.runners.Parameterized:createRunnersForParameters
410 junit.framework.JUnit4TestAdapter:isIgnored
411 org.junit.internal.runners.statements.InvokeMethod:evaluate
412 org.junit.experimental.theories.ParameterSignature:hasAnnotation
413 org.junit.runner.Request:classes
414 org.junit.runner.Computer:getSuite
415 org.junit.internal.matchers.TypeSafeMatcher:matches
416 org.junit.internal.matchers.TypeSafeMatcher:matchesSafely
417 org.junit.rules.TestWatcher:succeededQuietly
418 org.junit.rules.TestWatcher:succeeded
419 org.junit.runners.BlockJUnit4ClassRunner:runLeaf
420 org.junit.runners.model.FrameworkMethod:validateNoTypeParametersOnArgs
421 org.junit.runners.model.NoGenericTypeParametersValidator:validate
422 org.junit.internal.runners.TestMethod:invoke
423 junit.runner.BaseTestRunner:addError
424 org.junit.runner.Result:getRunCount
425 junit.framework.ComparisonFailure:getMessage
426 junit.framework.ComparisonCompactor:compact
427 org.junit.experimental.max.MaxHistory:putTestDuration
428 org.junit.internal.ArrayComparisonFailure:toString
429 org.junit.internal.ArrayComparisonFailure:getMessage
430 junit.framework.TestResult:startTest
431 org.junit.rules.TestWatcher:skippedQuietly
432 org.junit.rules.TestWatcher:skipped
433 org.junit.experimental.max.MaxHistory:forFolder
434 org.junit.experimental.max.CouldNotReadCoreException:printStackTrace
435 org.junit.runner.Request:method
436 org.junit.runner.Request:filterWith
437 org.junit.internal.runners.JUnit4ClassRunner:testName
438 junit.extensions.TestDecorator:getTest
439 org.junit.internal.requests.ClassRequest:getRunner
440 org.junit.internal.builders.AllDefaultPossibilitiesBuilder:safeRunnerForClass
441 org.junit.runner.manipulation.Filter:describe
442 org.junit.experimental.theories.internal.ParameterizedAssertionError:equals
443 org.junit.experimental.theories.internal.ParameterizedAssertionError:toString
444 org.junit.internal.builders.AllDefaultPossibilitiesBuilder:suiteMethodBuilder
445 org.junit.runners.ParentRunner:validate
446 org.junit.internal.builders.AllDefaultPossibilitiesBuilder:junit3Builder
447 junit.runner.BaseTestRunner:runFailed
448 junit.textui.TestRunner:getTest
449 org.junit.internal.runners.JUnit4ClassRunner:runMethods
450 junit.framework.JUnit4TestAdapter:getTests
451 org.junit.runner.JUnitCore:runClasses
452 org.junit.runner.Computer:getRunner
453 junit.framework.JUnit4TestAdapter:getDescription
454 org.junit.runner.notification.RunNotifier:fireTestRunStarted
455 org.junit.rules.TemporaryFolder:newFile
456 org.junit.rules.ExpectedExceptionMatcherBuilder:expectsThrowable
457 org.junit.internal.runners.model.ReflectiveCallable:run
458 org.junit.internal.runners.model.ReflectiveCallable:runReflectiveCall
459 org.junit.experimental.ParallelComputer:parallelize
460 org.junit.runners.ParentRunner:setScheduler
461 org.junit.rules.TemporaryFolder:before
462 org.junit.rules.TemporaryFolder:create
463 org.junit.internal.builders.AllDefaultPossibilitiesBuilder:junit4Builder
464 org.junit.experimental.theories.internal.Assignments:getConstructorParameterCount
465 junit.framework.TestSuite:createTest
466 junit.framework.TestCase:setName
467 org.junit.internal.builders.IgnoredClassRunner:getDescription
468 org.junit.experimental.categories.Categories:assertNoCategorizedDescendentsOfUncategorizeableParents
469 org.junit.rules.TemporaryFolder:after
470 org.junit.rules.TemporaryFolder:delete
471 org.junit.runner.JUnitCore:runMainAndExit
