0 org.junit.runners.ParentRunner:withClassRules
1 org.junit.runners.ParentRunner:classRules
2 junit.framework.JUnit4TestCaseFacade:toString
3 junit.framework.JUnit4TestCaseFacade:getDescription
4 org.junit.experimental.theories.suppliers.TestedOnSupplier:getValueSources
5 org.junit.experimental.theories.ParameterSignature:getAnnotation
6 junit.textui.ResultPrinter:printFooter
7 junit.framework.TestResult:errorCount
8 org.junit.internal.runners.statements.ExpectException:evaluate
9 org.junit.runners.model.Statement:evaluate
10 org.junit.experimental.max.MaxCore:getMalformedTestClass
11 org.junit.runner.Description:toString
12 junit.framework.TestCase:runBare
13 junit.framework.TestCase:tearDown
14 org.junit.runner.JUnitCore:run
15 org.junit.runner.Runner:run
16 org.junit.runners.Parameterized:getParametersMethod
17 org.junit.runners.model.TestClass:getAnnotatedMethods
18 junit.textui.TestRunner:start
19 junit.textui.TestRunner:extractClassName
20 org.junit.experimental.theories.internal.AllMembersSupplier:addMultiPointMethods
21 org.junit.experimental.theories.Theories:validateDataPointFields
22 org.junit.experimental.theories.Theories:getTestClass
23 org.junit.runners.model.RunnerBuilder:safeRunnerForClass
24 org.junit.runners.model.RunnerBuilder:runnerForClass
25 junit.framework.JUnit4TestAdapterCache:asTest
26 org.junit.runner.Description:isSuite
27 org.junit.runners.BlockJUnit4ClassRunner:validateConstructor
28 org.junit.runners.BlockJUnit4ClassRunner:validateOnlyOneConstructor
29 junit.framework.TestResult:runProtected
30 junit.framework.TestResult:addError
31 org.junit.internal.runners.JUnit4ClassRunner:filter
32 org.junit.internal.runners.JUnit4ClassRunner:methodDescription
33 org.junit.runners.Suite:runChild
34 org.junit.internal.TextListener:testRunFinished
35 org.junit.runner.Result:getRunTime
36 org.junit.runners.model.TestClass:getAnnotatedFieldValues
37 junit.framework.TestSuite:toString
38 junit.framework.TestSuite:getName
39 junit.textui.ResultPrinter:printHeader
40 junit.textui.ResultPrinter:elapsedTimeAsString
41 org.junit.internal.runners.MethodRoadie:run
42 org.junit.internal.runners.TestMethod:isIgnored
43 org.junit.internal.runners.JUnit38ClassRunner:makeDescription
44 junit.framework.TestCase:getName
45 org.junit.Assert:assertArrayEquals
46 org.junit.internal.InexactComparisonCriteria:arrayEquals
47 org.junit.experimental.max.MaxHistory:getTestDuration
48 org.junit.internal.runners.JUnit4ClassRunner:invokeTestMethod
49 org.junit.runner.JUnitCore:removeListener
50 org.junit.runner.notification.RunNotifier:removeListener
51 org.junit.internal.runners.ErrorReportingRunner:runCause
52 org.junit.runner.notification.RunNotifier:fireTestFailure
53 junit.textui.ResultPrinter:printDefectHeader
54 junit.textui.ResultPrinter:getWriter
55 org.junit.runners.ParentRunner:classBlock
56 org.junit.runners.ParentRunner:childrenInvoker
57 junit.framework.JUnit4TestAdapterCache:createTest
58 org.junit.internal.TextListener:printFailures
59 org.junit.runner.Result:getFailures
60 junit.textui.ResultPrinter:print
61 org.junit.experimental.max.MaxCore:buildRunner
62 org.junit.runner.Description:getTestClass
63 org.junit.experimental.max.MaxHistory:putTestFailureTimestamp
64 org.junit.runners.BlockJUnit4ClassRunner:getMethodRules
65 org.junit.runners.BlockJUnit4ClassRunner:rules
66 junit.runner.BaseTestRunner:startTest
67 junit.runner.BaseTestRunner:testStarted
68 org.junit.runners.BlockJUnit4ClassRunner:collectInitializationErrors
69 org.junit.runners.BlockJUnit4ClassRunner:validateInstanceMethods
70 org.junit.internal.runners.JUnit4ClassRunner:run
71 org.junit.internal.runners.ClassRoadie:runProtected
72 org.junit.runners.BlockJUnit4ClassRunner:withAfters
73 org.junit.runners.BlockJUnit4ClassRunner:getTestClass
74 org.junit.rules.ErrorCollector:checkSucceeds
75 org.junit.rules.ErrorCollector:addError
76 org.junit.internal.runners.JUnit4ClassRunner:validate
77 org.junit.internal.runners.MethodValidator:assertValid
78 org.junit.internal.runners.statements.RunAfters:evaluate
79 org.junit.experimental.theories.internal.Assignments:potentialsForNextUnassigned
80 org.junit.experimental.theories.internal.Assignments:nextUnassigned
81 org.junit.internal.runners.MethodValidator:validateInstanceMethods
82 org.junit.internal.runners.TestClass:getAnnotatedMethods
83 org.junit.runner.Runner:getDescription
84 org.junit.runner.notification.Failure:getTrace
85 org.junit.runner.notification.Failure:getException
86 org.junit.runners.BlockJUnit4ClassRunner:possiblyExpectingExceptions
87 org.junit.runners.model.FrameworkMethod:getAnnotation
88 org.junit.experimental.max.MaxCore:sortedLeavesForTest
89 org.junit.experimental.max.MaxCore:sortRequest
90 junit.extensions.TestDecorator:run
91 junit.extensions.TestDecorator:basicRun
92 org.junit.internal.runners.JUnit4ClassRunner:classAnnotations
93 org.junit.internal.runners.TestClass:getJavaClass
94 org.junit.internal.builders.AllDefaultPossibilitiesBuilder:runnerForClass
95 org.junit.internal.builders.AllDefaultPossibilitiesBuilder:ignoredBuilder
96 org.junit.runner.Description:getMethodName
97 org.junit.runners.model.FrameworkField:isShadowedBy
98 org.junit.runners.model.FrameworkField:getName
99 org.junit.internal.TextListener:printFailure
100 org.junit.runners.BlockJUnit4ClassRunner:runChild
101 org.junit.runners.BlockJUnit4ClassRunner:describeChild
102 junit.framework.TestSuite:addTest
103 org.junit.runner.Result:wasSuccessful
104 org.junit.runner.Result:getFailureCount
105 org.junit.runners.ParentRunner:runLeaf
106 org.junit.internal.runners.model.EachTestNotifier:fireTestStarted
107 org.junit.experimental.theories.internal.AllMembersSupplier:addFields
108 org.junit.experimental.theories.ParameterSignature:canAcceptArrayType
109 junit.framework.JUnit4TestAdapter:sort
110 org.junit.runner.manipulation.Sorter:apply
111 junit.runner.BaseTestRunner:addFailure
112 junit.runner.BaseTestRunner:testFailed
113 org.junit.runner.Description:getDisplayName
114 org.junit.runner.Description:testCount
115 org.junit.runner.Description:getChildren
116 org.junit.internal.runners.JUnit4ClassRunner:getDescription
117 junit.textui.ResultPrinter:startTest
118 org.junit.internal.runners.rules.RuleFieldValidator:isMethodRule
119 org.junit.runners.model.FrameworkField:getType
120 org.junit.experimental.categories.Categories:assertNoDescendantsHaveCategoryAnnotations
121 org.junit.runner.Description:getAnnotation
122 org.junit.runners.BlockJUnit4ClassRunner:createTest
123 org.junit.internal.runners.ClassRoadie:runAfters
124 org.junit.internal.runners.TestClass:getAfters
125 junit.framework.JUnit4TestAdapter:run
126 org.junit.internal.runners.MethodValidator:validateMethodsForDefaultRunner
127 org.junit.runner.Description:methodStringMatcher
128 org.junit.experimental.theories.internal.Assignments:getConstructorArguments
129 org.junit.experimental.theories.internal.Assignments:getActualValues
130 org.junit.runners.model.FrameworkField:get
131 org.junit.internal.runners.TestMethod:isUnexpected
132 org.junit.internal.runners.TestMethod:getExpectedException
133 junit.textui.TestRunner:runAndWait
134 junit.textui.TestRunner:doRun
135 org.junit.runner.Description:isEmpty
136 org.junit.runner.Description:equals
137 junit.framework.TestFailure:isFailure
138 junit.framework.TestFailure:thrownException
139 org.junit.internal.runners.JUnit38ClassRunner:filter
140 org.junit.runners.model.TestClass:addToAnnotationLists
141 org.junit.runners.model.FrameworkMember:isShadowedBy
142 org.junit.internal.runners.MethodValidator:validateNoArgConstructor
143 org.junit.internal.runners.TestClass:getConstructor
144 junit.textui.ResultPrinter:printDefectTrace
145 junit.extensions.ActiveTestSuite:run
146 junit.extensions.ActiveTestSuite:waitUntilFinished
147 junit.framework.JUnit4TestAdapter:removeIgnored
148 org.junit.internal.runners.rules.RuleFieldValidator:optionallyValidateStatic
149 org.junit.runners.model.FrameworkField:isStatic
150 org.junit.experimental.theories.Theories:validateTestMethods
151 org.junit.internal.runners.MethodRoadie:runTestMethod
152 org.junit.rules.ExpectedException:expect
153 org.junit.internal.matchers.CombinableMatcher:and
154 org.junit.runners.ParentRunner:sortChild
155 org.junit.internal.runners.MethodRoadie:runWithTimeout
156 org.junit.internal.runners.MethodRoadie:runBeforesThenTestThenAfters
157 org.junit.experimental.theories.PotentialAssignment:getValue
158 org.junit.runners.BlockJUnit4ClassRunner:withTestRules
159 junit.framework.TestSuite:run
160 junit.framework.TestSuite:runTest
161 org.junit.internal.requests.FilterRequest:getRunner
162 org.junit.runner.Request:getRunner
163 junit.textui.ResultPrinter:printErrors
164 org.junit.internal.requests.SortingRequest:getRunner
165 org.junit.experimental.max.MaxHistory:isNewTest
166 org.junit.experimental.max.MaxCore:run
167 junit.framework.TestResult:errors
168 org.junit.runners.BlockJUnit4ClassRunner:testName
169 org.junit.runners.model.FrameworkMethod:getName
170 org.junit.runner.Description:getClassName
171 org.junit.runners.model.TestClass:getJavaClass
172 junit.framework.JUnit4TestAdapterCache:containsKey
173 org.junit.internal.runners.JUnit4ClassRunner:getTestMethods
174 org.junit.internal.runners.TestClass:getTestMethods
175 org.junit.internal.runners.MethodRoadie:runBefores
176 org.junit.internal.runners.TestMethod:getBefores
177 org.junit.experimental.results.PrintableResult:failureCount
178 junit.textui.TestRunner:pause
179 org.junit.experimental.max.MaxHistory:testComparator
180 org.junit.runners.ParentRunner:filter
181 org.junit.runner.manipulation.Filter:apply
182 org.junit.runner.notification.RunNotifier:fireTestFinished
183 junit.framework.TestCase:run
184 junit.framework.TestCase:createResult
185 org.junit.rules.RunRules:evaluate
186 junit.textui.ResultPrinter:printDefects
187 org.junit.internal.runners.MethodValidator:validateStaticMethods
188 junit.runner.BaseTestRunner:getTest
189 junit.runner.BaseTestRunner:clearStatus
190 org.junit.runner.JUnitCore:addListener
191 org.junit.runner.manipulation.Filter:shouldRun
192 org.junit.internal.TextListener:printFooter
193 org.junit.experimental.theories.Theories:validateConstructor
194 org.junit.experimental.theories.Theories:validateOnlyOneConstructor
195 org.junit.rules.ErrorCollector:checkThat
196 org.junit.runner.notification.RunNotifier:fireTestIgnored
197 junit.textui.TestRunner:runSingleMethod
198 junit.textui.TestRunner:loadSuiteClass
199 junit.framework.TestResult:runCount
200 org.junit.runners.ParentRunner:shouldRun
201 org.junit.runners.ParentRunner:describeChild
202 org.junit.rules.ExpectedException:expectMessage
203 org.junit.runner.Description:addChild
204 org.junit.internal.runners.model.EachTestNotifier:addMultipleFailureException
205 org.junit.internal.runners.model.EachTestNotifier:addFailure
206 org.junit.internal.builders.SuiteMethodBuilder:runnerForClass
207 org.junit.internal.builders.SuiteMethodBuilder:hasSuiteMethod
208 org.junit.runner.notification.RunNotifier:fireTestRunFinished
209 org.junit.experimental.theories.internal.Assignments:getArgumentStrings
210 org.junit.experimental.theories.PotentialAssignment:getDescription
211 org.junit.runners.model.FrameworkMethod:getAnnotations
212 org.junit.internal.runners.MethodRoadie:addFailure
213 org.junit.experimental.results.PrintableResult:toString
214 org.junit.runners.ParentRunner:withBeforeClasses
215 junit.textui.ResultPrinter:printWaitPrompt
216 org.junit.runners.ParentRunner:getFilteredChildren
217 org.junit.runners.ParentRunner:getChildren
218 org.junit.experimental.theories.internal.AllMembersSupplier:addSinglePointMethods
219 org.junit.experimental.theories.ParameterSignature:getType
220 org.junit.experimental.categories.Categories:canHaveCategorizedChildren
221 org.junit.internal.matchers.SubstringMatcher:matchesSafely
222 org.junit.internal.matchers.SubstringMatcher:evalSubstringOf
223 org.junit.internal.runners.statements.RunBefores:evaluate
224 org.junit.runners.model.FrameworkMethod:invokeExplosively
225 org.junit.internal.runners.rules.RuleFieldValidator:validate
226 org.junit.runners.model.TestClass:getAnnotatedFields
227 org.junit.runners.ParentRunner:run
228 org.junit.internal.runners.model.EachTestNotifier:fireTestIgnored
229 org.junit.internal.runners.JUnit4ClassRunner:getName
230 junit.framework.TestResult:run
231 org.junit.internal.ComparisonCriteria:arrayEquals
232 org.junit.internal.ComparisonCriteria:assertElementsEqual
233 org.junit.runners.BlockJUnit4ClassRunner:computeTestMethods
234 org.junit.runner.JUnitCore:runMain
235 junit.textui.ResultPrinter:printFailures
236 junit.framework.TestResult:failureCount
237 junit.framework.TestFailure:trace
238 junit.framework.JUnit4TestAdapter:filter
239 junit.framework.TestSuite:testAt
240 junit.textui.ResultPrinter:addFailure
241 org.junit.runners.model.RunnerBuilder:runners
242 org.junit.runners.model.FrameworkField:getField
243 junit.framework.JUnit4TestAdapterCache:asTestList
244 junit.framework.TestResult:endTest
245 org.junit.internal.runners.rules.RuleFieldValidator:addError
246 org.junit.internal.runners.model.EachTestNotifier:addFailedAssumption
247 org.junit.internal.runners.MethodRoadie:runAfters
248 org.junit.internal.runners.TestMethod:getAfters
249 org.junit.experimental.theories.internal.Assignments:getAllArguments
250 junit.textui.TestRunner:createTestResult
251 org.junit.runners.BlockJUnit4ClassRunner:withMethodRules
252 org.junit.runners.BlockJUnit4ClassRunner:getTestRules
253 junit.textui.ResultPrinter:printDefect
254 org.junit.experimental.theories.internal.Assignments:getAnnotatedSupplier
255 org.junit.experimental.theories.ParameterSignature:findDeepAnnotation
256 org.junit.internal.runners.MethodValidator:validateTestMethods
257 org.junit.internal.runners.JUnit38ClassRunner:createSuiteDescription
258 junit.framework.TestSuite:countTestCases
259 org.junit.experimental.theories.internal.Assignments:getSupplier
260 org.junit.internal.builders.IgnoredClassRunner:run
261 junit.textui.TestRunner:main
262 junit.framework.TestResult:wasSuccessful
263 org.junit.runners.ParentRunner:withAfterClasses
264 junit.extensions.ActiveTestSuite:testCount
265 org.junit.runners.BlockJUnit4ClassRunner:methodBlock
266 org.junit.runners.BlockJUnit4ClassRunner:withBefores
267 org.junit.runners.model.TestClass:getOnlyConstructor
268 junit.framework.TestCase:setUp
269 org.junit.rules.TestName:starting
270 org.junit.experimental.theories.ParameterSupplier:getValueSources
271 org.junit.internal.runners.JUnit38ClassRunner:run
272 org.junit.internal.runners.JUnit38ClassRunner:createAdaptingListener
273 org.junit.runner.Description:childlessCopy
274 org.junit.internal.runners.ClassRoadie:addFailure
275 org.junit.internal.matchers.SubstringMatcher:describeTo
276 org.junit.internal.matchers.SubstringMatcher:relationship
277 org.junit.internal.runners.model.EachTestNotifier:fireTestFinished
278 org.junit.runner.notification.RunNotifier:fireTestStarted
279 junit.framework.TestSuite:addTestSuite
280 org.junit.experimental.theories.ParameterSignature:getAnnotations
281 org.junit.internal.TextListener:printHeader
282 junit.runner.BaseTestRunner:loadSuiteClass
283 org.junit.runners.ParentRunner:validateClassRules
284 org.junit.runners.ParentRunner:getTestClass
285 junit.framework.TestFailure:exceptionMessage
286 junit.textui.ResultPrinter:addError
287 org.junit.internal.runners.TestMethod:expectsException
288 org.junit.internal.runners.MethodRoadie:runTest
289 junit.framework.JUnit4TestAdapter:countTestCases
290 org.junit.runner.Runner:testCount
291 org.junit.internal.runners.rules.RuleFieldValidator:isTestRule
292 org.junit.runners.model.FrameworkMethod:validatePublicVoidNoArg
293 org.junit.experimental.max.MaxHistory:listener
294 org.junit.runner.Description:hashCode
295 org.junit.runners.model.FrameworkMember:getAnnotations
296 org.junit.internal.runners.JUnit4ClassRunner:testAnnotations
297 org.junit.internal.runners.ClassRoadie:runUnprotected
298 org.junit.runners.BlockJUnit4ClassRunner:validatePublicVoidNoArgMethods
299 org.junit.runners.model.FrameworkMethod:getMethod
300 org.junit.runners.ParentRunner:getDescription
301 org.junit.runners.model.TestClass:getAnnotations
302 org.junit.experimental.theories.internal.Assignments:getMethodArguments
303 org.junit.experimental.theories.ParameterSignature:canAcceptType
304 org.junit.runner.notification.RunNotifier:fireTestAssumptionFailed
305 org.junit.internal.runners.TestClass:getName
306 org.junit.internal.runners.JUnit4ClassRunner:testAborted
307 junit.framework.TestResult:addListener
308 org.junit.internal.runners.TestMethod:getTimeout
309 org.junit.runners.BlockJUnit4ClassRunner:validateTestMethods
310 junit.framework.TestFailure:failedTest
311 org.junit.experimental.max.MaxCore:findLeaves
312 org.junit.internal.runners.TestClass:getBefores
313 org.junit.internal.builders.AnnotatedBuilder:runnerForClass
314 org.junit.internal.builders.AnnotatedBuilder:buildRunner
315 org.junit.internal.runners.JUnit4ClassRunner:createTest
316 org.junit.internal.runners.JUnit4ClassRunner:getTestClass
317 junit.framework.TestResult:failures
318 org.junit.runners.BlockJUnit4ClassRunner:validateFields
319 org.junit.experimental.theories.Theories:methodBlock
320 org.junit.experimental.theories.Theories:computeTestMethods
321 org.junit.runners.BlockJUnit4ClassRunner:getChildren
322 org.junit.runners.BlockJUnit4ClassRunner:methodInvoker
323 junit.framework.TestSuite:addTestsFromTestCase
324 org.junit.runner.notification.Failure:toString
325 org.junit.runner.notification.Failure:getTestHeader
326 org.junit.runners.ParentRunner:collectInitializationErrors
327 org.junit.runners.ParentRunner:validatePublicVoidNoArgMethods
328 org.junit.runner.notification.RunNotifier:addFirstListener
329 junit.extensions.RepeatedTest:run
330 junit.framework.TestResult:shouldStop
331 junit.framework.TestResult:addFailure
332 org.junit.runner.Description:isTest
333 org.junit.experimental.theories.internal.Assignments:allUnassigned
334 org.junit.runners.BlockJUnit4ClassRunner:validateZeroArgConstructor
335 org.junit.internal.runners.ErrorReportingRunner:getCauses
336 org.junit.runners.model.InitializationError:getCauses
337 org.junit.experimental.results.FailureList:result
338 org.junit.runner.notification.RunListener:testFailure
339 org.junit.internal.runners.InitializationError:getCauses
340 org.junit.internal.builders.AllDefaultPossibilitiesBuilder:annotatedBuilder
341 junit.textui.TestRunner:run
342 org.junit.Assert:internalArrayEquals
343 org.junit.internal.ExactComparisonCriteria:arrayEquals
344 org.junit.runners.model.MultipleFailureException:getFailures
345 org.junit.internal.runners.rules.RuleFieldValidator:validatePublic
346 org.junit.runners.model.FrameworkField:isPublic
347 org.junit.runner.notification.Failure:getMessage
348 org.junit.runners.ParentRunner:getName
349 org.junit.runners.model.TestClass:getName
350 junit.framework.JUnit4TestAdapterCache:put
351 org.junit.runners.model.FrameworkMethod:producesType
352 org.junit.internal.runners.ClassRoadie:runBefores
353 junit.framework.TestSuite:addTestMethod
354 org.junit.experimental.max.MaxHistory:getFailureTimestamp
355 junit.extensions.TestSetup:run
356 org.junit.internal.runners.JUnit4ClassRunner:wrapMethod
357 org.junit.runners.model.FrameworkMethod:isShadowedBy
358 org.junit.internal.ArrayComparisonFailure:addDimension
359 org.junit.internal.runners.rules.RuleFieldValidator:values
360 org.junit.internal.runners.rules.RuleFieldValidator[]:clone
361 junit.runner.BaseTestRunner:endTest
362 junit.runner.BaseTestRunner:testEnded
363 junit.framework.JUnit4TestAdapterCache:get
364 junit.framework.JUnit4TestAdapterCache:getNotifier
365 junit.framework.TestCase:runTest
366 junit.runner.BaseTestRunner:processArguments
367 junit.runner.BaseTestRunner:extractClassName
368 junit.framework.TestCase:toString
369 org.junit.runners.BlockJUnit4ClassRunner:hasOneConstructor
370 org.junit.internal.runners.ErrorReportingRunner:getDescription
371 org.junit.runner.Result:createListener
372 org.junit.internal.TextListener:elapsedTimeAsString
373 org.junit.runners.Suite:describeChild
374 org.junit.runners.BlockJUnit4ClassRunner:withPotentialTimeout
375 org.junit.runners.model.RunnerBuilder:removeParent
376 org.junit.runner.notification.RunNotifier:addListener
377 org.junit.experimental.results.PrintableResult:testResult
378 org.junit.internal.builders.JUnit3Builder:runnerForClass
379 org.junit.internal.builders.JUnit3Builder:isPre4Test
380 junit.framework.TestSuite:testCount
381 org.junit.runners.Parameterized:getParametersList
382 org.junit.runners.model.RunnerBuilder:addParent
383 junit.runner.BaseTestRunner:setLoading
384 org.junit.runners.model.FrameworkMethod:validatePublicVoid
385 junit.framework.JUnit4TestAdapter:isIgnored
386 org.junit.internal.runners.statements.InvokeMethod:evaluate
387 org.junit.experimental.theories.ParameterSignature:hasAnnotation
388 org.junit.runner.Request:classes
389 org.junit.runner.Computer:getSuite
390 org.junit.internal.matchers.TypeSafeMatcher:matches
391 org.junit.internal.matchers.TypeSafeMatcher:matchesSafely
392 org.junit.runners.BlockJUnit4ClassRunner:runLeaf
393 org.junit.internal.runners.TestMethod:invoke
394 junit.runner.BaseTestRunner:addError
395 org.junit.runner.Result:getRunCount
396 junit.framework.ComparisonFailure:getMessage
397 junit.framework.ComparisonCompactor:compact
398 org.junit.experimental.max.MaxHistory:putTestDuration
399 org.junit.internal.ArrayComparisonFailure:toString
400 org.junit.internal.ArrayComparisonFailure:getMessage
401 junit.framework.TestResult:startTest
402 org.junit.experimental.max.MaxHistory:forFolder
403 org.junit.experimental.max.CouldNotReadCoreException:printStackTrace
404 org.junit.runner.Request:method
405 org.junit.runner.Request:filterWith
406 org.junit.internal.runners.JUnit4ClassRunner:testName
407 junit.extensions.TestDecorator:getTest
408 org.junit.internal.requests.ClassRequest:getRunner
409 org.junit.internal.builders.AllDefaultPossibilitiesBuilder:safeRunnerForClass
410 org.junit.runner.manipulation.Filter:describe
411 org.junit.experimental.theories.internal.ParameterizedAssertionError:equals
412 org.junit.experimental.theories.internal.ParameterizedAssertionError:toString
413 org.junit.internal.builders.AllDefaultPossibilitiesBuilder:suiteMethodBuilder
414 org.junit.runners.ParentRunner:validate
415 org.junit.internal.builders.AllDefaultPossibilitiesBuilder:junit3Builder
416 junit.runner.BaseTestRunner:runFailed
417 junit.textui.TestRunner:getTest
418 org.junit.internal.runners.JUnit4ClassRunner:runMethods
419 junit.framework.JUnit4TestAdapter:getTests
420 org.junit.runner.JUnitCore:runClasses
421 org.junit.runner.Computer:getRunner
422 junit.framework.JUnit4TestAdapter:getDescription
423 org.junit.runner.notification.RunNotifier:fireTestRunStarted
424 org.junit.internal.runners.model.ReflectiveCallable:run
425 org.junit.internal.runners.model.ReflectiveCallable:runReflectiveCall
426 org.junit.experimental.ParallelComputer:parallelize
427 org.junit.runners.ParentRunner:setScheduler
428 org.junit.rules.TemporaryFolder:before
429 org.junit.rules.TemporaryFolder:create
430 org.junit.internal.builders.AllDefaultPossibilitiesBuilder:junit4Builder
431 org.junit.experimental.theories.internal.Assignments:getConstructorParameterCount
432 junit.framework.TestSuite:createTest
433 junit.framework.TestCase:setName
434 org.junit.internal.builders.IgnoredClassRunner:getDescription
435 org.junit.experimental.categories.Categories:assertNoCategorizedDescendentsOfUncategorizeableParents
436 org.junit.rules.TemporaryFolder:after
437 org.junit.rules.TemporaryFolder:delete
438 org.junit.runner.JUnitCore:runMainAndExit
