0 org.junit.runners.ParentRunner:withClassRules
1 org.junit.runners.ParentRunner:classRules
2 junit.framework.JUnit4TestCaseFacade:toString
3 junit.framework.JUnit4TestCaseFacade:getDescription
4 org.junit.experimental.theories.suppliers.TestedOnSupplier:getValueSources
5 org.junit.experimental.theories.ParameterSignature:getAnnotation
6 junit.textui.ResultPrinter:printFooter
7 junit.framework.TestResult:errorCount
8 org.junit.internal.runners.statements.ExpectException:evaluate
9 org.junit.runners.model.Statement:evaluate
10 org.junit.experimental.max.MaxCore:getMalformedTestClass
11 org.junit.runner.Description:toString
12 junit.framework.TestCase:runBare
13 junit.framework.TestCase:tearDown
14 org.junit.runner.JUnitCore:run
15 org.junit.runner.Runner:run
16 org.junit.runners.Parameterized:getParametersMethod
17 org.junit.runners.model.TestClass:getAnnotatedMethods
18 junit.textui.TestRunner:start
19 junit.textui.TestRunner:extractClassName
20 org.junit.experimental.theories.internal.AllMembersSupplier:addMultiPointMethods
21 org.junit.experimental.theories.Theories:validateDataPointFields
22 org.junit.experimental.theories.Theories:getTestClass
23 org.junit.runners.model.RunnerBuilder:safeRunnerForClass
24 org.junit.runners.model.RunnerBuilder:runnerForClass
25 junit.framework.JUnit4TestAdapterCache:asTest
26 org.junit.runner.Description:isSuite
27 org.junit.runners.BlockJUnit4ClassRunner:validateConstructor
28 org.junit.runners.BlockJUnit4ClassRunner:validateOnlyOneConstructor
29 junit.framework.TestResult:runProtected
30 junit.framework.TestResult:addError
31 org.junit.internal.runners.JUnit4ClassRunner:filter
32 org.junit.internal.runners.JUnit4ClassRunner:methodDescription
33 org.junit.runners.Suite:runChild
34 org.junit.internal.TextListener:testRunFinished
35 org.junit.runner.Result:getRunTime
36 org.junit.runners.model.TestClass:getAnnotatedFieldValues
37 junit.framework.TestSuite:toString
38 junit.framework.TestSuite:getName
39 junit.textui.ResultPrinter:printHeader
40 junit.textui.ResultPrinter:elapsedTimeAsString
41 org.junit.internal.runners.MethodRoadie:run
42 org.junit.internal.runners.TestMethod:isIgnored
43 org.junit.internal.runners.JUnit38ClassRunner:makeDescription
44 junit.framework.TestCase:getName
45 org.junit.Assert:assertArrayEquals
46 org.junit.internal.InexactComparisonCriteria:arrayEquals
47 org.junit.experimental.max.MaxHistory:getTestDuration
48 org.junit.internal.runners.JUnit4ClassRunner:invokeTestMethod
49 org.junit.runner.JUnitCore:removeListener
50 org.junit.runner.notification.RunNotifier:removeListener
51 org.junit.internal.runners.ErrorReportingRunner:runCause
52 org.junit.runner.notification.RunNotifier:fireTestFailure
53 junit.textui.ResultPrinter:printDefectHeader
54 junit.textui.ResultPrinter:getWriter
55 org.junit.runners.ParentRunner:classBlock
56 org.junit.runners.ParentRunner:childrenInvoker
57 junit.framework.JUnit4TestAdapterCache:createTest
58 org.junit.internal.TextListener:printFailures
59 org.junit.runner.Result:getFailures
60 junit.textui.ResultPrinter:print
61 org.junit.experimental.max.MaxCore:buildRunner
62 org.junit.runner.Description:getTestClass
63 org.junit.experimental.max.MaxHistory:putTestFailureTimestamp
64 org.junit.runners.BlockJUnit4ClassRunner:getMethodRules
65 org.junit.runners.BlockJUnit4ClassRunner:rules
66 junit.runner.BaseTestRunner:startTest
67 junit.runner.BaseTestRunner:testStarted
68 org.junit.runners.BlockJUnit4ClassRunner:collectInitializationErrors
69 org.junit.runners.BlockJUnit4ClassRunner:validateInstanceMethods
70 org.junit.runners.ParentRunner:getRunnerAnnotations
71 org.junit.runners.model.TestClass:getAnnotations
72 org.junit.internal.runners.JUnit4ClassRunner:run
73 org.junit.internal.runners.ClassRoadie:runProtected
74 org.junit.runners.BlockJUnit4ClassRunner:withAfters
75 org.junit.runners.BlockJUnit4ClassRunner:getTestClass
76 org.junit.rules.ErrorCollector:checkSucceeds
77 org.junit.rules.ErrorCollector:addError
78 org.junit.internal.runners.JUnit4ClassRunner:validate
79 org.junit.internal.runners.MethodValidator:assertValid
80 org.junit.internal.runners.statements.RunAfters:evaluate
81 org.junit.experimental.theories.internal.Assignments:potentialsForNextUnassigned
82 org.junit.experimental.theories.internal.Assignments:nextUnassigned
83 org.junit.internal.runners.MethodValidator:validateInstanceMethods
84 org.junit.internal.runners.TestClass:getAnnotatedMethods
85 org.junit.runner.Runner:getDescription
86 org.junit.runner.notification.Failure:getTrace
87 org.junit.runner.notification.Failure:getException
88 org.junit.rules.RuleChain:outerRule
89 org.junit.rules.RuleChain:around
90 org.junit.runners.BlockJUnit4ClassRunner:possiblyExpectingExceptions
91 org.junit.runners.model.FrameworkMethod:getAnnotation
92 org.junit.experimental.max.MaxCore:sortedLeavesForTest
93 org.junit.experimental.max.MaxCore:sortRequest
94 junit.extensions.TestDecorator:run
95 junit.extensions.TestDecorator:basicRun
96 org.junit.internal.runners.JUnit4ClassRunner:classAnnotations
97 org.junit.internal.runners.TestClass:getJavaClass
98 org.junit.runners.BlockJUnit4ClassRunner:validateNoNonStaticInnerClass
99 org.junit.internal.builders.AllDefaultPossibilitiesBuilder:runnerForClass
100 org.junit.internal.builders.AllDefaultPossibilitiesBuilder:ignoredBuilder
101 org.junit.runner.Description:getMethodName
102 org.junit.runners.model.FrameworkField:isShadowedBy
103 org.junit.runners.model.FrameworkField:getName
104 org.junit.internal.TextListener:printFailure
105 org.junit.runners.BlockJUnit4ClassRunner:runChild
106 org.junit.runners.BlockJUnit4ClassRunner:describeChild
107 junit.framework.TestSuite:addTest
108 org.junit.runner.Result:wasSuccessful
109 org.junit.runner.Result:getFailureCount
110 org.junit.runners.ParentRunner:runLeaf
111 org.junit.internal.runners.model.EachTestNotifier:fireTestStarted
112 org.junit.experimental.theories.internal.AllMembersSupplier:addFields
113 org.junit.experimental.theories.ParameterSignature:canAcceptArrayType
114 junit.framework.JUnit4TestAdapter:sort
115 org.junit.runner.manipulation.Sorter:apply
116 junit.runner.BaseTestRunner:addFailure
117 junit.runner.BaseTestRunner:testFailed
118 org.junit.runner.Description:getDisplayName
119 org.junit.runner.Description:testCount
120 org.junit.runner.Description:getChildren
121 org.junit.internal.runners.JUnit4ClassRunner:getDescription
122 junit.textui.ResultPrinter:startTest
123 org.junit.internal.runners.rules.RuleFieldValidator:isMethodRule
124 org.junit.runners.model.FrameworkField:getType
125 org.junit.experimental.categories.Categories:assertNoDescendantsHaveCategoryAnnotations
126 org.junit.runner.Description:getAnnotation
127 org.junit.runners.BlockJUnit4ClassRunner:createTest
128 org.junit.internal.runners.ClassRoadie:runAfters
129 org.junit.internal.runners.TestClass:getAfters
130 junit.framework.JUnit4TestAdapter:run
131 org.junit.internal.runners.MethodValidator:validateMethodsForDefaultRunner
132 org.junit.runner.Description:methodStringMatcher
133 org.junit.experimental.theories.internal.Assignments:getConstructorArguments
134 org.junit.experimental.theories.internal.Assignments:getActualValues
135 org.junit.runners.model.FrameworkField:get
136 org.junit.internal.runners.TestMethod:isUnexpected
137 org.junit.internal.runners.TestMethod:getExpectedException
138 org.junit.runners.model.TestClass:isANonStaticInnerClass
139 junit.textui.TestRunner:runAndWait
140 junit.textui.TestRunner:doRun
141 org.junit.runner.Description:isEmpty
142 org.junit.runner.Description:equals
143 junit.framework.TestFailure:isFailure
144 junit.framework.TestFailure:thrownException
145 org.junit.runners.BlockJUnit4ClassRunner:validateZeroArgConstructor
146 org.junit.internal.runners.JUnit38ClassRunner:filter
147 org.junit.runners.model.TestClass:addToAnnotationLists
148 org.junit.runners.model.FrameworkMember:isShadowedBy
149 org.junit.internal.runners.MethodValidator:validateNoArgConstructor
150 org.junit.internal.runners.TestClass:getConstructor
151 junit.textui.ResultPrinter:printDefectTrace
152 junit.extensions.ActiveTestSuite:run
153 junit.extensions.ActiveTestSuite:waitUntilFinished
154 junit.framework.JUnit4TestAdapter:removeIgnored
155 org.junit.internal.runners.rules.RuleFieldValidator:optionallyValidateStatic
156 org.junit.runners.model.FrameworkField:isStatic
157 org.junit.experimental.theories.Theories:validateTestMethods
158 org.junit.internal.runners.MethodRoadie:runTestMethod
159 org.junit.rules.ExpectedException:expect
160 org.junit.internal.matchers.CombinableMatcher:and
161 org.junit.runners.ParentRunner:sortChild
162 org.junit.runners.ParentRunner:getDescription
163 org.junit.internal.runners.MethodRoadie:runWithTimeout
164 org.junit.internal.runners.MethodRoadie:runBeforesThenTestThenAfters
165 org.junit.experimental.theories.PotentialAssignment:getValue
166 org.junit.runners.BlockJUnit4ClassRunner:withTestRules
167 junit.framework.TestSuite:run
168 junit.framework.TestSuite:runTest
169 org.junit.internal.requests.FilterRequest:getRunner
170 org.junit.runner.Request:getRunner
171 junit.textui.ResultPrinter:printErrors
172 org.junit.internal.requests.SortingRequest:getRunner
173 org.junit.experimental.max.MaxHistory:isNewTest
174 org.junit.experimental.max.MaxCore:run
175 junit.framework.TestResult:errors
176 org.junit.runners.BlockJUnit4ClassRunner:testName
177 org.junit.runners.model.FrameworkMethod:getName
178 org.junit.runner.Description:getClassName
179 org.junit.runners.model.TestClass:getJavaClass
180 junit.framework.JUnit4TestAdapterCache:containsKey
181 org.junit.internal.runners.JUnit4ClassRunner:getTestMethods
182 org.junit.internal.runners.TestClass:getTestMethods
183 org.junit.internal.runners.MethodRoadie:runBefores
184 org.junit.internal.runners.TestMethod:getBefores
185 org.junit.experimental.results.PrintableResult:failureCount
186 junit.textui.TestRunner:pause
187 org.junit.experimental.max.MaxHistory:testComparator
188 org.junit.runners.ParentRunner:filter
189 org.junit.runner.manipulation.Filter:apply
190 org.junit.runner.notification.RunNotifier:fireTestFinished
191 junit.framework.TestCase:run
192 junit.framework.TestCase:createResult
193 org.junit.rules.RunRules:evaluate
194 junit.textui.ResultPrinter:printDefects
195 org.junit.internal.runners.MethodValidator:validateStaticMethods
196 junit.runner.BaseTestRunner:getTest
197 junit.runner.BaseTestRunner:clearStatus
198 org.junit.runner.JUnitCore:addListener
199 org.junit.runner.manipulation.Filter:shouldRun
200 org.junit.internal.TextListener:printFooter
201 org.junit.experimental.theories.Theories:validateConstructor
202 org.junit.experimental.theories.Theories:validateOnlyOneConstructor
203 org.junit.rules.ErrorCollector:checkThat
204 org.junit.runner.notification.RunNotifier:fireTestIgnored
205 junit.textui.TestRunner:runSingleMethod
206 junit.textui.TestRunner:loadSuiteClass
207 junit.framework.TestResult:runCount
208 org.junit.runners.ParentRunner:shouldRun
209 org.junit.runners.ParentRunner:describeChild
210 org.junit.rules.ExpectedException:expectMessage
211 org.junit.runner.Description:addChild
212 org.junit.internal.runners.model.EachTestNotifier:addMultipleFailureException
213 org.junit.internal.runners.model.EachTestNotifier:addFailure
214 org.junit.internal.builders.SuiteMethodBuilder:runnerForClass
215 org.junit.internal.builders.SuiteMethodBuilder:hasSuiteMethod
216 org.junit.runner.notification.RunNotifier:fireTestRunFinished
217 org.junit.experimental.theories.internal.Assignments:getArgumentStrings
218 org.junit.experimental.theories.PotentialAssignment:getDescription
219 org.junit.runners.model.FrameworkMethod:getAnnotations
220 org.junit.internal.runners.MethodRoadie:addFailure
221 org.junit.experimental.results.PrintableResult:toString
222 org.junit.runners.ParentRunner:withBeforeClasses
223 junit.textui.ResultPrinter:printWaitPrompt
224 org.junit.runners.ParentRunner:getFilteredChildren
225 org.junit.runners.ParentRunner:getChildren
226 org.junit.experimental.theories.internal.AllMembersSupplier:addSinglePointMethods
227 org.junit.experimental.theories.ParameterSignature:getType
228 org.junit.experimental.categories.Categories:canHaveCategorizedChildren
229 org.junit.internal.matchers.SubstringMatcher:matchesSafely
230 org.junit.internal.matchers.SubstringMatcher:evalSubstringOf
231 org.junit.internal.runners.statements.RunBefores:evaluate
232 org.junit.runners.model.FrameworkMethod:invokeExplosively
233 org.junit.internal.runners.rules.RuleFieldValidator:validate
234 org.junit.runners.model.TestClass:getAnnotatedFields
235 org.junit.runners.ParentRunner:run
236 org.junit.internal.runners.model.EachTestNotifier:fireTestIgnored
237 org.junit.internal.runners.JUnit4ClassRunner:getName
238 junit.framework.TestResult:run
239 org.junit.internal.ComparisonCriteria:arrayEquals
240 org.junit.internal.ComparisonCriteria:assertElementsEqual
241 org.junit.runners.BlockJUnit4ClassRunner:computeTestMethods
242 org.junit.runner.JUnitCore:runMain
243 junit.textui.ResultPrinter:printFailures
244 junit.framework.TestResult:failureCount
245 junit.framework.TestFailure:trace
246 junit.framework.JUnit4TestAdapter:filter
247 junit.framework.TestSuite:testAt
248 junit.textui.ResultPrinter:addFailure
249 org.junit.runners.model.RunnerBuilder:runners
250 org.junit.runners.model.FrameworkField:getField
251 junit.framework.JUnit4TestAdapterCache:asTestList
252 junit.framework.TestResult:endTest
253 org.junit.internal.runners.rules.RuleFieldValidator:addError
254 org.junit.runners.model.TestClass:getName
255 org.junit.internal.runners.model.EachTestNotifier:addFailedAssumption
256 org.junit.internal.runners.MethodRoadie:runAfters
257 org.junit.internal.runners.TestMethod:getAfters
258 org.junit.experimental.theories.internal.Assignments:getAllArguments
259 junit.textui.TestRunner:createTestResult
260 org.junit.runners.BlockJUnit4ClassRunner:withMethodRules
261 org.junit.runners.BlockJUnit4ClassRunner:getTestRules
262 junit.textui.ResultPrinter:printDefect
263 org.junit.experimental.theories.internal.Assignments:getAnnotatedSupplier
264 org.junit.experimental.theories.ParameterSignature:findDeepAnnotation
265 org.junit.internal.runners.MethodValidator:validateTestMethods
266 org.junit.internal.runners.JUnit38ClassRunner:createSuiteDescription
267 junit.framework.TestSuite:countTestCases
268 org.junit.experimental.theories.internal.Assignments:getSupplier
269 org.junit.internal.builders.IgnoredClassRunner:run
270 junit.textui.TestRunner:main
271 junit.framework.TestResult:wasSuccessful
272 org.junit.runners.ParentRunner:withAfterClasses
273 junit.extensions.ActiveTestSuite:testCount
274 org.junit.rules.TemporaryFolder:create
275 org.junit.rules.TemporaryFolder:newFolder
276 org.junit.runners.BlockJUnit4ClassRunner:methodBlock
277 org.junit.runners.BlockJUnit4ClassRunner:withBefores
278 org.junit.runners.model.TestClass:getOnlyConstructor
279 junit.framework.TestCase:setUp
280 org.junit.rules.TestName:starting
281 org.junit.experimental.theories.ParameterSupplier:getValueSources
282 org.junit.internal.runners.JUnit38ClassRunner:run
283 org.junit.internal.runners.JUnit38ClassRunner:createAdaptingListener
284 org.junit.runner.Description:childlessCopy
285 org.junit.internal.runners.ClassRoadie:addFailure
286 org.junit.internal.matchers.SubstringMatcher:describeTo
287 org.junit.internal.matchers.SubstringMatcher:relationship
288 org.junit.internal.runners.model.EachTestNotifier:fireTestFinished
289 org.junit.runner.notification.RunNotifier:fireTestStarted
290 junit.framework.TestSuite:addTestSuite
291 org.junit.experimental.theories.ParameterSignature:getAnnotations
292 org.junit.internal.TextListener:printHeader
293 junit.runner.BaseTestRunner:loadSuiteClass
294 org.junit.runners.ParentRunner:validateClassRules
295 org.junit.runners.ParentRunner:getTestClass
296 junit.framework.TestFailure:exceptionMessage
297 junit.textui.ResultPrinter:addError
298 org.junit.internal.runners.TestMethod:expectsException
299 org.junit.internal.runners.MethodRoadie:runTest
300 junit.framework.JUnit4TestAdapter:countTestCases
301 org.junit.runner.Runner:testCount
302 org.junit.internal.runners.rules.RuleFieldValidator:isTestRule
303 org.junit.runners.model.FrameworkMethod:validatePublicVoidNoArg
304 org.junit.experimental.max.MaxHistory:listener
305 org.junit.runner.Description:hashCode
306 org.junit.runners.model.FrameworkMember:getAnnotations
307 org.junit.internal.runners.JUnit4ClassRunner:testAnnotations
308 org.junit.internal.runners.ClassRoadie:runUnprotected
309 org.junit.runners.BlockJUnit4ClassRunner:validatePublicVoidNoArgMethods
310 org.junit.runners.model.FrameworkMethod:getMethod
311 org.junit.experimental.theories.internal.Assignments:getMethodArguments
312 org.junit.experimental.theories.ParameterSignature:canAcceptType
313 org.junit.runner.notification.RunNotifier:fireTestAssumptionFailed
314 org.junit.internal.runners.TestClass:getName
315 org.junit.internal.runners.JUnit4ClassRunner:testAborted
316 junit.framework.TestResult:addListener
317 org.junit.internal.runners.TestMethod:getTimeout
318 org.junit.runners.BlockJUnit4ClassRunner:validateTestMethods
319 junit.framework.TestFailure:failedTest
320 org.junit.experimental.max.MaxCore:findLeaves
321 org.junit.internal.runners.TestClass:getBefores
322 org.junit.internal.builders.AnnotatedBuilder:runnerForClass
323 org.junit.internal.builders.AnnotatedBuilder:buildRunner
324 org.junit.internal.runners.JUnit4ClassRunner:createTest
325 org.junit.internal.runners.JUnit4ClassRunner:getTestClass
326 junit.framework.TestResult:failures
327 org.junit.runners.BlockJUnit4ClassRunner:validateFields
328 org.junit.experimental.theories.Theories:methodBlock
329 org.junit.experimental.theories.Theories:computeTestMethods
330 org.junit.runners.BlockJUnit4ClassRunner:getChildren
331 org.junit.runners.BlockJUnit4ClassRunner:methodInvoker
332 junit.framework.TestSuite:addTestsFromTestCase
333 org.junit.runner.notification.Failure:toString
334 org.junit.runner.notification.Failure:getTestHeader
335 org.junit.runners.ParentRunner:collectInitializationErrors
336 org.junit.runners.ParentRunner:validatePublicVoidNoArgMethods
337 org.junit.runner.notification.RunNotifier:addFirstListener
338 junit.extensions.RepeatedTest:run
339 junit.framework.TestResult:shouldStop
340 junit.framework.TestResult:addFailure
341 org.junit.runner.Description:isTest
342 org.junit.experimental.theories.internal.Assignments:allUnassigned
343 org.junit.internal.runners.ErrorReportingRunner:getCauses
344 org.junit.runners.model.InitializationError:getCauses
345 org.junit.experimental.results.FailureList:result
346 org.junit.runner.notification.RunListener:testFailure
347 org.junit.internal.runners.InitializationError:getCauses
348 org.junit.internal.builders.AllDefaultPossibilitiesBuilder:annotatedBuilder
349 junit.textui.TestRunner:run
350 org.junit.Assert:internalArrayEquals
351 org.junit.internal.ExactComparisonCriteria:arrayEquals
352 org.junit.runners.model.MultipleFailureException:getFailures
353 org.junit.internal.runners.rules.RuleFieldValidator:validatePublic
354 org.junit.runners.model.FrameworkField:isPublic
355 org.junit.runner.notification.Failure:getMessage
356 org.junit.runners.ParentRunner:getName
357 junit.framework.JUnit4TestAdapterCache:put
358 org.junit.runners.model.FrameworkMethod:producesType
359 org.junit.internal.runners.ClassRoadie:runBefores
360 org.junit.rules.TemporaryFolder:getRoot
361 junit.framework.TestSuite:addTestMethod
362 org.junit.experimental.max.MaxHistory:getFailureTimestamp
363 junit.extensions.TestSetup:run
364 org.junit.internal.runners.JUnit4ClassRunner:wrapMethod
365 org.junit.runners.model.FrameworkMethod:isShadowedBy
366 org.junit.internal.ArrayComparisonFailure:addDimension
367 org.junit.internal.runners.rules.RuleFieldValidator:values
368 org.junit.internal.runners.rules.RuleFieldValidator[]:clone
369 junit.runner.BaseTestRunner:endTest
370 junit.runner.BaseTestRunner:testEnded
371 junit.framework.JUnit4TestAdapterCache:get
372 junit.framework.JUnit4TestAdapterCache:getNotifier
373 junit.framework.TestCase:runTest
374 junit.runner.BaseTestRunner:processArguments
375 junit.runner.BaseTestRunner:extractClassName
376 junit.framework.TestCase:toString
377 org.junit.runners.BlockJUnit4ClassRunner:hasOneConstructor
378 org.junit.internal.runners.ErrorReportingRunner:getDescription
379 org.junit.runner.Result:createListener
380 org.junit.internal.TextListener:elapsedTimeAsString
381 org.junit.runners.Suite:describeChild
382 org.junit.runners.BlockJUnit4ClassRunner:withPotentialTimeout
383 org.junit.runners.model.RunnerBuilder:removeParent
384 org.junit.runner.notification.RunNotifier:addListener
385 org.junit.experimental.results.PrintableResult:testResult
386 org.junit.internal.builders.JUnit3Builder:runnerForClass
387 org.junit.internal.builders.JUnit3Builder:isPre4Test
388 junit.framework.TestSuite:testCount
389 org.junit.runners.Parameterized:getParametersList
390 org.junit.runners.model.RunnerBuilder:addParent
391 junit.runner.BaseTestRunner:setLoading
392 org.junit.runners.model.FrameworkMethod:validatePublicVoid
393 junit.framework.JUnit4TestAdapter:isIgnored
394 org.junit.internal.runners.statements.InvokeMethod:evaluate
395 org.junit.experimental.theories.ParameterSignature:hasAnnotation
396 org.junit.runner.Request:classes
397 org.junit.runner.Computer:getSuite
398 org.junit.internal.matchers.TypeSafeMatcher:matches
399 org.junit.internal.matchers.TypeSafeMatcher:matchesSafely
400 org.junit.runners.BlockJUnit4ClassRunner:runLeaf
401 org.junit.runners.model.FrameworkMethod:validateNoTypeParametersOnArgs
402 org.junit.runners.model.NoGenericTypeParametersValidator:validate
403 org.junit.internal.runners.TestMethod:invoke
404 junit.runner.BaseTestRunner:addError
405 org.junit.runner.Result:getRunCount
406 junit.framework.ComparisonFailure:getMessage
407 junit.framework.ComparisonCompactor:compact
408 org.junit.experimental.max.MaxHistory:putTestDuration
409 org.junit.internal.ArrayComparisonFailure:toString
410 org.junit.internal.ArrayComparisonFailure:getMessage
411 junit.framework.TestResult:startTest
412 org.junit.experimental.max.MaxHistory:forFolder
413 org.junit.experimental.max.CouldNotReadCoreException:printStackTrace
414 org.junit.runner.Request:method
415 org.junit.runner.Request:filterWith
416 org.junit.internal.runners.JUnit4ClassRunner:testName
417 junit.extensions.TestDecorator:getTest
418 org.junit.internal.requests.ClassRequest:getRunner
419 org.junit.internal.builders.AllDefaultPossibilitiesBuilder:safeRunnerForClass
420 org.junit.runner.manipulation.Filter:describe
421 org.junit.experimental.theories.internal.ParameterizedAssertionError:equals
422 org.junit.experimental.theories.internal.ParameterizedAssertionError:toString
423 org.junit.internal.builders.AllDefaultPossibilitiesBuilder:suiteMethodBuilder
424 org.junit.runners.ParentRunner:validate
425 org.junit.internal.builders.AllDefaultPossibilitiesBuilder:junit3Builder
426 junit.runner.BaseTestRunner:runFailed
427 junit.textui.TestRunner:getTest
428 org.junit.internal.runners.JUnit4ClassRunner:runMethods
429 junit.framework.JUnit4TestAdapter:getTests
430 org.junit.runner.JUnitCore:runClasses
431 org.junit.runner.Computer:getRunner
432 junit.framework.JUnit4TestAdapter:getDescription
433 org.junit.runner.notification.RunNotifier:fireTestRunStarted
434 org.junit.rules.TemporaryFolder:newFile
435 org.junit.internal.runners.model.ReflectiveCallable:run
436 org.junit.internal.runners.model.ReflectiveCallable:runReflectiveCall
437 org.junit.experimental.ParallelComputer:parallelize
438 org.junit.runners.ParentRunner:setScheduler
439 org.junit.rules.TemporaryFolder:before
440 org.junit.internal.builders.AllDefaultPossibilitiesBuilder:junit4Builder
441 org.junit.experimental.theories.internal.Assignments:getConstructorParameterCount
442 junit.framework.TestSuite:createTest
443 junit.framework.TestCase:setName
444 org.junit.internal.builders.IgnoredClassRunner:getDescription
445 org.junit.experimental.categories.Categories:assertNoCategorizedDescendentsOfUncategorizeableParents
446 org.junit.rules.TemporaryFolder:after
447 org.junit.rules.TemporaryFolder:delete
448 org.junit.runner.JUnitCore:runMainAndExit
